Info: Local MPI proc number: 1,OpenMP thread number: 1,Total thread number: 1,Local thread limit: 64
Info: Local MPI proc number: 1,OpenMP thread number: 1,Total thread number: 1,Local thread limit: 64
Info: Local MPI proc number: 1,OpenMP thread number: 1,Total thread number: 1,Local thread limit: 64
Info: Local MPI proc number: 1,OpenMP thread number: 1,Total thread number: 1,Local thread limit: 64
Info: Local MPI proc number: 1,OpenMP thread number: 1,Total thread number: 1,Local thread limit: 64
Info: Local MPI proc number: 1,OpenMP thread number: 1,Total thread number: 1,Local thread limit: 64
Info: Local MPI proc number: 1,OpenMP thread number: 1,Total thread number: 1,Local thread limit: 64
Info: Local MPI proc number: 1,OpenMP thread number: 1,Total thread number: 1,Local thread limit: 64
Info: Local MPI proc number: 1,OpenMP thread number: 1,Total thread number: 1,Local thread limit: 64
Info: Local MPI proc number: 1,OpenMP thread number: 1,Total thread number: 1,Local thread limit: 64
Info: Local MPI proc number: 1,OpenMP thread number: 1,Total thread number: 1,Local thread limit: 64
Info: Local MPI proc number: 1,OpenMP thread number: 1,Total thread number: 1,Local thread limit: 64
Info: Local MPI proc number: 1,OpenMP thread number: 1,Total thread number: 1,Local thread limit: 64
Info: Local MPI proc number: 1,OpenMP thread number: 1,Total thread number: 1,Local thread limit: 64
                                                                                     
                              ABACUS v3.10.0

               Atomic-orbital Based Ab-initio Computation at UStc                    

                     Website: http://abacus.ustc.edu.cn/                             
               Documentation: https://abacus.deepmodeling.com/                       
                  Repository: https://github.com/abacusmodeling/abacus-develop       
                              https://github.com/deepmodeling/abacus-develop         
                      Commit: unknown

Info: Local MPI proc number: 1,OpenMP thread number: 1,Total thread number: 1,Local thread limit: 64
Info: Local MPI proc number: 1,OpenMP thread number: 1,Total thread number: 1,Local thread limit: 64
 Wed Dec 24 18:26:41 2025
 MAKE THE DIR         : OUT.Dos/

%%%%%%%%%%%%%%%%%%%%%%%%%%%%%%%%%%%%%%%%%%%%%%%%%%%%%%%%%%
%%%%%% WARNING  WARNING  WARNING  WARNING  WARNING  %%%%%%
%%%%%%%%%%%%%%%%%%%%%%%%%%%%%%%%%%%%%%%%%%%%%%%%%%%%%%%%%%
!!! WARNING: Some atoms are too close!!!
!!! Please check the nearest-neighbor list in log file.
%%%%%%%%%%%%%%%%%%%%%%%%%%%%%%%%%%%%%%%%%%%%%%%%%%%%%%%%%%
%%%%%% WARNING  WARNING  WARNING  WARNING  WARNING  %%%%%%
%%%%%%%%%%%%%%%%%%%%%%%%%%%%%%%%%%%%%%%%%%%%%%%%%%%%%%%%%%

%%%%%%%%%%%%%%%%%%%%%%%%%%%%%%%%%%%%%%%%%%%%%%%%%%%%%%%%%%
%%%%%% WARNING  WARNING  WARNING  WARNING  WARNING  %%%%%%
%%%%%%%%%%%%%%%%%%%%%%%%%%%%%%%%%%%%%%%%%%%%%%%%%%%%%%%%%%
!!! WARNING: Some atoms are too close!!!
!!! Please check the nearest-neighbor list in log file.
%%%%%%%%%%%%%%%%%%%%%%%%%%%%%%%%%%%%%%%%%%%%%%%%%%%%%%%%%%
%%%%%% WARNING  WARNING  WARNING  WARNING  WARNING  %%%%%%
%%%%%%%%%%%%%%%%%%%%%%%%%%%%%%%%%%%%%%%%%%%%%%%%%%%%%%%%%%

%%%%%%%%%%%%%%%%%%%%%%%%%%%%%%%%%%%%%%%%%%%%%%%%%%%%%%%%%%
%%%%%% WARNING  WARNING  WARNING  WARNING  WARNING  %%%%%%
%%%%%%%%%%%%%%%%%%%%%%%%%%%%%%%%%%%%%%%%%%%%%%%%%%%%%%%%%%
!!! WARNING: Some atoms are too close!!!
!!! Please check the nearest-neighbor list in log file.
%%%%%%%%%%%%%%%%%%%%%%%%%%%%%%%%%%%%%%%%%%%%%%%%%%%%%%%%%%
%%%%%% WARNING  WARNING  WARNING  WARNING  WARNING  %%%%%%
%%%%%%%%%%%%%%%%%%%%%%%%%%%%%%%%%%%%%%%%%%%%%%%%%%%%%%%%%%

 RUNNING WITH DEVICE  : CPU / Intel(R) Xeon(R) Platinum 8358P CPU @ 2.60GHz

%%%%%%%%%%%%%%%%%%%%%%%%%%%%%%%%%%%%%%%%%%%%%%%%%%%%%%%%%%%%%%%%%%%%%%%%%%%%%%%%%%%%%%%%%%%%%%%%%%%%%%%%%
 Warning: the number of valence electrons in pseudopotential > 1 for Li: [He] 2s1
 Pseudopotentials with additional electrons can yield (more) accurate outcomes, but may be less efficient.
 If you're confident that your chosen pseudopotential is appropriate, you can safely ignore this warning.
%%%%%%%%%%%%%%%%%%%%%%%%%%%%%%%%%%%%%%%%%%%%%%%%%%%%%%%%%%%%%%%%%%%%%%%%%%%%%%%%%%%%%%%%%%%%%%%%%%%%%%%%%

 UNIFORM GRID DIM        : 20 * 20 * 20
 UNIFORM GRID DIM(BIG)   : 10 * 10 * 10
 DONE(0.678394   SEC) : SETUP UNITCELL
 DONE(0.715961   SEC) : INIT K-POINTS
 ---------------------------------------------------------
 ---------------------------------------------------------
 SPIN    KPOINTS         PROCESSORS  THREADS     NBASE       
 2       28              16          16          46          
 ---------------------------------------------------------
 Use Systematically Improvable Atomic bases
 ---------------------------------------------------------
 ELEMENT ORBITALS        NBASE       NATOM       XC          
 Li      4s1p-9au        7           1           
 O       2s2p1d-7au      13          3           
 ---------------------------------------------------------
 Initial plane wave basis and FFT box
 ---------------------------------------------------------
 DONE(0.716903   SEC) : INIT PLANEWAVE
 DONE(0.865197   SEC) : LOCAL POTENTIAL
 -------------------------------------------
 NONSELF-CONSISTENT : 
 -------------------------------------------
 START CHARGE      : file
 DONE(2.03923    SEC) : INIT SCF
 ITER      TMAG       AMAG        ETOT/eV          EDIFF/eV         DRHO     TIME/s
 GE1      2.62e-01   2.62e-01  -1.28742836e+03   0.00000000e+00   0.0000e+00   8.12
TIME STATISTICS
----------------------------------------------------------------------------------
   CLASS_NAME                   NAME                TIME/s  CALLS   AVG/s  PER/%  
----------------------------------------------------------------------------------
                 total                              23.37  11       2.12   100.00 
 Driver          reading                            0.32   1        0.32   1.37   
 Input_Conv      Convert                            0.00   1        0.00   0.01   
 Driver          driver_line                        23.05  1        23.05  98.63  
 UnitCell        check_tau                          0.00   1        0.00   0.00   
 ESolver_KS_LCAO before_all_runners                 0.42   1        0.42   1.79   
 PW_Basis_Sup    setuptransform                     0.14   1        0.14   0.60   
 PW_Basis_Sup    distributeg                        0.00   1        0.00   0.00   
 mymath          heapsort                           0.00   6        0.00   0.00   
 Charge_Mixing   init_mixing                        0.00   1        0.00   0.00   
 PW_Basis_K      setuptransform                     0.00   1        0.00   0.00   
 PW_Basis_K      distributeg                        0.00   1        0.00   0.00   
 PW_Basis        setup_struc_factor                 0.00   1        0.00   0.02   
 NOrbital_Lm     extra_uniform                      0.01   10       0.00   0.02   
 Mathzone_Add1   SplineD2                           0.00   10       0.00   0.00   
 Mathzone_Add1   Cubic_Spline_Interpolation         0.00   10       0.00   0.01   
 ppcell_vl       init_vloc                          0.00   1        0.00   0.02   
 Ions            opt_ions                           9.30   1        9.30   39.78  
 ESolver_KS_LCAO runner                             9.30   1        9.30   39.78  
 ESolver_KS_LCAO before_scf                         1.17   1        1.17   5.02   
 atom_arrange    search                             0.00   1        0.00   0.00   
 atom_arrange    grid_d.init                        0.00   1        0.00   0.00   
 Grid            Construct_Adjacent_expand          0.00   1        0.00   0.00   
 Grid            Construct_Adjacent_expand_periodic 0.00   4        0.00   0.00   
 Grid_Technique  init                               0.09   1        0.09   0.39   
 Grid_BigCell    grid_expansion_index               0.01   2        0.00   0.03   
 Grid_Driver     Find_atom                          0.00   28       0.00   0.01   
 Record_adj      for_2d                             0.60   1        0.60   2.55   
 LCAO_domain     grid_prepare                       0.00   1        0.00   0.00   
 Veff            initialize_HR                      0.00   1        0.00   0.02   
 OverlapNew      initialize_SR                      0.00   1        0.00   0.02   
 EkineticNew     initialize_HR                      0.03   1        0.03   0.12   
 NonlocalNew     initialize_HR                      0.31   1        0.31   1.34   
 Charge          set_rho_core                       0.00   1        0.00   0.00   
 ModuleIO        read_rhog                          0.00   1        0.00   0.00   
 Potential       init_pot                           0.10   1        0.10   0.44   
 Potential       update_from_charge                 0.10   2        0.05   0.44   
 Potential       cal_fixed_v                        0.03   1        0.03   0.12   
 PotLocal        cal_fixed_v                        0.03   1        0.03   0.12   
 PW_Basis_Sup    recip2real                         0.03   21       0.00   0.13   
 PW_Basis_Sup    gathers_scatterp                   0.03   21       0.00   0.11   
 Potential       cal_v_eff                          0.08   2        0.04   0.32   
 H_Hartree_pw    v_hartree                          0.00   2        0.00   0.01   
 PW_Basis_Sup    real2recip                         0.00   22       0.00   0.01   
 PW_Basis_Sup    gatherp_scatters                   0.00   22       0.00   0.01   
 PotXC           cal_v_eff                          0.07   2        0.04   0.31   
 XC_Functional   v_xc                               0.07   2        0.04   0.31   
 Potential       interpolate_vrs                    0.00   2        0.00   0.00   
 H_Ewald_pw      compute_ewald                      0.00   1        0.00   0.01   
 HSolverLCAO     solve                              8.10   1        8.10   34.68  
 HamiltLCAO      updateHk                           7.68   28       0.27   32.84  
 OperatorLCAO    init                               7.64   84       0.09   32.69  
 Veff            contributeHR                       7.12   2        3.56   30.47  
 Gint_interface  cal_gint                           6.77   2        3.39   28.97  
 Gint_interface  cal_gint_vlocal                    6.77   2        3.38   28.97  
 Gint_Tools      cal_psir_ylm                       0.14   200      0.00   0.62   
 Gint_k          transfer_pvpR                      0.35   2        0.18   1.50   
 OverlapNew      calculate_SR                       0.03   1        0.03   0.12   
 OverlapNew      contributeHk                       0.01   28       0.00   0.03   
 EkineticNew     contributeHR                       0.03   2        0.02   0.14   
 EkineticNew     calculate_HR                       0.03   1        0.03   0.14   
 NonlocalNew     contributeHR                       0.47   2        0.24   2.03   
 NonlocalNew     calculate_HR                       0.46   1        0.46   1.98   
 OperatorLCAO    contributeHk                       0.01   28       0.00   0.05   
 HSolverLCAO     hamiltSolvePsiK                    0.38   28       0.01   1.64   
 DiagoElpa       elpa_solve                         0.27   28       0.01   1.15   
 elecstate       cal_dm                             0.00   1        0.00   0.02   
 psiMulPsiMpi    pdgemm                             0.00   28       0.00   0.02   
 DensityMatrix   cal_DMR                            0.04   1        0.04   0.18   
 Charge_Mixing   get_drho                           0.00   1        0.00   0.00   
 ModuleIO        write_rhog                         0.00   1        0.00   0.02   
 ESolver_KS_LCAO after_scf                          0.00   1        0.00   0.01   
 Charge          atomic_rho                         0.00   1        0.00   0.00   
 ESolver_KS_LCAO after_all_runners                  13.20  1        13.20  56.49  
----------------------------------------------------------------------------------


 START  Time  : Wed Dec 24 18:26:41 2025
 FINISH Time  : Wed Dec 24 18:27:04 2025
 TOTAL  Time  : 23
 SEE INFORMATION IN : OUT.Dos/
[WARNING] yaksa: 2 leaked handle pool objects
[WARNING] yaksa: 2 leaked handle pool objects
[WARNING] yaksa: 2 leaked handle pool objects
[WARNING] yaksa: 2 leaked handle pool objects
[WARNING] yaksa: 2 leaked handle pool objects
[WARNING] yaksa: 2 leaked handle pool objects
[WARNING] yaksa: 2 leaked handle pool objects
[WARNING] yaksa: 2 leaked handle pool objects
[WARNING] yaksa: 2 leaked handle pool objects
[WARNING] yaksa: 2 leaked handle pool objects
[WARNING] yaksa: 2 leaked handle pool objects
[WARNING] yaksa: 2 leaked handle pool objects
[WARNING] yaksa: 2 leaked handle pool objects
[WARNING] yaksa: 2 leaked handle pool objects
[WARNING] yaksa: 2 leaked handle pool objects
[WARNING] yaksa: 2 leaked handle pool objects
