                                                                                     
                              ABACUS v3.10.0

               Atomic-orbital Based Ab-initio Computation at UStc                    

                     Website: http://abacus.ustc.edu.cn/                             
               Documentation: https://abacus.deepmodeling.com/                       
                  Repository: https://github.com/abacusmodeling/abacus-develop       
                              https://github.com/deepmodeling/abacus-develop         
                      Commit: unknown

    Start Time is Wed Dec 24 18:26:41 2025
                                                                                     
 ------------------------------------------------------------------------------------

 READING GENERAL INFORMATION
                           global_out_dir = OUT.Dos/
                           global_in_card = INPUT
                               pseudo_dir = /XYFS01/nscc-gz_pinchen_1/sf_box/abacus-develop-LTSv3.10.0/PotSG15/
                              orbital_dir = /XYFS01/nscc-gz_pinchen_1/sf_box/abacus-develop-LTSv3.10.0/OrbSG15std/
                                    DRANK = 1
                                    DSIZE = 16
                                   DCOLOR = 1
                                    GRANK = 1
                                    GSIZE = 1




 >>>>>>>>>>>>>>>>>>>>>>>>>>>>>>>>>>>>>>>>>>>>>>>>>>>>>>>>>>>>>>>>>>>>>>
 |                                                                    |
 | Reading atom information in unitcell:                              |
 | From the input file and the structure file we know the number of   |
 | different elments in this unitcell, then we list the detail        |
 | information for each element, especially the zeta and polar atomic |
 | orbital number for each element. The total atom number is counted. |
 | We calculate the nearest atom distance for each atom and show the  |
 | Cartesian and Direct coordinates for each atom. We list the file   |
 | address for atomic orbitals. The volume and the lattice vectors    |
 | in real and reciprocal space is also shown.                        |
 |                                                                    |
 <<<<<<<<<<<<<<<<<<<<<<<<<<<<<<<<<<<<<<<<<<<<<<<<<<<<<<<<<<<<<<<<<<<<<<




 READING UNITCELL INFORMATION
                                    ntype = 2
                  lattice constant (Bohr) = 1
              lattice constant (Angstrom) = 0.529177

 READING ATOM TYPE 1
                               atom label = Li
                      L=0, number of zeta = 4
                      L=1, number of zeta = 1
             number of atom for this type = 1
               magnetization of element 1 = 1

 READING ATOM TYPE 2
                               atom label = O
                      L=0, number of zeta = 2
                      L=1, number of zeta = 2
                      L=2, number of zeta = 1
             number of atom for this type = 3
               magnetization of element 2 = 1

                        TOTAL ATOM NUMBER = 4
DIRECT COORDINATES
    atom                   x                   y                   z     mag                  vx                  vy                  vz
taud_Li1            0.0000000000        0.0000000000        0.0000000000  1.0000        0.0000000000        0.0000000000        0.0000000000
taud_O1            0.5000000000        0.5000000000        0.0000000000  1.0000        0.0000000000        0.0000000000        0.0000000000
taud_O2            0.5000000000        0.0000000000        0.5000000000  1.0000        0.0000000000        0.0000000000        0.0000000000
taud_O3            0.0000000000        0.5000000000        0.5000000000  1.0000        0.0000000000        0.0000000000        0.0000000000



                          Volume (Bohr^3) = 29.4736
                             Volume (A^3) = 4.36753

 Lattice vectors: (Cartesian coordinate: in unit of a_0)
             +3.08895                  +0                  +0
                   -0            +3.08895                  +0
                   +0                  +0            +3.08895
 Reciprocal vectors: (Cartesian coordinate: in unit of 2 pi/a_0)
            +0.323735                  +0                  -0
                   -0           +0.323735                  -0
                   +0                  -0           +0.323735

%%%%%%%%%%%%%%%%%%%%%%%%%%%%%%%%%%%%%%%%%%%%%%%%%%%%%%%%%%
%%%%%% WARNING  WARNING  WARNING  WARNING  WARNING  %%%%%%
%%%%%%%%%%%%%%%%%%%%%%%%%%%%%%%%%%%%%%%%%%%%%%%%%%%%%%%%%%
!!! WARNING: Some atoms are too close!!!
!!! Please check the nearest-neighbor list in log file.
%%%%%%%%%%%%%%%%%%%%%%%%%%%%%%%%%%%%%%%%%%%%%%%%%%%%%%%%%%
%%%%%% WARNING  WARNING  WARNING  WARNING  WARNING  %%%%%%
%%%%%%%%%%%%%%%%%%%%%%%%%%%%%%%%%%%%%%%%%%%%%%%%%%%%%%%%%%

%%%%%%%%%%%%%%%%%%%%%%%%%%%%%%%%%%%%%%%%%%%%%%%%%%%%%%%%%%
%%%%%% WARNING  WARNING  WARNING  WARNING  WARNING  %%%%%%
%%%%%%%%%%%%%%%%%%%%%%%%%%%%%%%%%%%%%%%%%%%%%%%%%%%%%%%%%%
!!! WARNING: Some atoms are too close!!!
!!! Please check the nearest-neighbor list in log file.
%%%%%%%%%%%%%%%%%%%%%%%%%%%%%%%%%%%%%%%%%%%%%%%%%%%%%%%%%%
%%%%%% WARNING  WARNING  WARNING  WARNING  WARNING  %%%%%%
%%%%%%%%%%%%%%%%%%%%%%%%%%%%%%%%%%%%%%%%%%%%%%%%%%%%%%%%%%

%%%%%%%%%%%%%%%%%%%%%%%%%%%%%%%%%%%%%%%%%%%%%%%%%%%%%%%%%%
%%%%%% WARNING  WARNING  WARNING  WARNING  WARNING  %%%%%%
%%%%%%%%%%%%%%%%%%%%%%%%%%%%%%%%%%%%%%%%%%%%%%%%%%%%%%%%%%
!!! WARNING: Some atoms are too close!!!
!!! Please check the nearest-neighbor list in log file.
%%%%%%%%%%%%%%%%%%%%%%%%%%%%%%%%%%%%%%%%%%%%%%%%%%%%%%%%%%
%%%%%% WARNING  WARNING  WARNING  WARNING  WARNING  %%%%%%
%%%%%%%%%%%%%%%%%%%%%%%%%%%%%%%%%%%%%%%%%%%%%%%%%%%%%%%%%%
  1-th  Li,   1-th   O (cell:-1 -1  0), distance= 2.184 Bohr (1.156 Angstrom)
  1-th  Li,   1-th   O (cell:-1  0  0), distance= 2.184 Bohr (1.156 Angstrom)
  1-th  Li,   1-th   O (cell: 0 -1  0), distance= 2.184 Bohr (1.156 Angstrom)
  1-th  Li,   1-th   O (cell: 0  0  0), distance= 2.184 Bohr (1.156 Angstrom)
  1-th  Li,   2-th   O (cell:-1  0 -1), distance= 2.184 Bohr (1.156 Angstrom)
  1-th  Li,   2-th   O (cell:-1  0  0), distance= 2.184 Bohr (1.156 Angstrom)
  1-th  Li,   2-th   O (cell: 0  0 -1), distance= 2.184 Bohr (1.156 Angstrom)
  1-th  Li,   2-th   O (cell: 0  0  0), distance= 2.184 Bohr (1.156 Angstrom)
  1-th  Li,   3-th   O (cell: 0 -1 -1), distance= 2.184 Bohr (1.156 Angstrom)
  1-th  Li,   3-th   O (cell: 0 -1  0), distance= 2.184 Bohr (1.156 Angstrom)
  1-th  Li,   3-th   O (cell: 0  0 -1), distance= 2.184 Bohr (1.156 Angstrom)
  1-th  Li,   3-th   O (cell: 0  0  0), distance= 2.184 Bohr (1.156 Angstrom)
 The esolver type has been set to : ksdft_lcao

 RUNNING WITH DEVICE  : CPU / Intel(R) Xeon(R) Platinum 8358P CPU @ 2.60GHz




 >>>>>>>>>>>>>>>>>>>>>>>>>>>>>>>>>>>>>>>>>>>>>>>>>>>>>>>>>>>>>>>>>>>>>>
 |                                                                    |
 | Reading pseudopotentials files:                                    |
 | The pseudopotential file is in UPF format. The 'NC' indicates that |
 | the type of pseudopotential is 'norm conserving'. Functional of    |
 | exchange and correlation is decided by 4 given parameters in UPF   |
 | file.  We also read in the 'core correction' if there exists.      |
 | Also we can read the valence electrons number and the maximal      |
 | angular momentum used in this pseudopotential. We also read in the |
 | trail wave function, trail atomic density and local-pseudopotential|
 | on logrithmic grid. The non-local pseudopotential projector is also|
 | read in if there is any.                                           |
 |                                                                    |
 <<<<<<<<<<<<<<<<<<<<<<<<<<<<<<<<<<<<<<<<<<<<<<<<<<<<<<<<<<<<<<<<<<<<<<




                PAO radial cut off (Bohr) = 15

 Read in pseudopotential file is Li_ONCV_PBE-1.0.upf
                     pseudopotential type = NC
          exchange-correlation functional = PBE
                 nonlocal core correction = 0
                        valence electrons = 3
                                     lmax = 1
                           number of zeta = 0
                     number of projectors = 4
                           L of projector = 0
                           L of projector = 0
                           L of projector = 1
                           L of projector = 1
                PAO radial cut off (Bohr) = 15

 Read in pseudopotential file is O_ONCV_PBE-1.0.upf
                     pseudopotential type = NC
          exchange-correlation functional = PBE
                 nonlocal core correction = 0
                        valence electrons = 6
                                     lmax = 1
                           number of zeta = 0
                     number of projectors = 4
                           L of projector = 0
                           L of projector = 0
                           L of projector = 1
                           L of projector = 1
     initial pseudo atomic orbital number = 0
 The readin total magnetization is 4

 SETUP THE ELECTRONS NUMBER
            electron number of element Li = 3
      total electron number of element Li = 3
             electron number of element O = 6
       total electron number of element O = 18
            AUTOSET number of electrons:  = 21
                           occupied bands = 11
                                   NLOCAL = 46
                                   NBANDS = 25
                                   NBANDS = 25
                                   NLOCAL = 46

%%%%%%%%%%%%%%%%%%%%%%%%%%%%%%%%%%%%%%%%%%%%%%%%%%%%%%%%%%%%%%%%%%%%%%%%%%%%%%%%%%%%%%%%%%%%%%%%%%%%%%%%%%
 Warning: the number of valence electrons in pseudopotential > 1 for Li: [He] 2s1
 Pseudopotentials with additional electrons can yield (more) accurate outcomes, but may be less efficient.
 If you're confident that your chosen pseudopotential is appropriate, you can safely ignore this warning.
%%%%%%%%%%%%%%%%%%%%%%%%%%%%%%%%%%%%%%%%%%%%%%%%%%%%%%%%%%%%%%%%%%%%%%%%%%%%%%%%%%%%%%%%%%%%%%%%%%%%%%%%%%
                  




 >>>>>>>>>>>>>>>>>>>>>>>>>>>>>>>>>>>>>>>>>>>>>>>>>>>>>>>>>>>>>>>>>>>>>>
 |                                                                    |
 | Setup plane waves of charge/potential:                             |
 | Use the energy cutoff and the lattice vectors to generate the      |
 | dimensions of FFT grid. The number of FFT grid on each processor   |
 | is 'nrxx'. The number of plane wave basis in reciprocal space is   |
 | different for charege/potential and wave functions. We also set    |
 | the 'sticks' for the parallel of FFT. The number of plane waves    |
 | is 'npw' in each processor.                                        |
 <<<<<<<<<<<<<<<<<<<<<<<<<<<<<<<<<<<<<<<<<<<<<<<<<<<<<<<<<<<<<<<<<<<<<<





 SETUP THE PLANE WAVE BASIS
 energy cutoff for charge/potential (unit:Ry) = 400
            fft grid for charge/potential = [ 20, 20, 20 ]
                        fft grid division = [ 2, 2, 2 ]
        big fft grid for charge/potential = [ 10, 10, 10 ]
                                     nbxx = 100
                                     nrxx = 800

 SETUP PLANE WAVES FOR CHARGE/POTENTIAL
                    number of plane waves = 3911
                         number of sticks = 293

 PARALLEL PW FOR CHARGE/POTENTIAL
     PROC   COLUMNS(POT)             PW
        1             18            244
        2             18            244
        3             18            244
        4             18            244
        5             18            244
        6             18            244
        7             18            244
        8             19            247
        9             19            247
       10             19            247
       11             19            247
       12             19            247
       13             18            242
       14             18            242
       15             18            242
       16             18            242
 --------------- sum -------------------
       16            293           3911
                            number of |g| = 57
                                  max |g| = 9.85158
                                  min |g| = 0.209608
 DONE : SETUP UNITCELL Time : 0.678367 (SEC)


----------- Double Check Mixing Parameters Begin ------------
mixing_type: broyden
mixing_beta: 0.4
mixing_gg0: 1
mixing_gg0_min: 0.1
mixing_beta_mag: 1.6
mixing_gg0_mag: 0
mixing_ndim: 8
----------- Double Check Mixing Parameters End ------------




 >>>>>>>>>>>>>>>>>>>>>>>>>>>>>>>>>>>>>>>>>>>>>>>>>>>>>>>>>>>>>>>>>>>>>>
 |                                                                    |
 | Setup K-points                                                     |
 | We setup the k-points according to input parameters.               |
 | The reduced k-points are set according to symmetry operations.     |
 | We treat the spin as another set of k-points.                      |
 |                                                                    |
 <<<<<<<<<<<<<<<<<<<<<<<<<<<<<<<<<<<<<<<<<<<<<<<<<<<<<<<<<<<<<<<<<<<<<<





 SETUP K-POINTS
                                    nspin = 2
                   Input type of k points = Monkhorst-Pack(Gamma)
                                   nkstot = 27
                               nkstot_ibz = 14
K-POINTS REDUCTION ACCORDING TO SYMMETRY
     IBZ    DIRECT_X    DIRECT_Y    DIRECT_Z  WEIGHT  ibz2bz
       1  0.00000000  0.00000000  0.00000000  0.0370       0
       2  0.33333333  0.00000000  0.00000000  0.0741       1
       3  0.00000000  0.33333333  0.00000000  0.0741       3
       4  0.33333333  0.33333333  0.00000000  0.0741       4
       5 -0.33333333  0.33333333  0.00000000  0.0741       5
       6  0.00000000  0.00000000  0.33333333  0.0741       9
       7  0.33333333  0.00000000  0.33333333  0.0741      10
       8 -0.33333333  0.00000000  0.33333333  0.0741      11
       9  0.00000000  0.33333333  0.33333333  0.0741      12
      10  0.33333333  0.33333333  0.33333333  0.0741      13
      11 -0.33333333  0.33333333  0.33333333  0.0741      14
      12  0.00000000 -0.33333333  0.33333333  0.0741      15
      13  0.33333333 -0.33333333  0.33333333  0.0741      16
      14  0.33333333  0.33333333 -0.33333333  0.0741      17

                               nkstot now = 14
K-POINTS DIRECT COORDINATES
 KPOINTS    DIRECT_X    DIRECT_Y    DIRECT_Z  WEIGHT
       1  0.00000000  0.00000000  0.00000000  0.0370
       2  0.33333333  0.00000000  0.00000000  0.0741
       3  0.00000000  0.33333333  0.00000000  0.0741
       4  0.33333333  0.33333333  0.00000000  0.0741
       5 -0.33333333  0.33333333  0.00000000  0.0741
       6  0.00000000  0.00000000  0.33333333  0.0741
       7  0.33333333  0.00000000  0.33333333  0.0741
       8 -0.33333333  0.00000000  0.33333333  0.0741
       9  0.00000000  0.33333333  0.33333333  0.0741
      10  0.33333333  0.33333333  0.33333333  0.0741
      11 -0.33333333  0.33333333  0.33333333  0.0741
      12  0.00000000 -0.33333333  0.33333333  0.0741
      13  0.33333333 -0.33333333  0.33333333  0.0741
      14  0.33333333  0.33333333 -0.33333333  0.0741


           k-point number in this process = 14
       minimum distributed K point number = 14
                             nks(nspin=2) = 28
                          nkstot(nspin=2) = 28

K-POINTS CARTESIAN COORDINATES
 KPOINTS CARTESIAN_X CARTESIAN_Y CARTESIAN_Z  WEIGHT
       1  0.00000000  0.00000000  0.00000000  0.0370
       2  0.10791153  0.00000000  0.00000000  0.0741
       3  0.00000000  0.10791153  0.00000000  0.0741
       4  0.10791153  0.10791153  0.00000000  0.0741
       5 -0.10791153  0.10791153  0.00000000  0.0741
       6  0.00000000  0.00000000  0.10791153  0.0741
       7  0.10791153  0.00000000  0.10791153  0.0741
       8 -0.10791153  0.00000000  0.10791153  0.0741
       9  0.00000000  0.10791153  0.10791153  0.0741
      10  0.10791153  0.10791153  0.10791153  0.0741
      11 -0.10791153  0.10791153  0.10791153  0.0741
      12  0.00000000 -0.10791153  0.10791153  0.0741
      13  0.10791153 -0.10791153  0.10791153  0.0741
      14  0.10791153  0.10791153 -0.10791153  0.0741
      15  0.00000000  0.00000000  0.00000000  0.0370
      16  0.10791153  0.00000000  0.00000000  0.0741
      17  0.00000000  0.10791153  0.00000000  0.0741
      18  0.10791153  0.10791153  0.00000000  0.0741
      19 -0.10791153  0.10791153  0.00000000  0.0741
      20  0.00000000  0.00000000  0.10791153  0.0741
      21  0.10791153  0.00000000  0.10791153  0.0741
      22 -0.10791153  0.00000000  0.10791153  0.0741
      23  0.00000000  0.10791153  0.10791153  0.0741
      24  0.10791153  0.10791153  0.10791153  0.0741
      25 -0.10791153  0.10791153  0.10791153  0.0741
      26  0.00000000 -0.10791153  0.10791153  0.0741
      27  0.10791153 -0.10791153  0.10791153  0.0741
      28  0.10791153  0.10791153 -0.10791153  0.0741


K-POINTS DIRECT COORDINATES
 KPOINTS    DIRECT_X    DIRECT_Y    DIRECT_Z  WEIGHT
       1  0.00000000  0.00000000  0.00000000  0.0370
       2  0.33333333  0.00000000  0.00000000  0.0741
       3  0.00000000  0.33333333  0.00000000  0.0741
       4  0.33333333  0.33333333  0.00000000  0.0741
       5 -0.33333333  0.33333333  0.00000000  0.0741
       6  0.00000000  0.00000000  0.33333333  0.0741
       7  0.33333333  0.00000000  0.33333333  0.0741
       8 -0.33333333  0.00000000  0.33333333  0.0741
       9  0.00000000  0.33333333  0.33333333  0.0741
      10  0.33333333  0.33333333  0.33333333  0.0741
      11 -0.33333333  0.33333333  0.33333333  0.0741
      12  0.00000000 -0.33333333  0.33333333  0.0741
      13  0.33333333 -0.33333333  0.33333333  0.0741
      14  0.33333333  0.33333333 -0.33333333  0.0741
      15  0.00000000  0.00000000  0.00000000  0.0370
      16  0.33333333  0.00000000  0.00000000  0.0741
      17  0.00000000  0.33333333  0.00000000  0.0741
      18  0.33333333  0.33333333  0.00000000  0.0741
      19 -0.33333333  0.33333333  0.00000000  0.0741
      20  0.00000000  0.00000000  0.33333333  0.0741
      21  0.33333333  0.00000000  0.33333333  0.0741
      22 -0.33333333  0.00000000  0.33333333  0.0741
      23  0.00000000  0.33333333  0.33333333  0.0741
      24  0.33333333  0.33333333  0.33333333  0.0741
      25 -0.33333333  0.33333333  0.33333333  0.0741
      26  0.00000000 -0.33333333  0.33333333  0.0741
      27  0.33333333 -0.33333333  0.33333333  0.0741
      28  0.33333333  0.33333333 -0.33333333  0.0741

 DONE : INIT K-POINTS Time : 0.715952 (SEC)





 >>>>>>>>>>>>>>>>>>>>>>>>>>>>>>>>>>>>>>>>>>>>>>>>>>>>>>>>>>>>>>>>>>>>>>
 |                                                                    |
 | Setup plane waves of wave functions:                               |
 | Use the energy cutoff and the lattice vectors to generate the      |
 | dimensions of FFT grid. The number of FFT grid on each processor   |
 | is 'nrxx'. The number of plane wave basis in reciprocal space is   |
 | different for charege/potential and wave functions. We also set    |
 | the 'sticks' for the parallel of FFT. The number of plane wave of  |
 | each k-point is 'npwk[ik]' in each processor                       |
 <<<<<<<<<<<<<<<<<<<<<<<<<<<<<<<<<<<<<<<<<<<<<<<<<<<<<<<<<<<<<<<<<<<<<<





 SETUP PLANE WAVES FOR WAVE FUNCTIONS
     energy cutoff for wavefunc (unit:Ry) = 100
              fft grid for wave functions = [ 20, 20, 20 ]
                    number of plane waves = 739
                         number of sticks = 97

 PARALLEL PW FOR WAVE FUNCTIONS
     PROC   COLUMNS(POT)             PW
        1              6             46
        2              6             46
        3              6             46
        4              6             46
        5              6             46
        6              6             46
        7              7             49
        8              6             46
        9              6             46
       10              6             46
       11              6             46
       12              6             46
       13              6             46
       14              6             46
       15              6             46
       16              6             46
 --------------- sum -------------------
       16             97            739
 DONE : INIT PLANEWAVE Time : 0.716896 (SEC)

 SET NONLOCAL PSEUDOPOTENTIAL PROJECTORS
 SET NONLOCAL PSEUDOPOTENTIAL PROJECTORS
 max number of nonlocal projetors among all species is 4
 DONE : LOCAL POTENTIAL Time : 0.865176 (SEC)


 -------------------------------------------
 NONSELF-CONSISTENT
 -------------------------------------------




 >>>>>>>>>>>>>>>>>>>>>>>>>>>>>>>>>>>>>>>>>>>>>>>>>>>>>>>>>>>>>>>>>>>>>>
 |                                                                    |
 | Search adjacent atoms:                                             |
 | Set the adjacent atoms for each atom and set the periodic boundary |
 | condition for the atoms on real space FFT grid. For k-dependent    |
 | algorithm, we also need to set the sparse H and S matrix element   |
 | for each atom.                                                     |
 |                                                                    |
 <<<<<<<<<<<<<<<<<<<<<<<<<<<<<<<<<<<<<<<<<<<<<<<<<<<<<<<<<<<<<<<<<<<<<<





 SETUP SEARCHING RADIUS FOR PROGRAM TO SEARCH ADJACENT ATOMS
                  longest orb rcut (Bohr) = 9
   longest nonlocal projector rcut (Bohr) = 1.78
                     search radius (Bohr) = 21.6
              searching radius is (Bohr)) = 21.6
         searching radius unit is (Bohr)) = 1
                         PeriodicBoundary = 1
                        Radius(unit:lat0) = 21.6
                                   glayer = [ 8, 8, 8 ]
                             glayer_minus = [ 7, 7, 7 ]

Find the coordinate range of the input atom(unit:lat0).
                                  min_tau = [ -21.6, -21.6, -21.6 ]
                                  max_tau = [ 23.2, 23.2, 23.2 ]
                                BoxNumber = [ 15, 15, 15 ]

 SETUP EXTENDED REAL SPACE GRID FOR GRID INTEGRATION
                          real space grid = [ 20, 20, 20 ]
                 big cell numbers in grid = [ 10, 10, 10 ]
             meshcell numbers in big cell = [ 2, 2, 2 ]
                        extended fft grid = [ 30, 30, 30 ]
                dimension of extened grid = [ 71, 71, 71 ]
                            UnitCellTotal = 512
              Atom number in sub-FFT-grid = 4
    Local orbitals number in sub-FFT-grid = 46
                                ParaV.nnr = 106266

 Warning_Memory_Consuming allocated:  Gint::hRGint 7.38 MB

 Warning_Memory_Consuming allocated:  Gint::DMRGint 14.8 MB
                                 init_chg = file
 try to read charge from file
 Find the file OUT.Dos//SPIN1_CHG.cube , try to read it.
 Read in the charge density: OUT.Dos//SPIN1_CHG.cube
 Find the file OUT.Dos//SPIN2_CHG.cube , try to read it.
 Read in the charge density: OUT.Dos//SPIN2_CHG.cube
 DONE : INIT SCF Time : 2.03922 (SEC)


 LCAO ALGORITHM --------------- ION=   1  ELEC=   1--------------------------------
 Energy (eV) & Occupations  for spin=1 K-point=1
      1       -10.5131      0.0370370
      2        20.8834      0.0370370
      3        34.5306      0.0370370
      4        34.5306      0.0370370
      5        34.5306      0.0370370
      6        57.2067      0.0370370
      7        57.2067      0.0370370
      8        70.4900      0.0370370
      9        70.4900      0.0370370
     10        70.4900      0.0370370
     11        83.6478        0.00000
     12        83.6478        0.00000
     13        83.6478        0.00000
     14        85.6953        0.00000
     15        109.452        0.00000
     16        109.452        0.00000
     17        109.452        0.00000
     18        124.540        0.00000
     19        124.540        0.00000
     20        156.933        0.00000
     21        156.933        0.00000
     22        156.933        0.00000
     23        165.980        0.00000
     24        165.980        0.00000
     25        165.980        0.00000
 Energy (eV) & Occupations  for spin=1 K-point=2
      1       -7.21712      0.0740741
      2        12.6362      0.0740741
      3        32.3381      0.0740741
      4        39.6384      0.0740741
      5        39.6384      0.0740741
      6        55.6795      0.0740741
      7        58.4554      0.0740741
      8        58.4554      0.0740741
      9        62.2620      0.0740741
     10        70.8149      0.0740741
     11        80.8133      0.0605199
     12        80.8133      0.0605199
     13        83.8116        0.00000
     14        99.9287        0.00000
     15        115.791        0.00000
     16        119.218        0.00000
     17        119.218        0.00000
     18        122.859        0.00000
     19        135.210        0.00000
     20        142.051        0.00000
     21        148.234        0.00000
     22        152.729        0.00000
     23        152.729        0.00000
     24        177.344        0.00000
     25        188.026        0.00000
 Energy (eV) & Occupations  for spin=1 K-point=3
      1       -7.21712      0.0740741
      2        12.6362      0.0740741
      3        32.3381      0.0740741
      4        39.6384      0.0740741
      5        39.6384      0.0740741
      6        55.6795      0.0740741
      7        58.4554      0.0740741
      8        58.4554      0.0740741
      9        62.2620      0.0740741
     10        70.8149      0.0740741
     11        80.8133      0.0605199
     12        80.8133      0.0605199
     13        83.8116        0.00000
     14        99.9287        0.00000
     15        115.791        0.00000
     16        119.218        0.00000
     17        119.218        0.00000
     18        122.859        0.00000
     19        135.210        0.00000
     20        142.051        0.00000
     21        148.234        0.00000
     22        152.729        0.00000
     23        152.729        0.00000
     24        177.344        0.00000
     25        188.026        0.00000
 Energy (eV) & Occupations  for spin=1 K-point=4
      1       -4.29312      0.0740741
      2        14.1511      0.0740741
      3        25.1055      0.0740741
      4        32.7107      0.0740741
      5        42.4229      0.0740741
      6        44.9015      0.0740741
      7        59.4906      0.0740741
      8        66.6111      0.0740741
      9        69.4278      0.0740741
     10        72.4149      0.0740741
     11        77.1244      0.0740741
     12        80.1466      0.0740741
     13        87.6293        0.00000
     14        97.9688        0.00000
     15        102.831        0.00000
     16        121.636        0.00000
     17        123.682        0.00000
     18        136.944        0.00000
     19        145.081        0.00000
     20        145.290        0.00000
     21        151.978        0.00000
     22        158.337        0.00000
     23        166.256        0.00000
     24        177.708        0.00000
     25        182.731        0.00000
 Energy (eV) & Occupations  for spin=1 K-point=5
      1       -4.29312      0.0740741
      2        14.1511      0.0740741
      3        25.1055      0.0740741
      4        32.7107      0.0740741
      5        42.4229      0.0740741
      6        44.9015      0.0740741
      7        59.4906      0.0740741
      8        66.6111      0.0740741
      9        69.4278      0.0740741
     10        72.4149      0.0740741
     11        77.1244      0.0740741
     12        80.1466      0.0740741
     13        87.6293        0.00000
     14        97.9688        0.00000
     15        102.831        0.00000
     16        121.636        0.00000
     17        123.682        0.00000
     18        136.944        0.00000
     19        145.081        0.00000
     20        145.290        0.00000
     21        151.978        0.00000
     22        158.337        0.00000
     23        166.256        0.00000
     24        177.708        0.00000
     25        182.731        0.00000
 Energy (eV) & Occupations  for spin=1 K-point=6
      1       -7.21712      0.0740741
      2        12.6362      0.0740741
      3        32.3381      0.0740741
      4        39.6384      0.0740741
      5        39.6384      0.0740741
      6        55.6795      0.0740741
      7        58.4554      0.0740741
      8        58.4554      0.0740741
      9        62.2620      0.0740741
     10        70.8149      0.0740741
     11        80.8133      0.0605199
     12        80.8133      0.0605199
     13        83.8116        0.00000
     14        99.9287        0.00000
     15        115.791        0.00000
     16        119.218        0.00000
     17        119.218        0.00000
     18        122.859        0.00000
     19        135.210        0.00000
     20        142.051        0.00000
     21        148.234        0.00000
     22        152.729        0.00000
     23        152.729        0.00000
     24        177.344        0.00000
     25        188.026        0.00000
 Energy (eV) & Occupations  for spin=1 K-point=7
      1       -4.29312      0.0740741
      2        14.1511      0.0740741
      3        25.1055      0.0740741
      4        32.7107      0.0740741
      5        42.4229      0.0740741
      6        44.9015      0.0740741
      7        59.4906      0.0740741
      8        66.6111      0.0740741
      9        69.4278      0.0740741
     10        72.4149      0.0740741
     11        77.1244      0.0740741
     12        80.1466      0.0740741
     13        87.6293        0.00000
     14        97.9688        0.00000
     15        102.831        0.00000
     16        121.636        0.00000
     17        123.682        0.00000
     18        136.944        0.00000
     19        145.081        0.00000
     20        145.290        0.00000
     21        151.978        0.00000
     22        158.337        0.00000
     23        166.256        0.00000
     24        177.708        0.00000
     25        182.731        0.00000
 Energy (eV) & Occupations  for spin=1 K-point=8
      1       -4.29312      0.0740741
      2        14.1511      0.0740741
      3        25.1055      0.0740741
      4        32.7107      0.0740741
      5        42.4229      0.0740741
      6        44.9015      0.0740741
      7        59.4906      0.0740741
      8        66.6111      0.0740741
      9        69.4278      0.0740741
     10        72.4149      0.0740741
     11        77.1244      0.0740741
     12        80.1466      0.0740741
     13        87.6293        0.00000
     14        97.9688        0.00000
     15        102.831        0.00000
     16        121.636        0.00000
     17        123.682        0.00000
     18        136.944        0.00000
     19        145.081        0.00000
     20        145.290        0.00000
     21        151.978        0.00000
     22        158.337        0.00000
     23        166.256        0.00000
     24        177.708        0.00000
     25        182.731        0.00000
 Energy (eV) & Occupations  for spin=1 K-point=9
      1       -4.29312      0.0740741
      2        14.1511      0.0740741
      3        25.1055      0.0740741
      4        32.7107      0.0740741
      5        42.4229      0.0740741
      6        44.9015      0.0740741
      7        59.4906      0.0740741
      8        66.6111      0.0740741
      9        69.4278      0.0740741
     10        72.4149      0.0740741
     11        77.1244      0.0740741
     12        80.1466      0.0740741
     13        87.6293        0.00000
     14        97.9688        0.00000
     15        102.831        0.00000
     16        121.636        0.00000
     17        123.682        0.00000
     18        136.944        0.00000
     19        145.081        0.00000
     20        145.290        0.00000
     21        151.978        0.00000
     22        158.337        0.00000
     23        166.256        0.00000
     24        177.708        0.00000
     25        182.731        0.00000
 Energy (eV) & Occupations  for spin=1 K-point=10
      1       -1.58939      0.0740741
      2        16.4588      0.0740741
      3        29.0056      0.0740741
      4        29.0056      0.0740741
      5        31.3553      0.0740741
      6        44.9591      0.0740741
      7        44.9591      0.0740741
      8        54.8005      0.0740741
      9        82.5821        0.00000
     10        82.5821        0.00000
     11        83.2897        0.00000
     12        87.9920        0.00000
     13        87.9920        0.00000
     14        96.3341        0.00000
     15        117.549        0.00000
     16        130.002        0.00000
     17        130.002        0.00000
     18        140.219        0.00000
     19        140.219        0.00000
     20        157.420        0.00000
     21        160.920        0.00000
     22        160.920        0.00000
     23        163.381        0.00000
     24        171.066        0.00000
     25        173.418        0.00000
 Energy (eV) & Occupations  for spin=1 K-point=11
      1       -1.58939      0.0740741
      2        16.4588      0.0740741
      3        29.0056      0.0740741
      4        29.0056      0.0740741
      5        31.3553      0.0740741
      6        44.9591      0.0740741
      7        44.9591      0.0740741
      8        54.8005      0.0740741
      9        82.5821        0.00000
     10        82.5821        0.00000
     11        83.2897        0.00000
     12        87.9920        0.00000
     13        87.9920        0.00000
     14        96.3341        0.00000
     15        117.549        0.00000
     16        130.002        0.00000
     17        130.002        0.00000
     18        140.219        0.00000
     19        140.219        0.00000
     20        157.420        0.00000
     21        160.920        0.00000
     22        160.920        0.00000
     23        163.381        0.00000
     24        171.066        0.00000
     25        173.418        0.00000
 Energy (eV) & Occupations  for spin=1 K-point=12
      1       -4.29312      0.0740741
      2        14.1511      0.0740741
      3        25.1055      0.0740741
      4        32.7107      0.0740741
      5        42.4229      0.0740741
      6        44.9015      0.0740741
      7        59.4906      0.0740741
      8        66.6111      0.0740741
      9        69.4278      0.0740741
     10        72.4149      0.0740741
     11        77.1244      0.0740741
     12        80.1466      0.0740741
     13        87.6293        0.00000
     14        97.9688        0.00000
     15        102.831        0.00000
     16        121.636        0.00000
     17        123.682        0.00000
     18        136.944        0.00000
     19        145.081        0.00000
     20        145.290        0.00000
     21        151.978        0.00000
     22        158.337        0.00000
     23        166.256        0.00000
     24        177.708        0.00000
     25        182.731        0.00000
 Energy (eV) & Occupations  for spin=1 K-point=13
      1       -1.58939      0.0740741
      2        16.4588      0.0740741
      3        29.0056      0.0740741
      4        29.0056      0.0740741
      5        31.3553      0.0740741
      6        44.9591      0.0740741
      7        44.9591      0.0740741
      8        54.8005      0.0740741
      9        82.5821        0.00000
     10        82.5821        0.00000
     11        83.2897        0.00000
     12        87.9920        0.00000
     13        87.9920        0.00000
     14        96.3341        0.00000
     15        117.549        0.00000
     16        130.002        0.00000
     17        130.002        0.00000
     18        140.219        0.00000
     19        140.219        0.00000
     20        157.420        0.00000
     21        160.920        0.00000
     22        160.920        0.00000
     23        163.381        0.00000
     24        171.066        0.00000
     25        173.418        0.00000
 Energy (eV) & Occupations  for spin=1 K-point=14
      1       -1.58939      0.0740741
      2        16.4588      0.0740741
      3        29.0056      0.0740741
      4        29.0056      0.0740741
      5        31.3553      0.0740741
      6        44.9591      0.0740741
      7        44.9591      0.0740741
      8        54.8005      0.0740741
      9        82.5821        0.00000
     10        82.5821        0.00000
     11        83.2897        0.00000
     12        87.9920        0.00000
     13        87.9920        0.00000
     14        96.3341        0.00000
     15        117.549        0.00000
     16        130.002        0.00000
     17        130.002        0.00000
     18        140.219        0.00000
     19        140.219        0.00000
     20        157.420        0.00000
     21        160.920        0.00000
     22        160.920        0.00000
     23        163.381        0.00000
     24        171.066        0.00000
     25        173.418        0.00000
 Energy (eV) & Occupations  for spin=2 K-point=15
      1       -10.4386      0.0370370
      2        20.9936      0.0370370
      3        34.7192      0.0370370
      4        34.7192      0.0370370
      5        34.7192      0.0370370
      6        57.3798      0.0370370
      7        57.3798      0.0370370
      8        70.7327      0.0370370
      9        70.7327      0.0370370
     10        70.7327      0.0370370
     11        83.9978        0.00000
     12        83.9978        0.00000
     13        83.9978        0.00000
     14        85.7836        0.00000
     15        109.550        0.00000
     16        109.550        0.00000
     17        109.550        0.00000
     18        124.735        0.00000
     19        124.735        0.00000
     20        157.072        0.00000
     21        157.072        0.00000
     22        157.072        0.00000
     23        166.131        0.00000
     24        166.131        0.00000
     25        166.131        0.00000
 Energy (eV) & Occupations  for spin=2 K-point=16
      1       -7.15782      0.0740741
      2        12.7929      0.0740741
      3        32.4734      0.0740741
      4        39.8400      0.0740741
      5        39.8400      0.0740741
      6        55.8438      0.0740741
      7        58.6509      0.0740741
      8        58.6509      0.0740741
      9        62.4563      0.0740741
     10        71.0694      0.0740741
     11        81.1287     0.00741266
     12        81.1287     0.00741266
     13        84.0680        0.00000
     14        100.150        0.00000
     15        115.894        0.00000
     16        119.364        0.00000
     17        119.364        0.00000
     18        123.055        0.00000
     19        135.395        0.00000
     20        142.172        0.00000
     21        148.366        0.00000
     22        152.900        0.00000
     23        152.900        0.00000
     24        177.508        0.00000
     25        188.136        0.00000
 Energy (eV) & Occupations  for spin=2 K-point=17
      1       -7.15782      0.0740741
      2        12.7929      0.0740741
      3        32.4734      0.0740741
      4        39.8400      0.0740741
      5        39.8400      0.0740741
      6        55.8438      0.0740741
      7        58.6509      0.0740741
      8        58.6509      0.0740741
      9        62.4563      0.0740741
     10        71.0694      0.0740741
     11        81.1287     0.00741266
     12        81.1287     0.00741266
     13        84.0680        0.00000
     14        100.150        0.00000
     15        115.894        0.00000
     16        119.364        0.00000
     17        119.364        0.00000
     18        123.055        0.00000
     19        135.395        0.00000
     20        142.172        0.00000
     21        148.366        0.00000
     22        152.900        0.00000
     23        152.900        0.00000
     24        177.508        0.00000
     25        188.136        0.00000
 Energy (eV) & Occupations  for spin=2 K-point=18
      1       -4.24887      0.0740741
      2        14.3236      0.0740741
      3        25.2607      0.0740741
      4        32.8778      0.0740741
      5        42.5646      0.0740741
      6        45.1126      0.0740741
      7        59.6909      0.0740741
      8        66.8599      0.0740741
      9        69.6672      0.0740741
     10        72.6468      0.0740741
     11        77.3820      0.0740741
     12        80.4621      0.0740428
     13        87.9286        0.00000
     14        98.0652        0.00000
     15        102.994        0.00000
     16        121.845        0.00000
     17        123.793        0.00000
     18        137.088        0.00000
     19        145.242        0.00000
     20        145.507        0.00000
     21        152.128        0.00000
     22        158.524        0.00000
     23        166.439        0.00000
     24        177.873        0.00000
     25        182.892        0.00000
 Energy (eV) & Occupations  for spin=2 K-point=19
      1       -4.24887      0.0740741
      2        14.3236      0.0740741
      3        25.2607      0.0740741
      4        32.8778      0.0740741
      5        42.5646      0.0740741
      6        45.1126      0.0740741
      7        59.6909      0.0740741
      8        66.8599      0.0740741
      9        69.6672      0.0740741
     10        72.6468      0.0740741
     11        77.3820      0.0740741
     12        80.4621      0.0740428
     13        87.9286        0.00000
     14        98.0652        0.00000
     15        102.994        0.00000
     16        121.845        0.00000
     17        123.793        0.00000
     18        137.088        0.00000
     19        145.242        0.00000
     20        145.507        0.00000
     21        152.128        0.00000
     22        158.524        0.00000
     23        166.439        0.00000
     24        177.873        0.00000
     25        182.892        0.00000
 Energy (eV) & Occupations  for spin=2 K-point=20
      1       -7.15782      0.0740741
      2        12.7929      0.0740741
      3        32.4734      0.0740741
      4        39.8400      0.0740741
      5        39.8400      0.0740741
      6        55.8438      0.0740741
      7        58.6509      0.0740741
      8        58.6509      0.0740741
      9        62.4563      0.0740741
     10        71.0694      0.0740741
     11        81.1287     0.00741266
     12        81.1287     0.00741266
     13        84.0680        0.00000
     14        100.150        0.00000
     15        115.894        0.00000
     16        119.364        0.00000
     17        119.364        0.00000
     18        123.055        0.00000
     19        135.395        0.00000
     20        142.172        0.00000
     21        148.366        0.00000
     22        152.900        0.00000
     23        152.900        0.00000
     24        177.508        0.00000
     25        188.136        0.00000
 Energy (eV) & Occupations  for spin=2 K-point=21
      1       -4.24887      0.0740741
      2        14.3236      0.0740741
      3        25.2607      0.0740741
      4        32.8778      0.0740741
      5        42.5646      0.0740741
      6        45.1126      0.0740741
      7        59.6909      0.0740741
      8        66.8599      0.0740741
      9        69.6672      0.0740741
     10        72.6468      0.0740741
     11        77.3820      0.0740741
     12        80.4621      0.0740428
     13        87.9286        0.00000
     14        98.0652        0.00000
     15        102.994        0.00000
     16        121.845        0.00000
     17        123.793        0.00000
     18        137.088        0.00000
     19        145.242        0.00000
     20        145.507        0.00000
     21        152.128        0.00000
     22        158.524        0.00000
     23        166.439        0.00000
     24        177.873        0.00000
     25        182.892        0.00000
 Energy (eV) & Occupations  for spin=2 K-point=22
      1       -4.24887      0.0740741
      2        14.3236      0.0740741
      3        25.2607      0.0740741
      4        32.8778      0.0740741
      5        42.5646      0.0740741
      6        45.1126      0.0740741
      7        59.6909      0.0740741
      8        66.8599      0.0740741
      9        69.6672      0.0740741
     10        72.6468      0.0740741
     11        77.3820      0.0740741
     12        80.4621      0.0740428
     13        87.9286        0.00000
     14        98.0652        0.00000
     15        102.994        0.00000
     16        121.845        0.00000
     17        123.793        0.00000
     18        137.088        0.00000
     19        145.242        0.00000
     20        145.507        0.00000
     21        152.128        0.00000
     22        158.524        0.00000
     23        166.439        0.00000
     24        177.873        0.00000
     25        182.892        0.00000
 Energy (eV) & Occupations  for spin=2 K-point=23
      1       -4.24887      0.0740741
      2        14.3236      0.0740741
      3        25.2607      0.0740741
      4        32.8778      0.0740741
      5        42.5646      0.0740741
      6        45.1126      0.0740741
      7        59.6909      0.0740741
      8        66.8599      0.0740741
      9        69.6672      0.0740741
     10        72.6468      0.0740741
     11        77.3820      0.0740741
     12        80.4621      0.0740428
     13        87.9286        0.00000
     14        98.0652        0.00000
     15        102.994        0.00000
     16        121.845        0.00000
     17        123.793        0.00000
     18        137.088        0.00000
     19        145.242        0.00000
     20        145.507        0.00000
     21        152.128        0.00000
     22        158.524        0.00000
     23        166.439        0.00000
     24        177.873        0.00000
     25        182.892        0.00000
 Energy (eV) & Occupations  for spin=2 K-point=24
      1       -1.55808      0.0740741
      2        16.6449      0.0740741
      3        29.1529      0.0740741
      4        29.1529      0.0740741
      5        31.5136      0.0740741
      6        45.1512      0.0740741
      7        45.1512      0.0740741
      8        55.0083      0.0740741
      9        82.9141        0.00000
     10        82.9141        0.00000
     11        83.5517        0.00000
     12        88.3114        0.00000
     13        88.3114        0.00000
     14        96.4147        0.00000
     15        117.681        0.00000
     16        130.158        0.00000
     17        130.158        0.00000
     18        140.358        0.00000
     19        140.358        0.00000
     20        157.616        0.00000
     21        161.101        0.00000
     22        161.101        0.00000
     23        163.527        0.00000
     24        171.247        0.00000
     25        173.624        0.00000
 Energy (eV) & Occupations  for spin=2 K-point=25
      1       -1.55808      0.0740741
      2        16.6449      0.0740741
      3        29.1529      0.0740741
      4        29.1529      0.0740741
      5        31.5136      0.0740741
      6        45.1512      0.0740741
      7        45.1512      0.0740741
      8        55.0083      0.0740741
      9        82.9141        0.00000
     10        82.9141        0.00000
     11        83.5517        0.00000
     12        88.3114        0.00000
     13        88.3114        0.00000
     14        96.4147        0.00000
     15        117.681        0.00000
     16        130.158        0.00000
     17        130.158        0.00000
     18        140.358        0.00000
     19        140.358        0.00000
     20        157.616        0.00000
     21        161.101        0.00000
     22        161.101        0.00000
     23        163.527        0.00000
     24        171.247        0.00000
     25        173.624        0.00000
 Energy (eV) & Occupations  for spin=2 K-point=26
      1       -4.24887      0.0740741
      2        14.3236      0.0740741
      3        25.2607      0.0740741
      4        32.8778      0.0740741
      5        42.5646      0.0740741
      6        45.1126      0.0740741
      7        59.6909      0.0740741
      8        66.8599      0.0740741
      9        69.6672      0.0740741
     10        72.6468      0.0740741
     11        77.3820      0.0740741
     12        80.4621      0.0740428
     13        87.9286        0.00000
     14        98.0652        0.00000
     15        102.994        0.00000
     16        121.845        0.00000
     17        123.793        0.00000
     18        137.088        0.00000
     19        145.242        0.00000
     20        145.507        0.00000
     21        152.128        0.00000
     22        158.524        0.00000
     23        166.439        0.00000
     24        177.873        0.00000
     25        182.892        0.00000
 Energy (eV) & Occupations  for spin=2 K-point=27
      1       -1.55808      0.0740741
      2        16.6449      0.0740741
      3        29.1529      0.0740741
      4        29.1529      0.0740741
      5        31.5136      0.0740741
      6        45.1512      0.0740741
      7        45.1512      0.0740741
      8        55.0083      0.0740741
      9        82.9141        0.00000
     10        82.9141        0.00000
     11        83.5517        0.00000
     12        88.3114        0.00000
     13        88.3114        0.00000
     14        96.4147        0.00000
     15        117.681        0.00000
     16        130.158        0.00000
     17        130.158        0.00000
     18        140.358        0.00000
     19        140.358        0.00000
     20        157.616        0.00000
     21        161.101        0.00000
     22        161.101        0.00000
     23        163.527        0.00000
     24        171.247        0.00000
     25        173.624        0.00000
 Energy (eV) & Occupations  for spin=2 K-point=28
      1       -1.55808      0.0740741
      2        16.6449      0.0740741
      3        29.1529      0.0740741
      4        29.1529      0.0740741
      5        31.5136      0.0740741
      6        45.1512      0.0740741
      7        45.1512      0.0740741
      8        55.0083      0.0740741
      9        82.9141        0.00000
     10        82.9141        0.00000
     11        83.5517        0.00000
     12        88.3114        0.00000
     13        88.3114        0.00000
     14        96.4147        0.00000
     15        117.681        0.00000
     16        130.158        0.00000
     17        130.158        0.00000
     18        140.358        0.00000
     19        140.358        0.00000
     20        157.616        0.00000
     21        161.101        0.00000
     22        161.101        0.00000
     23        163.527        0.00000
     24        171.247        0.00000
     25        173.624        0.00000
          total magnetism (Bohr mag/cell) = 0.261921
       absolute magnetism (Bohr mag/cell) = 0.262407
                        nelec for spin up = 10.6310
                      nelec for spin down = 10.3690

 Density error is 0.00000000000
----------------------------------------------------------
     Energy           Rydberg                 eV          
----------------------------------------------------------
 E_KohnSham     -94.6242051279       -1287.4283584606     
 E_KS(sigma->0) -94.6231628018       -1287.4141768855     
 E_Harris       -94.6242051279       -1287.4283584606     
 E_band         67.5124134949        918.5535092628       
 E_one_elec     102.5484103308       1395.2427013411      
 E_Hartree      3.5218112342         47.9167000650        
 E_xc           -32.1234816447       -437.0623899663      
 E_Ewald        -168.5688603959      -2293.4970067503     
 E_entropy(-TS) -0.0020846523        -0.0283631502        
 E_descf        0.0000000000         0.0000000000         
 E_exx          0.0000000000         0.0000000000         
 E_Fermi        5.9492580778         80.9438087310        
----------------------------------------------------------


 charge density convergence is achieved
 final etot is -1287.4283585 eV
 EFERMI = 80.943808731 eV

 STATE ENERGY(eV) AND OCCUPATIONS    NSPIN == 2
SPIN UP : 
 1/14 kpoint (Cartesian) = 0.0000 0.0000 0.0000 (30 pws)
       1       -10.5131      0.0370370
       2        20.8834      0.0370370
       3        34.5306      0.0370370
       4        34.5306      0.0370370
       5        34.5306      0.0370370
       6        57.2067      0.0370370
       7        57.2067      0.0370370
       8        70.4900      0.0370370
       9        70.4900      0.0370370
      10        70.4900      0.0370370
      11        83.6478        0.00000
      12        83.6478        0.00000
      13        83.6478        0.00000
      14        85.6953        0.00000
      15        109.452        0.00000
      16        109.452        0.00000
      17        109.452        0.00000
      18        124.540        0.00000
      19        124.540        0.00000
      20        156.933        0.00000
      21        156.933        0.00000
      22        156.933        0.00000
      23        165.980        0.00000
      24        165.980        0.00000
      25        165.980        0.00000

 2/14 kpoint (Cartesian) = 0.10791 0.0000 0.0000 (35 pws)
       1       -7.21712      0.0740741
       2        12.6362      0.0740741
       3        32.3381      0.0740741
       4        39.6384      0.0740741
       5        39.6384      0.0740741
       6        55.6795      0.0740741
       7        58.4554      0.0740741
       8        58.4554      0.0740741
       9        62.2620      0.0740741
      10        70.8149      0.0740741
      11        80.8133      0.0605199
      12        80.8133      0.0605199
      13        83.8116        0.00000
      14        99.9287        0.00000
      15        115.791        0.00000
      16        119.218        0.00000
      17        119.218        0.00000
      18        122.859        0.00000
      19        135.210        0.00000
      20        142.051        0.00000
      21        148.234        0.00000
      22        152.729        0.00000
      23        152.729        0.00000
      24        177.344        0.00000
      25        188.026        0.00000

 3/14 kpoint (Cartesian) = 0.0000 0.10791 0.0000 (33 pws)
       1       -7.21712      0.0740741
       2        12.6362      0.0740741
       3        32.3381      0.0740741
       4        39.6384      0.0740741
       5        39.6384      0.0740741
       6        55.6795      0.0740741
       7        58.4554      0.0740741
       8        58.4554      0.0740741
       9        62.2620      0.0740741
      10        70.8149      0.0740741
      11        80.8133      0.0605199
      12        80.8133      0.0605199
      13        83.8116        0.00000
      14        99.9287        0.00000
      15        115.791        0.00000
      16        119.218        0.00000
      17        119.218        0.00000
      18        122.859        0.00000
      19        135.210        0.00000
      20        142.051        0.00000
      21        148.234        0.00000
      22        152.729        0.00000
      23        152.729        0.00000
      24        177.344        0.00000
      25        188.026        0.00000

 4/14 kpoint (Cartesian) = 0.10791 0.10791 0.0000 (37 pws)
       1       -4.29312      0.0740741
       2        14.1511      0.0740741
       3        25.1055      0.0740741
       4        32.7107      0.0740741
       5        42.4229      0.0740741
       6        44.9015      0.0740741
       7        59.4906      0.0740741
       8        66.6111      0.0740741
       9        69.4278      0.0740741
      10        72.4149      0.0740741
      11        77.1244      0.0740741
      12        80.1466      0.0740741
      13        87.6293        0.00000
      14        97.9688        0.00000
      15        102.831        0.00000
      16        121.636        0.00000
      17        123.682        0.00000
      18        136.944        0.00000
      19        145.081        0.00000
      20        145.290        0.00000
      21        151.978        0.00000
      22        158.337        0.00000
      23        166.256        0.00000
      24        177.708        0.00000
      25        182.731        0.00000

 5/14 kpoint (Cartesian) = -0.10791 0.10791 0.0000 (30 pws)
       1       -4.29312      0.0740741
       2        14.1511      0.0740741
       3        25.1055      0.0740741
       4        32.7107      0.0740741
       5        42.4229      0.0740741
       6        44.9015      0.0740741
       7        59.4906      0.0740741
       8        66.6111      0.0740741
       9        69.4278      0.0740741
      10        72.4149      0.0740741
      11        77.1244      0.0740741
      12        80.1466      0.0740741
      13        87.6293        0.00000
      14        97.9688        0.00000
      15        102.831        0.00000
      16        121.636        0.00000
      17        123.682        0.00000
      18        136.944        0.00000
      19        145.081        0.00000
      20        145.290        0.00000
      21        151.978        0.00000
      22        158.337        0.00000
      23        166.256        0.00000
      24        177.708        0.00000
      25        182.731        0.00000

 6/14 kpoint (Cartesian) = 0.0000 0.0000 0.10791 (32 pws)
       1       -7.21712      0.0740741
       2        12.6362      0.0740741
       3        32.3381      0.0740741
       4        39.6384      0.0740741
       5        39.6384      0.0740741
       6        55.6795      0.0740741
       7        58.4554      0.0740741
       8        58.4554      0.0740741
       9        62.2620      0.0740741
      10        70.8149      0.0740741
      11        80.8133      0.0605199
      12        80.8133      0.0605199
      13        83.8116        0.00000
      14        99.9287        0.00000
      15        115.791        0.00000
      16        119.218        0.00000
      17        119.218        0.00000
      18        122.859        0.00000
      19        135.210        0.00000
      20        142.051        0.00000
      21        148.234        0.00000
      22        152.729        0.00000
      23        152.729        0.00000
      24        177.344        0.00000
      25        188.026        0.00000

 7/14 kpoint (Cartesian) = 0.10791 0.0000 0.10791 (33 pws)
       1       -4.29312      0.0740741
       2        14.1511      0.0740741
       3        25.1055      0.0740741
       4        32.7107      0.0740741
       5        42.4229      0.0740741
       6        44.9015      0.0740741
       7        59.4906      0.0740741
       8        66.6111      0.0740741
       9        69.4278      0.0740741
      10        72.4149      0.0740741
      11        77.1244      0.0740741
      12        80.1466      0.0740741
      13        87.6293        0.00000
      14        97.9688        0.00000
      15        102.831        0.00000
      16        121.636        0.00000
      17        123.682        0.00000
      18        136.944        0.00000
      19        145.081        0.00000
      20        145.290        0.00000
      21        151.978        0.00000
      22        158.337        0.00000
      23        166.256        0.00000
      24        177.708        0.00000
      25        182.731        0.00000

 8/14 kpoint (Cartesian) = -0.10791 0.0000 0.10791 (30 pws)
       1       -4.29312      0.0740741
       2        14.1511      0.0740741
       3        25.1055      0.0740741
       4        32.7107      0.0740741
       5        42.4229      0.0740741
       6        44.9015      0.0740741
       7        59.4906      0.0740741
       8        66.6111      0.0740741
       9        69.4278      0.0740741
      10        72.4149      0.0740741
      11        77.1244      0.0740741
      12        80.1466      0.0740741
      13        87.6293        0.00000
      14        97.9688        0.00000
      15        102.831        0.00000
      16        121.636        0.00000
      17        123.682        0.00000
      18        136.944        0.00000
      19        145.081        0.00000
      20        145.290        0.00000
      21        151.978        0.00000
      22        158.337        0.00000
      23        166.256        0.00000
      24        177.708        0.00000
      25        182.731        0.00000

 9/14 kpoint (Cartesian) = 0.0000 0.10791 0.10791 (35 pws)
       1       -4.29312      0.0740741
       2        14.1511      0.0740741
       3        25.1055      0.0740741
       4        32.7107      0.0740741
       5        42.4229      0.0740741
       6        44.9015      0.0740741
       7        59.4906      0.0740741
       8        66.6111      0.0740741
       9        69.4278      0.0740741
      10        72.4149      0.0740741
      11        77.1244      0.0740741
      12        80.1466      0.0740741
      13        87.6293        0.00000
      14        97.9688        0.00000
      15        102.831        0.00000
      16        121.636        0.00000
      17        123.682        0.00000
      18        136.944        0.00000
      19        145.081        0.00000
      20        145.290        0.00000
      21        151.978        0.00000
      22        158.337        0.00000
      23        166.256        0.00000
      24        177.708        0.00000
      25        182.731        0.00000

 10/14 kpoint (Cartesian) = 0.10791 0.10791 0.10791 (36 pws)
       1       -1.58939      0.0740741
       2        16.4588      0.0740741
       3        29.0056      0.0740741
       4        29.0056      0.0740741
       5        31.3553      0.0740741
       6        44.9591      0.0740741
       7        44.9591      0.0740741
       8        54.8005      0.0740741
       9        82.5821        0.00000
      10        82.5821        0.00000
      11        83.2897        0.00000
      12        87.9920        0.00000
      13        87.9920        0.00000
      14        96.3341        0.00000
      15        117.549        0.00000
      16        130.002        0.00000
      17        130.002        0.00000
      18        140.219        0.00000
      19        140.219        0.00000
      20        157.420        0.00000
      21        160.920        0.00000
      22        160.920        0.00000
      23        163.381        0.00000
      24        171.066        0.00000
      25        173.418        0.00000

 11/14 kpoint (Cartesian) = -0.10791 0.10791 0.10791 (31 pws)
       1       -1.58939      0.0740741
       2        16.4588      0.0740741
       3        29.0056      0.0740741
       4        29.0056      0.0740741
       5        31.3553      0.0740741
       6        44.9591      0.0740741
       7        44.9591      0.0740741
       8        54.8005      0.0740741
       9        82.5821        0.00000
      10        82.5821        0.00000
      11        83.2897        0.00000
      12        87.9920        0.00000
      13        87.9920        0.00000
      14        96.3341        0.00000
      15        117.549        0.00000
      16        130.002        0.00000
      17        130.002        0.00000
      18        140.219        0.00000
      19        140.219        0.00000
      20        157.420        0.00000
      21        160.920        0.00000
      22        160.920        0.00000
      23        163.381        0.00000
      24        171.066        0.00000
      25        173.418        0.00000

 12/14 kpoint (Cartesian) = 0.0000 -0.10791 0.10791 (28 pws)
       1       -4.29312      0.0740741
       2        14.1511      0.0740741
       3        25.1055      0.0740741
       4        32.7107      0.0740741
       5        42.4229      0.0740741
       6        44.9015      0.0740741
       7        59.4906      0.0740741
       8        66.6111      0.0740741
       9        69.4278      0.0740741
      10        72.4149      0.0740741
      11        77.1244      0.0740741
      12        80.1466      0.0740741
      13        87.6293        0.00000
      14        97.9688        0.00000
      15        102.831        0.00000
      16        121.636        0.00000
      17        123.682        0.00000
      18        136.944        0.00000
      19        145.081        0.00000
      20        145.290        0.00000
      21        151.978        0.00000
      22        158.337        0.00000
      23        166.256        0.00000
      24        177.708        0.00000
      25        182.731        0.00000

 13/14 kpoint (Cartesian) = 0.10791 -0.10791 0.10791 (30 pws)
       1       -1.58939      0.0740741
       2        16.4588      0.0740741
       3        29.0056      0.0740741
       4        29.0056      0.0740741
       5        31.3553      0.0740741
       6        44.9591      0.0740741
       7        44.9591      0.0740741
       8        54.8005      0.0740741
       9        82.5821        0.00000
      10        82.5821        0.00000
      11        83.2897        0.00000
      12        87.9920        0.00000
      13        87.9920        0.00000
      14        96.3341        0.00000
      15        117.549        0.00000
      16        130.002        0.00000
      17        130.002        0.00000
      18        140.219        0.00000
      19        140.219        0.00000
      20        157.420        0.00000
      21        160.920        0.00000
      22        160.920        0.00000
      23        163.381        0.00000
      24        171.066        0.00000
      25        173.418        0.00000

 14/14 kpoint (Cartesian) = 0.10791 0.10791 -0.10791 (36 pws)
       1       -1.58939      0.0740741
       2        16.4588      0.0740741
       3        29.0056      0.0740741
       4        29.0056      0.0740741
       5        31.3553      0.0740741
       6        44.9591      0.0740741
       7        44.9591      0.0740741
       8        54.8005      0.0740741
       9        82.5821        0.00000
      10        82.5821        0.00000
      11        83.2897        0.00000
      12        87.9920        0.00000
      13        87.9920        0.00000
      14        96.3341        0.00000
      15        117.549        0.00000
      16        130.002        0.00000
      17        130.002        0.00000
      18        140.219        0.00000
      19        140.219        0.00000
      20        157.420        0.00000
      21        160.920        0.00000
      22        160.920        0.00000
      23        163.381        0.00000
      24        171.066        0.00000
      25        173.418        0.00000

SPIN DOWN : 
 1/14 kpoint (Cartesian) = 0.0000 0.0000 0.0000 (30 pws)
       1       -10.4386      0.0370370
       2        20.9936      0.0370370
       3        34.7192      0.0370370
       4        34.7192      0.0370370
       5        34.7192      0.0370370
       6        57.3798      0.0370370
       7        57.3798      0.0370370
       8        70.7327      0.0370370
       9        70.7327      0.0370370
      10        70.7327      0.0370370
      11        83.9978        0.00000
      12        83.9978        0.00000
      13        83.9978        0.00000
      14        85.7836        0.00000
      15        109.550        0.00000
      16        109.550        0.00000
      17        109.550        0.00000
      18        124.735        0.00000
      19        124.735        0.00000
      20        157.072        0.00000
      21        157.072        0.00000
      22        157.072        0.00000
      23        166.131        0.00000
      24        166.131        0.00000
      25        166.131        0.00000

 2/14 kpoint (Cartesian) = 0.10791 0.0000 0.0000 (35 pws)
       1       -7.15782      0.0740741
       2        12.7929      0.0740741
       3        32.4734      0.0740741
       4        39.8400      0.0740741
       5        39.8400      0.0740741
       6        55.8438      0.0740741
       7        58.6509      0.0740741
       8        58.6509      0.0740741
       9        62.4563      0.0740741
      10        71.0694      0.0740741
      11        81.1287     0.00741266
      12        81.1287     0.00741266
      13        84.0680        0.00000
      14        100.150        0.00000
      15        115.894        0.00000
      16        119.364        0.00000
      17        119.364        0.00000
      18        123.055        0.00000
      19        135.395        0.00000
      20        142.172        0.00000
      21        148.366        0.00000
      22        152.900        0.00000
      23        152.900        0.00000
      24        177.508        0.00000
      25        188.136        0.00000

 3/14 kpoint (Cartesian) = 0.0000 0.10791 0.0000 (33 pws)
       1       -7.15782      0.0740741
       2        12.7929      0.0740741
       3        32.4734      0.0740741
       4        39.8400      0.0740741
       5        39.8400      0.0740741
       6        55.8438      0.0740741
       7        58.6509      0.0740741
       8        58.6509      0.0740741
       9        62.4563      0.0740741
      10        71.0694      0.0740741
      11        81.1287     0.00741266
      12        81.1287     0.00741266
      13        84.0680        0.00000
      14        100.150        0.00000
      15        115.894        0.00000
      16        119.364        0.00000
      17        119.364        0.00000
      18        123.055        0.00000
      19        135.395        0.00000
      20        142.172        0.00000
      21        148.366        0.00000
      22        152.900        0.00000
      23        152.900        0.00000
      24        177.508        0.00000
      25        188.136        0.00000

 4/14 kpoint (Cartesian) = 0.10791 0.10791 0.0000 (37 pws)
       1       -4.24887      0.0740741
       2        14.3236      0.0740741
       3        25.2607      0.0740741
       4        32.8778      0.0740741
       5        42.5646      0.0740741
       6        45.1126      0.0740741
       7        59.6909      0.0740741
       8        66.8599      0.0740741
       9        69.6672      0.0740741
      10        72.6468      0.0740741
      11        77.3820      0.0740741
      12        80.4621      0.0740428
      13        87.9286        0.00000
      14        98.0652        0.00000
      15        102.994        0.00000
      16        121.845        0.00000
      17        123.793        0.00000
      18        137.088        0.00000
      19        145.242        0.00000
      20        145.507        0.00000
      21        152.128        0.00000
      22        158.524        0.00000
      23        166.439        0.00000
      24        177.873        0.00000
      25        182.892        0.00000

 5/14 kpoint (Cartesian) = -0.10791 0.10791 0.0000 (30 pws)
       1       -4.24887      0.0740741
       2        14.3236      0.0740741
       3        25.2607      0.0740741
       4        32.8778      0.0740741
       5        42.5646      0.0740741
       6        45.1126      0.0740741
       7        59.6909      0.0740741
       8        66.8599      0.0740741
       9        69.6672      0.0740741
      10        72.6468      0.0740741
      11        77.3820      0.0740741
      12        80.4621      0.0740428
      13        87.9286        0.00000
      14        98.0652        0.00000
      15        102.994        0.00000
      16        121.845        0.00000
      17        123.793        0.00000
      18        137.088        0.00000
      19        145.242        0.00000
      20        145.507        0.00000
      21        152.128        0.00000
      22        158.524        0.00000
      23        166.439        0.00000
      24        177.873        0.00000
      25        182.892        0.00000

 6/14 kpoint (Cartesian) = 0.0000 0.0000 0.10791 (32 pws)
       1       -7.15782      0.0740741
       2        12.7929      0.0740741
       3        32.4734      0.0740741
       4        39.8400      0.0740741
       5        39.8400      0.0740741
       6        55.8438      0.0740741
       7        58.6509      0.0740741
       8        58.6509      0.0740741
       9        62.4563      0.0740741
      10        71.0694      0.0740741
      11        81.1287     0.00741266
      12        81.1287     0.00741266
      13        84.0680        0.00000
      14        100.150        0.00000
      15        115.894        0.00000
      16        119.364        0.00000
      17        119.364        0.00000
      18        123.055        0.00000
      19        135.395        0.00000
      20        142.172        0.00000
      21        148.366        0.00000
      22        152.900        0.00000
      23        152.900        0.00000
      24        177.508        0.00000
      25        188.136        0.00000

 7/14 kpoint (Cartesian) = 0.10791 0.0000 0.10791 (33 pws)
       1       -4.24887      0.0740741
       2        14.3236      0.0740741
       3        25.2607      0.0740741
       4        32.8778      0.0740741
       5        42.5646      0.0740741
       6        45.1126      0.0740741
       7        59.6909      0.0740741
       8        66.8599      0.0740741
       9        69.6672      0.0740741
      10        72.6468      0.0740741
      11        77.3820      0.0740741
      12        80.4621      0.0740428
      13        87.9286        0.00000
      14        98.0652        0.00000
      15        102.994        0.00000
      16        121.845        0.00000
      17        123.793        0.00000
      18        137.088        0.00000
      19        145.242        0.00000
      20        145.507        0.00000
      21        152.128        0.00000
      22        158.524        0.00000
      23        166.439        0.00000
      24        177.873        0.00000
      25        182.892        0.00000

 8/14 kpoint (Cartesian) = -0.10791 0.0000 0.10791 (30 pws)
       1       -4.24887      0.0740741
       2        14.3236      0.0740741
       3        25.2607      0.0740741
       4        32.8778      0.0740741
       5        42.5646      0.0740741
       6        45.1126      0.0740741
       7        59.6909      0.0740741
       8        66.8599      0.0740741
       9        69.6672      0.0740741
      10        72.6468      0.0740741
      11        77.3820      0.0740741
      12        80.4621      0.0740428
      13        87.9286        0.00000
      14        98.0652        0.00000
      15        102.994        0.00000
      16        121.845        0.00000
      17        123.793        0.00000
      18        137.088        0.00000
      19        145.242        0.00000
      20        145.507        0.00000
      21        152.128        0.00000
      22        158.524        0.00000
      23        166.439        0.00000
      24        177.873        0.00000
      25        182.892        0.00000

 9/14 kpoint (Cartesian) = 0.0000 0.10791 0.10791 (35 pws)
       1       -4.24887      0.0740741
       2        14.3236      0.0740741
       3        25.2607      0.0740741
       4        32.8778      0.0740741
       5        42.5646      0.0740741
       6        45.1126      0.0740741
       7        59.6909      0.0740741
       8        66.8599      0.0740741
       9        69.6672      0.0740741
      10        72.6468      0.0740741
      11        77.3820      0.0740741
      12        80.4621      0.0740428
      13        87.9286        0.00000
      14        98.0652        0.00000
      15        102.994        0.00000
      16        121.845        0.00000
      17        123.793        0.00000
      18        137.088        0.00000
      19        145.242        0.00000
      20        145.507        0.00000
      21        152.128        0.00000
      22        158.524        0.00000
      23        166.439        0.00000
      24        177.873        0.00000
      25        182.892        0.00000

 10/14 kpoint (Cartesian) = 0.10791 0.10791 0.10791 (36 pws)
       1       -1.55808      0.0740741
       2        16.6449      0.0740741
       3        29.1529      0.0740741
       4        29.1529      0.0740741
       5        31.5136      0.0740741
       6        45.1512      0.0740741
       7        45.1512      0.0740741
       8        55.0083      0.0740741
       9        82.9141        0.00000
      10        82.9141        0.00000
      11        83.5517        0.00000
      12        88.3114        0.00000
      13        88.3114        0.00000
      14        96.4147        0.00000
      15        117.681        0.00000
      16        130.158        0.00000
      17        130.158        0.00000
      18        140.358        0.00000
      19        140.358        0.00000
      20        157.616        0.00000
      21        161.101        0.00000
      22        161.101        0.00000
      23        163.527        0.00000
      24        171.247        0.00000
      25        173.624        0.00000

 11/14 kpoint (Cartesian) = -0.10791 0.10791 0.10791 (31 pws)
       1       -1.55808      0.0740741
       2        16.6449      0.0740741
       3        29.1529      0.0740741
       4        29.1529      0.0740741
       5        31.5136      0.0740741
       6        45.1512      0.0740741
       7        45.1512      0.0740741
       8        55.0083      0.0740741
       9        82.9141        0.00000
      10        82.9141        0.00000
      11        83.5517        0.00000
      12        88.3114        0.00000
      13        88.3114        0.00000
      14        96.4147        0.00000
      15        117.681        0.00000
      16        130.158        0.00000
      17        130.158        0.00000
      18        140.358        0.00000
      19        140.358        0.00000
      20        157.616        0.00000
      21        161.101        0.00000
      22        161.101        0.00000
      23        163.527        0.00000
      24        171.247        0.00000
      25        173.624        0.00000

 12/14 kpoint (Cartesian) = 0.0000 -0.10791 0.10791 (28 pws)
       1       -4.24887      0.0740741
       2        14.3236      0.0740741
       3        25.2607      0.0740741
       4        32.8778      0.0740741
       5        42.5646      0.0740741
       6        45.1126      0.0740741
       7        59.6909      0.0740741
       8        66.8599      0.0740741
       9        69.6672      0.0740741
      10        72.6468      0.0740741
      11        77.3820      0.0740741
      12        80.4621      0.0740428
      13        87.9286        0.00000
      14        98.0652        0.00000
      15        102.994        0.00000
      16        121.845        0.00000
      17        123.793        0.00000
      18        137.088        0.00000
      19        145.242        0.00000
      20        145.507        0.00000
      21        152.128        0.00000
      22        158.524        0.00000
      23        166.439        0.00000
      24        177.873        0.00000
      25        182.892        0.00000

 13/14 kpoint (Cartesian) = 0.10791 -0.10791 0.10791 (30 pws)
       1       -1.55808      0.0740741
       2        16.6449      0.0740741
       3        29.1529      0.0740741
       4        29.1529      0.0740741
       5        31.5136      0.0740741
       6        45.1512      0.0740741
       7        45.1512      0.0740741
       8        55.0083      0.0740741
       9        82.9141        0.00000
      10        82.9141        0.00000
      11        83.5517        0.00000
      12        88.3114        0.00000
      13        88.3114        0.00000
      14        96.4147        0.00000
      15        117.681        0.00000
      16        130.158        0.00000
      17        130.158        0.00000
      18        140.358        0.00000
      19        140.358        0.00000
      20        157.616        0.00000
      21        161.101        0.00000
      22        161.101        0.00000
      23        163.527        0.00000
      24        171.247        0.00000
      25        173.624        0.00000

 14/14 kpoint (Cartesian) = 0.10791 0.10791 -0.10791 (36 pws)
       1       -1.55808      0.0740741
       2        16.6449      0.0740741
       3        29.1529      0.0740741
       4        29.1529      0.0740741
       5        31.5136      0.0740741
       6        45.1512      0.0740741
       7        45.1512      0.0740741
       8        55.0083      0.0740741
       9        82.9141        0.00000
      10        82.9141        0.00000
      11        83.5517        0.00000
      12        88.3114        0.00000
      13        88.3114        0.00000
      14        96.4147        0.00000
      15        117.681        0.00000
      16        130.158        0.00000
      17        130.158        0.00000
      18        140.358        0.00000
      19        140.358        0.00000
      20        157.616        0.00000
      21        161.101        0.00000
      22        161.101        0.00000
      23        163.527        0.00000
      24        171.247        0.00000
      25        173.624        0.00000



 --------------------------------------------
 !FINAL_ETOT_IS -1287.428358460586 eV
 --------------------------------------------






 >>>>>>>>>>>>>>>>>>>>>>>>>>>>>>>>>>>>>>>>>>>>>>>>>>>>>>>>>>>>>>>>>>>>>>
 |                                                                    |
 | Post-processing of data:                                           |
 | DOS (density of states) and bands will be output here.             |
 | If atomic orbitals are used, Mulliken charge analysis can be done. |
 | Also the .bxsf file containing fermi surface information can be    |
 | done here.                                                         |
 |                                                                    |
 <<<<<<<<<<<<<<<<<<<<<<<<<<<<<<<<<<<<<<<<<<<<<<<<<<<<<<<<<<<<<<<<<<<<<<





 OUTPUT DOS FILE IN: OUT.Dos/DOS1
                    min state energy (eV) = -11.50634051401857
                    max state energy (eV) = 189.1291206034697
               delta energy interval (eV) = 0.01000000000000000
                          number of bands = 25
                        sum up the states = 24.99999999999998

 OUTPUT DOS FILE IN: OUT.Dos/DOS2
                    min state energy (eV) = -11.50634051401857
                    max state energy (eV) = 189.1291206034697
               delta energy interval (eV) = 0.01000000000000000
                          number of bands = 25
                        sum up the states = 24.99999999999998
 Fermi energy (spin = 1) is 0.000000000000000 Rydberg
 Fermi energy (spin = 2) is 0.000000000000000 Rydberg
TIME STATISTICS
----------------------------------------------------------------------------------
   CLASS_NAME                   NAME                TIME/s  CALLS   AVG/s  PER/%  
----------------------------------------------------------------------------------
                 total                              23.37  11       2.12   100.00 
 Driver          reading                            0.32   1        0.32   1.37   
 Input_Conv      Convert                            0.00   1        0.00   0.01   
 Driver          driver_line                        23.05  1        23.05  98.63  
 UnitCell        check_tau                          0.00   1        0.00   0.00   
 ESolver_KS_LCAO before_all_runners                 0.42   1        0.42   1.79   
 PW_Basis_Sup    setuptransform                     0.14   1        0.14   0.60   
 PW_Basis_Sup    distributeg                        0.00   1        0.00   0.00   
 mymath          heapsort                           0.00   6        0.00   0.00   
 Charge_Mixing   init_mixing                        0.00   1        0.00   0.00   
 PW_Basis_K      setuptransform                     0.00   1        0.00   0.00   
 PW_Basis_K      distributeg                        0.00   1        0.00   0.00   
 PW_Basis        setup_struc_factor                 0.00   1        0.00   0.02   
 NOrbital_Lm     extra_uniform                      0.01   10       0.00   0.02   
 Mathzone_Add1   SplineD2                           0.00   10       0.00   0.00   
 Mathzone_Add1   Cubic_Spline_Interpolation         0.00   10       0.00   0.01   
 ppcell_vl       init_vloc                          0.00   1        0.00   0.02   
 Ions            opt_ions                           9.30   1        9.30   39.78  
 ESolver_KS_LCAO runner                             9.30   1        9.30   39.78  
 ESolver_KS_LCAO before_scf                         1.17   1        1.17   5.02   
 atom_arrange    search                             0.00   1        0.00   0.00   
 atom_arrange    grid_d.init                        0.00   1        0.00   0.00   
 Grid            Construct_Adjacent_expand          0.00   1        0.00   0.00   
 Grid            Construct_Adjacent_expand_periodic 0.00   4        0.00   0.00   
 Grid_Technique  init                               0.09   1        0.09   0.39   
 Grid_BigCell    grid_expansion_index               0.01   2        0.00   0.03   
 Grid_Driver     Find_atom                          0.00   28       0.00   0.01   
 Record_adj      for_2d                             0.60   1        0.60   2.55   
 LCAO_domain     grid_prepare                       0.00   1        0.00   0.00   
 Veff            initialize_HR                      0.00   1        0.00   0.02   
 OverlapNew      initialize_SR                      0.00   1        0.00   0.02   
 EkineticNew     initialize_HR                      0.03   1        0.03   0.12   
 NonlocalNew     initialize_HR                      0.31   1        0.31   1.34   
 Charge          set_rho_core                       0.00   1        0.00   0.00   
 ModuleIO        read_rhog                          0.00   1        0.00   0.00   
 Potential       init_pot                           0.10   1        0.10   0.44   
 Potential       update_from_charge                 0.10   2        0.05   0.44   
 Potential       cal_fixed_v                        0.03   1        0.03   0.12   
 PotLocal        cal_fixed_v                        0.03   1        0.03   0.12   
 PW_Basis_Sup    recip2real                         0.03   21       0.00   0.13   
 PW_Basis_Sup    gathers_scatterp                   0.03   21       0.00   0.11   
 Potential       cal_v_eff                          0.08   2        0.04   0.32   
 H_Hartree_pw    v_hartree                          0.00   2        0.00   0.01   
 PW_Basis_Sup    real2recip                         0.00   22       0.00   0.01   
 PW_Basis_Sup    gatherp_scatters                   0.00   22       0.00   0.01   
 PotXC           cal_v_eff                          0.07   2        0.04   0.31   
 XC_Functional   v_xc                               0.07   2        0.04   0.31   
 Potential       interpolate_vrs                    0.00   2        0.00   0.00   
 H_Ewald_pw      compute_ewald                      0.00   1        0.00   0.01   
 HSolverLCAO     solve                              8.10   1        8.10   34.68  
 HamiltLCAO      updateHk                           7.68   28       0.27   32.84  
 OperatorLCAO    init                               7.64   84       0.09   32.69  
 Veff            contributeHR                       7.12   2        3.56   30.47  
 Gint_interface  cal_gint                           6.77   2        3.39   28.97  
 Gint_interface  cal_gint_vlocal                    6.77   2        3.38   28.97  
 Gint_Tools      cal_psir_ylm                       0.14   200      0.00   0.62   
 Gint_k          transfer_pvpR                      0.35   2        0.18   1.50   
 OverlapNew      calculate_SR                       0.03   1        0.03   0.12   
 OverlapNew      contributeHk                       0.01   28       0.00   0.03   
 EkineticNew     contributeHR                       0.03   2        0.02   0.14   
 EkineticNew     calculate_HR                       0.03   1        0.03   0.14   
 NonlocalNew     contributeHR                       0.47   2        0.24   2.03   
 NonlocalNew     calculate_HR                       0.46   1        0.46   1.98   
 OperatorLCAO    contributeHk                       0.01   28       0.00   0.05   
 HSolverLCAO     hamiltSolvePsiK                    0.38   28       0.01   1.64   
 DiagoElpa       elpa_solve                         0.27   28       0.01   1.15   
 elecstate       cal_dm                             0.00   1        0.00   0.02   
 psiMulPsiMpi    pdgemm                             0.00   28       0.00   0.02   
 DensityMatrix   cal_DMR                            0.04   1        0.04   0.18   
 Charge_Mixing   get_drho                           0.00   1        0.00   0.00   
 ModuleIO        write_rhog                         0.00   1        0.00   0.02   
 ESolver_KS_LCAO after_scf                          0.00   1        0.00   0.01   
 Charge          atomic_rho                         0.00   1        0.00   0.00   
 ESolver_KS_LCAO after_all_runners                  13.20  1        13.20  56.49  
----------------------------------------------------------------------------------


 NAME-------------------------|MEMORY(MB)--------
                         total          489.3
                 Gint::DMRGint          147.7
                  Gint::hRGint          73.85
                  meshball_pos          27.49
       TwoCenterTable: Kinetic          26.20
       TwoCenterTable: Overlap          26.20
               GT::ind_bigcell          21.85
      TwoCenterTable: Nonlocal          21.32
            DensityMatrix::DMR          21.19
               GT::index2ucell          17.16
                  meshcell_pos          16.50
              GT::index2normal          13.66
         GT::in_this_processor          13.65
                    index_ball          12.77
             GT::which_bigcell          12.69
            GT::how_many_atoms          8.196
                HamiltLCAO::sR          6.504
                HamiltLCAO::hR          5.845
                GT::which_atom          4.587
      GT::bigcell_on_processor          3.413
                tau_in_bigcell          2.750
                 GT::start_ind          2.052
 -------------   < 1.0 MB has been ignored ----------------
 ----------------------------------------------------------

 Start  Time  : Wed Dec 24 18:26:41 2025
 Finish Time  : Wed Dec 24 18:27:04 2025
 Total  Time  : 0 h 0 mins 23 secs 
