 AUTO_SET NBANDS to 25
 Grid_Technique::init_atoms_on_grid  warning : No atom on this sub-FFT-mesh.
      Processor           Atom
              1            274
              2            272
              3            267
              4            271
              5            271
              6            274
              7            271
              8            271
              9            267
             10            273
             11              0
             12              0
             13              0
             14              0
             15              0
             16              0
 ModuleIO::read_rhog  warning : Can't open file OUT.Dos//Dos-CHARGE-DENSITY.restart
 Charge  warning : Charge is not equal to the number of electrons!
                 charge before normalized = 20.999991163134
                  charge after normalized = 21.0000000000001
                            startmag_type = 1
                       charge from rho_at = 2.88724659386395
                         charge should be = 3
                            startmag_type = 1
                       charge from rho_at = 5.99904704283839
                         charge should be = 6

 SETUP ATOMIC RHO FOR SPIN 1
                 Electron number from rho = 12.5

 SETUP ATOMIC RHO FOR SPIN 2
                 Electron number from rho = 8.50000000000001
           total electron number from rho = 21
                                should be = 21
