2025-12-25 17:05:30,230 - AutoSubmitter - INFO - ======================================================================
2025-12-25 17:05:30,230 - AutoSubmitter - INFO - Slurm 自动提交器启动
2025-12-25 17:05:30,231 - AutoSubmitter - INFO - ======================================================================
2025-12-25 17:05:30,231 - AutoSubmitter - INFO - 工作目录: batch_work/
2025-12-25 17:05:30,231 - AutoSubmitter - INFO - 分区: deimos
2025-12-25 17:05:30,231 - AutoSubmitter - INFO - 节点限制: 10
2025-12-25 17:05:30,231 - AutoSubmitter - INFO - 任务限制: 1000
2025-12-25 17:05:30,231 - AutoSubmitter - INFO - 提交间隔: 0.5秒
2025-12-25 17:05:30,231 - AutoSubmitter - INFO - 检查间隔: 80.0秒
2025-12-25 17:05:30,231 - AutoSubmitter - INFO - ======================================================================
2025-12-25 17:05:30,231 - AutoSubmitter - INFO - 扫描作业脚本: batch_work/
2025-12-25 17:05:30,238 - AutoSubmitter - INFO - 找到 100 个脚本文件
2025-12-25 17:05:30,281 - AutoSubmitter - INFO - 队列中共有 100 个作业待提交
2025-12-25 17:05:30,331 - AutoSubmitter - INFO - 队列状态 - 总任务:5, 运行中:5, 使用节点:5/10, 待提交:100
2025-12-25 17:05:30,414 - AutoSubmitter - INFO - 作业已提交: hmat_163 (ID: 3645547)
2025-12-25 17:05:30,999 - AutoSubmitter - INFO - 作业已提交: hmat_155 (ID: 3645548)
2025-12-25 17:05:31,584 - AutoSubmitter - INFO - 作业已提交: hmat_2104 (ID: 3645549)
2025-12-25 17:05:32,168 - AutoSubmitter - INFO - 作业已提交: hmat_12 (ID: 3645550)
2025-12-25 17:05:32,753 - AutoSubmitter - INFO - 作业已提交: hmat_160 (ID: 3645551)
2025-12-25 17:05:33,337 - AutoSubmitter - INFO - 作业已提交: hmat_2067 (ID: 3645552)
2025-12-25 17:05:33,923 - AutoSubmitter - INFO - 作业已提交: hmat_2150 (ID: 3645553)
2025-12-25 17:05:34,512 - AutoSubmitter - INFO - 作业已提交: hmat_2010 (ID: 3645554)
2025-12-25 17:05:35,062 - AutoSubmitter - INFO - 资源不足，等待中... (节点资源不足 (当前:13, 需要:1, 限制:10))
2025-12-25 17:06:55,190 - AutoSubmitter - INFO - 队列状态 - 总任务:7, 运行中:7, 使用节点:7/10, 待提交:92
2025-12-25 17:06:55,274 - AutoSubmitter - INFO - 作业已提交: hmat_2145 (ID: 3645561)
2025-12-25 17:06:55,858 - AutoSubmitter - INFO - 作业已提交: hmat_109 (ID: 3645562)
2025-12-25 17:06:56,440 - AutoSubmitter - INFO - 作业已提交: hmat_0 (ID: 3645563)
2025-12-25 17:06:57,024 - AutoSubmitter - INFO - 作业已提交: hmat_2194 (ID: 3645565)
2025-12-25 17:06:57,609 - AutoSubmitter - INFO - 作业已提交: hmat_2021 (ID: 3645566)
2025-12-25 17:06:58,173 - AutoSubmitter - INFO - 资源不足，等待中... (节点资源不足 (当前:12, 需要:1, 限制:10))
2025-12-25 17:08:18,304 - AutoSubmitter - INFO - 队列状态 - 总任务:11, 运行中:11, 使用节点:11/10, 待提交:87
2025-12-25 17:08:18,354 - AutoSubmitter - INFO - 资源不足，等待中... (节点资源不足 (当前:11, 需要:1, 限制:10))
2025-12-25 17:09:06,583 - AutoSubmitter - INFO - 
用户中断，正在停止...
2025-12-25 17:09:06,583 - AutoSubmitter - INFO - ======================================================================
2025-12-25 17:09:06,584 - AutoSubmitter - INFO - 提交完成统计:
2025-12-25 17:09:06,584 - AutoSubmitter - INFO -   成功提交: 13
2025-12-25 17:09:06,584 - AutoSubmitter - INFO -   待提交: 87
2025-12-25 17:09:06,584 - AutoSubmitter - INFO -   失败: 0
2025-12-25 17:09:06,584 - AutoSubmitter - INFO - ======================================================================
