2025-12-29 22:12:09,598 - AutoSubmitter - INFO - ======================================================================
2025-12-29 22:12:09,599 - AutoSubmitter - INFO - Slurm 自动提交器启动
2025-12-29 22:12:09,599 - AutoSubmitter - INFO - ======================================================================
2025-12-29 22:12:09,599 - AutoSubmitter - INFO - 工作目录: batch_work2/
2025-12-29 22:12:09,599 - AutoSubmitter - INFO - 分区: allsys --reservation=hpc_test
2025-12-29 22:12:09,599 - AutoSubmitter - INFO - 节点限制: 15
2025-12-29 22:12:09,599 - AutoSubmitter - INFO - 任务限制: 1000
2025-12-29 22:12:09,599 - AutoSubmitter - INFO - 提交间隔: 0.5秒
2025-12-29 22:12:09,599 - AutoSubmitter - INFO - 检查间隔: 8.0秒
2025-12-29 22:12:09,599 - AutoSubmitter - INFO - ======================================================================
2025-12-29 22:12:09,599 - AutoSubmitter - INFO - 扫描作业脚本: batch_work2/
2025-12-29 22:12:09,776 - AutoSubmitter - INFO - 找到 100 个脚本文件
2025-12-29 22:12:09,873 - AutoSubmitter - INFO - 队列中共有 100 个作业待提交
2025-12-29 22:12:09,949 - AutoSubmitter - INFO - 队列状态 - 总任务:0, 运行中:0, 使用节点:0/15, 待提交:100
2025-12-29 22:12:10,070 - AutoSubmitter - INFO - 作业已提交: hmat_2113 (ID: 9375)
2025-12-29 22:12:10,698 - AutoSubmitter - INFO - 作业已提交: hmat_113 (ID: 9376)
2025-12-29 22:12:11,309 - AutoSubmitter - INFO - 作业已提交: hmat_2213 (ID: 9377)
2025-12-29 22:12:11,918 - AutoSubmitter - INFO - 作业已提交: hmat_2056 (ID: 9378)
2025-12-29 22:12:12,544 - AutoSubmitter - INFO - 作业已提交: hmat_155 (ID: 9379)
2025-12-29 22:12:13,149 - AutoSubmitter - INFO - 作业已提交: hmat_16 (ID: 9380)
2025-12-29 22:12:13,764 - AutoSubmitter - INFO - 作业已提交: hmat_103 (ID: 9381)
2025-12-29 22:12:14,456 - AutoSubmitter - INFO - 作业已提交: hmat_2083 (ID: 9382)
2025-12-29 22:12:15,086 - AutoSubmitter - INFO - 作业已提交: hmat_2160 (ID: 9383)
2025-12-29 22:12:15,696 - AutoSubmitter - INFO - 作业已提交: hmat_18 (ID: 9384)
2025-12-29 22:12:16,317 - AutoSubmitter - INFO - 作业已提交: hmat_12 (ID: 9385)
2025-12-29 22:12:16,959 - AutoSubmitter - INFO - 作业已提交: hmat_2200 (ID: 9386)
2025-12-29 22:12:17,589 - AutoSubmitter - INFO - 作业已提交: hmat_106 (ID: 9387)
2025-12-29 22:12:18,154 - AutoSubmitter - INFO - 队列状态 - 总任务:13, 运行中:12, 使用节点:12/15, 待提交:87
2025-12-29 22:12:18,255 - AutoSubmitter - INFO - 作业已提交: hmat_2158 (ID: 9388)
2025-12-29 22:12:18,875 - AutoSubmitter - INFO - 作业已提交: hmat_2089 (ID: 9389)
2025-12-29 22:12:19,445 - AutoSubmitter - INFO - 资源不足，等待中... (节点资源不足 (当前:15, 需要:1, 限制:15))
2025-12-29 22:12:27,541 - AutoSubmitter - INFO - 队列状态 - 总任务:15, 运行中:15, 使用节点:15/15, 待提交:85
2025-12-29 22:12:27,602 - AutoSubmitter - INFO - 资源不足，等待中... (节点资源不足 (当前:15, 需要:1, 限制:15))
2025-12-29 22:12:35,674 - AutoSubmitter - INFO - 队列状态 - 总任务:15, 运行中:15, 使用节点:15/15, 待提交:85
2025-12-29 22:12:35,743 - AutoSubmitter - INFO - 资源不足，等待中... (节点资源不足 (当前:15, 需要:1, 限制:15))
2025-12-29 22:12:43,851 - AutoSubmitter - INFO - 队列状态 - 总任务:15, 运行中:14, 使用节点:14/15, 待提交:85
2025-12-29 22:12:43,963 - AutoSubmitter - INFO - 作业已提交: hmat_2057 (ID: 9390)
2025-12-29 22:12:44,548 - AutoSubmitter - INFO - 资源不足，等待中... (节点资源不足 (当前:15, 需要:1, 限制:15))
2025-12-29 22:12:52,642 - AutoSubmitter - INFO - 队列状态 - 总任务:15, 运行中:15, 使用节点:15/15, 待提交:84
2025-12-29 22:12:52,734 - AutoSubmitter - INFO - 资源不足，等待中... (节点资源不足 (当前:15, 需要:1, 限制:15))
2025-12-29 22:13:00,812 - AutoSubmitter - INFO - 队列状态 - 总任务:15, 运行中:15, 使用节点:15/15, 待提交:84
2025-12-29 22:13:00,877 - AutoSubmitter - INFO - 资源不足，等待中... (节点资源不足 (当前:15, 需要:1, 限制:15))
2025-12-29 22:13:08,959 - AutoSubmitter - INFO - 队列状态 - 总任务:15, 运行中:15, 使用节点:15/15, 待提交:84
2025-12-29 22:13:09,049 - AutoSubmitter - INFO - 资源不足，等待中... (节点资源不足 (当前:15, 需要:1, 限制:15))
2025-12-29 22:13:17,135 - AutoSubmitter - INFO - 队列状态 - 总任务:15, 运行中:15, 使用节点:15/15, 待提交:84
2025-12-29 22:13:17,206 - AutoSubmitter - INFO - 资源不足，等待中... (节点资源不足 (当前:15, 需要:1, 限制:15))
2025-12-29 22:13:25,288 - AutoSubmitter - INFO - 队列状态 - 总任务:14, 运行中:14, 使用节点:14/15, 待提交:84
2025-12-29 22:13:25,413 - AutoSubmitter - INFO - 作业已提交: hmat_109 (ID: 9391)
2025-12-29 22:13:26,039 - AutoSubmitter - INFO - 作业已提交: hmat_2097 (ID: 9392)
2025-12-29 22:13:26,654 - AutoSubmitter - INFO - 作业已提交: hmat_2073 (ID: 9393)
2025-12-29 22:13:27,239 - AutoSubmitter - INFO - 资源不足，等待中... (节点资源不足 (当前:17, 需要:1, 限制:15))
2025-12-29 22:13:35,327 - AutoSubmitter - INFO - 队列状态 - 总任务:17, 运行中:17, 使用节点:17/15, 待提交:81
2025-12-29 22:13:35,394 - AutoSubmitter - INFO - 资源不足，等待中... (节点资源不足 (当前:17, 需要:1, 限制:15))
2025-12-29 22:13:43,472 - AutoSubmitter - INFO - 队列状态 - 总任务:17, 运行中:17, 使用节点:17/15, 待提交:81
2025-12-29 22:13:43,545 - AutoSubmitter - INFO - 资源不足，等待中... (节点资源不足 (当前:17, 需要:1, 限制:15))
2025-12-29 22:13:51,615 - AutoSubmitter - INFO - 队列状态 - 总任务:17, 运行中:17, 使用节点:17/15, 待提交:81
2025-12-29 22:13:51,682 - AutoSubmitter - INFO - 资源不足，等待中... (节点资源不足 (当前:17, 需要:1, 限制:15))
2025-12-29 22:13:59,753 - AutoSubmitter - INFO - 队列状态 - 总任务:17, 运行中:17, 使用节点:17/15, 待提交:81
2025-12-29 22:13:59,831 - AutoSubmitter - INFO - 资源不足，等待中... (节点资源不足 (当前:17, 需要:1, 限制:15))
2025-12-29 22:14:07,920 - AutoSubmitter - INFO - 队列状态 - 总任务:17, 运行中:17, 使用节点:17/15, 待提交:81
2025-12-29 22:14:07,986 - AutoSubmitter - INFO - 资源不足，等待中... (节点资源不足 (当前:17, 需要:1, 限制:15))
2025-12-29 22:14:16,100 - AutoSubmitter - INFO - 队列状态 - 总任务:17, 运行中:17, 使用节点:17/15, 待提交:81
2025-12-29 22:14:16,168 - AutoSubmitter - INFO - 资源不足，等待中... (节点资源不足 (当前:17, 需要:1, 限制:15))
2025-12-29 22:14:24,179 - AutoSubmitter - INFO - ✅ 配置已更新并应用
2025-12-29 22:14:24,179 - AutoSubmitter - INFO -    当前节点限制: 60
2025-12-29 22:14:24,179 - AutoSubmitter - INFO -    当前任务限制: 1000
2025-12-29 22:14:24,179 - AutoSubmitter - INFO -    当前提交间隔: 0.5秒
2025-12-29 22:14:24,179 - AutoSubmitter - INFO -    当前检查间隔: 8.0秒
2025-12-29 22:14:24,258 - AutoSubmitter - INFO - 队列状态 - 总任务:16, 运行中:16, 使用节点:16/60, 待提交:81
2025-12-29 22:14:24,390 - AutoSubmitter - INFO - 作业已提交: hmat_2199 (ID: 9394)
2025-12-29 22:14:25,014 - AutoSubmitter - INFO - 作业已提交: hmat_2126 (ID: 9395)
2025-12-29 22:14:25,632 - AutoSubmitter - INFO - 作业已提交: hmat_117 (ID: 9396)
2025-12-29 22:14:26,239 - AutoSubmitter - INFO - 作业已提交: hmat_138 (ID: 9397)
2025-12-29 22:14:26,906 - AutoSubmitter - INFO - 作业已提交: hmat_2127 (ID: 9398)
2025-12-29 22:14:27,554 - AutoSubmitter - INFO - 作业已提交: hmat_2184 (ID: 9399)
2025-12-29 22:14:28,170 - AutoSubmitter - INFO - 作业已提交: hmat_2010 (ID: 9400)
2025-12-29 22:14:28,789 - AutoSubmitter - INFO - 作业已提交: hmat_2214 (ID: 9401)
2025-12-29 22:14:29,407 - AutoSubmitter - INFO - 作业已提交: hmat_2042 (ID: 9402)
2025-12-29 22:14:30,042 - AutoSubmitter - INFO - 作业已提交: hmat_2189 (ID: 9403)
2025-12-29 22:14:30,656 - AutoSubmitter - INFO - 作业已提交: hmat_2209 (ID: 9404)
2025-12-29 22:14:31,258 - AutoSubmitter - INFO - 作业已提交: hmat_2121 (ID: 9405)
2025-12-29 22:14:31,877 - AutoSubmitter - INFO - 作业已提交: hmat_2135 (ID: 9406)
2025-12-29 22:14:32,447 - AutoSubmitter - INFO - 队列状态 - 总任务:29, 运行中:24, 使用节点:24/60, 待提交:68
2025-12-29 22:14:32,568 - AutoSubmitter - INFO - 作业已提交: hmat_2197 (ID: 9407)
2025-12-29 22:14:33,180 - AutoSubmitter - INFO - 作业已提交: hmat_148 (ID: 9408)
2025-12-29 22:14:33,784 - AutoSubmitter - INFO - 作业已提交: hmat_2190 (ID: 9409)
2025-12-29 22:14:34,389 - AutoSubmitter - INFO - 作业已提交: hmat_2093 (ID: 9410)
2025-12-29 22:14:34,996 - AutoSubmitter - INFO - 作业已提交: hmat_2025 (ID: 9411)
2025-12-29 22:14:35,607 - AutoSubmitter - INFO - 作业已提交: hmat_0 (ID: 9412)
2025-12-29 22:14:36,213 - AutoSubmitter - INFO - 作业已提交: hmat_2150 (ID: 9413)
2025-12-29 22:14:36,927 - AutoSubmitter - INFO - 作业已提交: hmat_2107 (ID: 9414)
2025-12-29 22:14:37,539 - AutoSubmitter - INFO - 作业已提交: hmat_2028 (ID: 9415)
2025-12-29 22:14:38,163 - AutoSubmitter - INFO - 作业已提交: hmat_158 (ID: 9416)
2025-12-29 22:14:38,770 - AutoSubmitter - INFO - 作业已提交: hmat_2070 (ID: 9417)
2025-12-29 22:14:39,382 - AutoSubmitter - INFO - 作业已提交: hmat_171 (ID: 9418)
2025-12-29 22:14:39,994 - AutoSubmitter - INFO - 作业已提交: hmat_2074 (ID: 9419)
2025-12-29 22:14:40,563 - AutoSubmitter - INFO - 队列状态 - 总任务:42, 运行中:38, 使用节点:38/60, 待提交:55
2025-12-29 22:14:40,691 - AutoSubmitter - INFO - 作业已提交: hmat_2104 (ID: 9420)
2025-12-29 22:14:41,295 - AutoSubmitter - INFO - 作业已提交: hmat_160 (ID: 9421)
2025-12-29 22:14:41,911 - AutoSubmitter - INFO - 作业已提交: hmat_173 (ID: 9422)
2025-12-29 22:14:42,526 - AutoSubmitter - INFO - 作业已提交: hmat_2180 (ID: 9423)
2025-12-29 22:14:43,139 - AutoSubmitter - INFO - 作业已提交: hmat_2179 (ID: 9424)
2025-12-29 22:14:43,744 - AutoSubmitter - INFO - 作业已提交: hmat_2031 (ID: 9425)
2025-12-29 22:14:44,365 - AutoSubmitter - INFO - 作业已提交: hmat_2103 (ID: 9426)
2025-12-29 22:14:44,976 - AutoSubmitter - INFO - 作业已提交: hmat_169 (ID: 9427)
2025-12-29 22:14:45,573 - AutoSubmitter - INFO - 作业已提交: hmat_2099 (ID: 9428)
2025-12-29 22:14:46,195 - AutoSubmitter - INFO - 作业已提交: hmat_200 (ID: 9429)
2025-12-29 22:14:46,847 - AutoSubmitter - INFO - 作业已提交: hmat_2183 (ID: 9430)
2025-12-29 22:14:47,456 - AutoSubmitter - INFO - 作业已提交: hmat_122 (ID: 9431)
2025-12-29 22:14:48,052 - AutoSubmitter - INFO - 作业已提交: hmat_2194 (ID: 9432)
2025-12-29 22:14:48,611 - AutoSubmitter - INFO - 队列状态 - 总任务:55, 运行中:53, 使用节点:53/60, 待提交:42
2025-12-29 22:14:48,714 - AutoSubmitter - INFO - 作业已提交: hmat_126 (ID: 9433)
2025-12-29 22:14:49,312 - AutoSubmitter - INFO - 作业已提交: hmat_2063 (ID: 9434)
2025-12-29 22:14:49,920 - AutoSubmitter - INFO - 作业已提交: hmat_2009 (ID: 9435)
2025-12-29 22:14:50,545 - AutoSubmitter - INFO - 作业已提交: hmat_2019 (ID: 9436)
2025-12-29 22:14:51,161 - AutoSubmitter - INFO - 作业已提交: hmat_2067 (ID: 9437)
2025-12-29 22:14:51,787 - AutoSubmitter - INFO - 作业已提交: hmat_2060 (ID: 9438)
2025-12-29 22:14:52,427 - AutoSubmitter - INFO - 作业已提交: hmat_2169 (ID: 9439)
2025-12-29 22:14:53,053 - AutoSubmitter - INFO - 作业已提交: hmat_2141 (ID: 9440)
2025-12-29 22:14:53,653 - AutoSubmitter - INFO - 作业已提交: hmat_170 (ID: 9441)
2025-12-29 22:14:54,219 - AutoSubmitter - INFO - 资源不足，等待中... (节点资源不足 (当前:64, 需要:1, 限制:60))
2025-12-29 22:15:02,293 - AutoSubmitter - INFO - 队列状态 - 总任务:62, 运行中:62, 使用节点:62/60, 待提交:33
2025-12-29 22:15:02,356 - AutoSubmitter - INFO - 资源不足，等待中... (节点资源不足 (当前:62, 需要:1, 限制:60))
2025-12-29 22:15:10,442 - AutoSubmitter - INFO - 队列状态 - 总任务:61, 运行中:61, 使用节点:61/60, 待提交:33
2025-12-29 22:15:10,508 - AutoSubmitter - INFO - 资源不足，等待中... (节点资源不足 (当前:61, 需要:1, 限制:60))
2025-12-29 22:15:18,589 - AutoSubmitter - INFO - 队列状态 - 总任务:61, 运行中:61, 使用节点:61/60, 待提交:33
2025-12-29 22:15:18,661 - AutoSubmitter - INFO - 资源不足，等待中... (节点资源不足 (当前:61, 需要:1, 限制:60))
2025-12-29 22:15:26,751 - AutoSubmitter - INFO - 队列状态 - 总任务:61, 运行中:61, 使用节点:61/60, 待提交:33
2025-12-29 22:15:26,832 - AutoSubmitter - INFO - 资源不足，等待中... (节点资源不足 (当前:61, 需要:1, 限制:60))
2025-12-29 22:15:34,909 - AutoSubmitter - INFO - 队列状态 - 总任务:61, 运行中:61, 使用节点:61/60, 待提交:33
2025-12-29 22:15:34,973 - AutoSubmitter - INFO - 资源不足，等待中... (节点资源不足 (当前:61, 需要:1, 限制:60))
2025-12-29 22:15:43,049 - AutoSubmitter - INFO - 队列状态 - 总任务:60, 运行中:60, 使用节点:60/60, 待提交:33
2025-12-29 22:15:43,112 - AutoSubmitter - INFO - 资源不足，等待中... (节点资源不足 (当前:60, 需要:1, 限制:60))
2025-12-29 22:15:51,197 - AutoSubmitter - INFO - 队列状态 - 总任务:60, 运行中:60, 使用节点:60/60, 待提交:33
2025-12-29 22:15:51,262 - AutoSubmitter - INFO - 资源不足，等待中... (节点资源不足 (当前:60, 需要:1, 限制:60))
2025-12-29 22:15:59,347 - AutoSubmitter - INFO - 队列状态 - 总任务:59, 运行中:59, 使用节点:59/60, 待提交:33
2025-12-29 22:15:59,467 - AutoSubmitter - INFO - 作业已提交: hmat_2145 (ID: 9442)
2025-12-29 22:16:00,040 - AutoSubmitter - INFO - 资源不足，等待中... (节点资源不足 (当前:60, 需要:1, 限制:60))
2025-12-29 22:16:08,122 - AutoSubmitter - INFO - 队列状态 - 总任务:59, 运行中:58, 使用节点:58/60, 待提交:32
2025-12-29 22:16:08,227 - AutoSubmitter - INFO - 作业已提交: hmat_2046 (ID: 9443)
2025-12-29 22:16:08,828 - AutoSubmitter - INFO - 作业已提交: hmat_128 (ID: 9444)
2025-12-29 22:16:09,388 - AutoSubmitter - INFO - 资源不足，等待中... (节点资源不足 (当前:60, 需要:1, 限制:60))
2025-12-29 22:16:17,474 - AutoSubmitter - INFO - 队列状态 - 总任务:58, 运行中:58, 使用节点:58/60, 待提交:30
2025-12-29 22:16:17,591 - AutoSubmitter - INFO - 作业已提交: hmat_2021 (ID: 9445)
2025-12-29 22:16:18,195 - AutoSubmitter - INFO - 作业已提交: hmat_2052 (ID: 9446)
2025-12-29 22:16:18,805 - AutoSubmitter - INFO - 作业已提交: hmat_2122 (ID: 9447)
2025-12-29 22:16:19,407 - AutoSubmitter - INFO - 作业已提交: hmat_107 (ID: 9448)
2025-12-29 22:16:20,016 - AutoSubmitter - INFO - 作业已提交: hmat_1993 (ID: 9449)
2025-12-29 22:16:20,579 - AutoSubmitter - INFO - 资源不足，等待中... (节点资源不足 (当前:62, 需要:1, 限制:60))
2025-12-29 22:16:28,591 - AutoSubmitter - INFO - ✅ 配置已更新并应用
2025-12-29 22:16:28,592 - AutoSubmitter - INFO -    当前节点限制: 100
2025-12-29 22:16:28,592 - AutoSubmitter - INFO -    当前任务限制: 1000
2025-12-29 22:16:28,592 - AutoSubmitter - INFO -    当前提交间隔: 0.5秒
2025-12-29 22:16:28,592 - AutoSubmitter - INFO -    当前检查间隔: 8.0秒
2025-12-29 22:16:28,662 - AutoSubmitter - INFO - 队列状态 - 总任务:61, 运行中:61, 使用节点:61/100, 待提交:25
2025-12-29 22:16:28,774 - AutoSubmitter - INFO - 作业已提交: hmat_2020 (ID: 9450)
2025-12-29 22:16:29,377 - AutoSubmitter - INFO - 作业已提交: hmat_2155 (ID: 9451)
2025-12-29 22:16:29,988 - AutoSubmitter - INFO - 作业已提交: hmat_2117 (ID: 9452)
2025-12-29 22:16:30,591 - AutoSubmitter - INFO - 作业已提交: hmat_2045 (ID: 9453)
2025-12-29 22:16:31,203 - AutoSubmitter - INFO - 作业已提交: hmat_164 (ID: 9454)
2025-12-29 22:16:31,806 - AutoSubmitter - INFO - 作业已提交: hmat_2170 (ID: 9455)
2025-12-29 22:16:32,414 - AutoSubmitter - INFO - 作业已提交: hmat_2225 (ID: 9456)
2025-12-29 22:16:33,014 - AutoSubmitter - INFO - 作业已提交: hmat_2077 (ID: 9457)
2025-12-29 22:16:33,637 - AutoSubmitter - INFO - 作业已提交: hmat_152 (ID: 9458)
2025-12-29 22:16:34,239 - AutoSubmitter - INFO - 作业已提交: hmat_2151 (ID: 9459)
2025-12-29 22:16:34,843 - AutoSubmitter - INFO - 作业已提交: hmat_2136 (ID: 9460)
2025-12-29 22:16:35,436 - AutoSubmitter - INFO - 作业已提交: hmat_136 (ID: 9461)
2025-12-29 22:16:36,043 - AutoSubmitter - INFO - 作业已提交: hmat_2174 (ID: 9462)
2025-12-29 22:16:36,648 - AutoSubmitter - INFO - 作业已提交: hmat_132 (ID: 9463)
2025-12-29 22:16:37,212 - AutoSubmitter - INFO - 队列状态 - 总任务:75, 运行中:73, 使用节点:73/100, 待提交:11
2025-12-29 22:16:37,306 - AutoSubmitter - INFO - 作业已提交: hmat_149 (ID: 9464)
2025-12-29 22:16:37,922 - AutoSubmitter - INFO - 作业已提交: hmat_141 (ID: 9465)
2025-12-29 22:16:38,526 - AutoSubmitter - INFO - 作业已提交: hmat_2228 (ID: 9466)
2025-12-29 22:16:39,139 - AutoSubmitter - INFO - 作业已提交: hmat_2051 (ID: 9467)
2025-12-29 22:16:39,748 - AutoSubmitter - INFO - 作业已提交: hmat_163 (ID: 9468)
2025-12-29 22:16:40,357 - AutoSubmitter - INFO - 作业已提交: hmat_2224 (ID: 9469)
2025-12-29 22:16:40,968 - AutoSubmitter - INFO - 作业已提交: hmat_2087 (ID: 9470)
2025-12-29 22:16:41,579 - AutoSubmitter - INFO - 作业已提交: hmat_145 (ID: 9471)
2025-12-29 22:16:42,196 - AutoSubmitter - INFO - 作业已提交: hmat_2038 (ID: 9472)
2025-12-29 22:16:42,822 - AutoSubmitter - INFO - 作业已提交: hmat_156 (ID: 9473)
2025-12-29 22:16:43,431 - AutoSubmitter - INFO - 作业已提交: hmat_2125 (ID: 9474)
2025-12-29 22:16:43,932 - AutoSubmitter - INFO - ======================================================================
2025-12-29 22:16:43,932 - AutoSubmitter - INFO - 提交完成统计:
2025-12-29 22:16:43,932 - AutoSubmitter - INFO -   成功提交: 100
2025-12-29 22:16:43,932 - AutoSubmitter - INFO -   待提交: 0
2025-12-29 22:16:43,932 - AutoSubmitter - INFO -   失败: 0
2025-12-29 22:16:43,932 - AutoSubmitter - INFO - ======================================================================
