2025-12-29 22:35:08,525 - AutoSubmitter - INFO - ======================================================================
2025-12-29 22:35:08,526 - AutoSubmitter - INFO - Slurm 自动提交器启动
2025-12-29 22:35:08,527 - AutoSubmitter - INFO - ======================================================================
2025-12-29 22:35:08,527 - AutoSubmitter - INFO - 工作目录: batch_work2/
2025-12-29 22:35:08,527 - AutoSubmitter - INFO - 分区: allsys --reservation=hpc_test
2025-12-29 22:35:08,527 - AutoSubmitter - INFO - 节点限制: 100
2025-12-29 22:35:08,527 - AutoSubmitter - INFO - 任务限制: 1000
2025-12-29 22:35:08,527 - AutoSubmitter - INFO - 提交间隔: 0.5秒
2025-12-29 22:35:08,527 - AutoSubmitter - INFO - 检查间隔: 8.0秒
2025-12-29 22:35:08,527 - AutoSubmitter - INFO - ======================================================================
2025-12-29 22:35:08,527 - AutoSubmitter - INFO - 扫描作业脚本: batch_work2/
2025-12-29 22:35:08,562 - AutoSubmitter - INFO - 找到 19 个脚本文件
2025-12-29 22:35:08,584 - AutoSubmitter - INFO - 队列中共有 19 个作业待提交
2025-12-29 22:35:08,659 - AutoSubmitter - INFO - 队列状态 - 总任务:0, 运行中:0, 使用节点:0/100, 待提交:19
2025-12-29 22:35:08,763 - AutoSubmitter - INFO - 作业已提交: hmat_113 (ID: 9576)
2025-12-29 22:35:09,358 - AutoSubmitter - INFO - 
用户中断，正在停止...
2025-12-29 22:35:09,359 - AutoSubmitter - INFO - ======================================================================
2025-12-29 22:35:09,359 - AutoSubmitter - INFO - 提交完成统计:
2025-12-29 22:35:09,359 - AutoSubmitter - INFO -   成功提交: 1
2025-12-29 22:35:09,359 - AutoSubmitter - INFO -   待提交: 17
2025-12-29 22:35:09,359 - AutoSubmitter - INFO -   失败: 0
2025-12-29 22:35:09,359 - AutoSubmitter - INFO - ======================================================================
