2025-12-26 10:19:16,923 - AutoSubmitter - INFO - ======================================================================
2025-12-26 10:19:16,924 - AutoSubmitter - INFO - Slurm 自动提交器启动
2025-12-26 10:19:16,925 - AutoSubmitter - INFO - ======================================================================
2025-12-26 10:19:16,925 - AutoSubmitter - INFO - 工作目录: /XYFS01/nscc-gz_pinchen_1/work/dev/abacusflow/batch_work
2025-12-26 10:19:16,925 - AutoSubmitter - INFO - 分区: deimos
2025-12-26 10:19:16,925 - AutoSubmitter - INFO - 节点限制: 10
2025-12-26 10:19:16,925 - AutoSubmitter - INFO - 任务限制: 1000
2025-12-26 10:19:16,925 - AutoSubmitter - INFO - 提交间隔: 0.5秒
2025-12-26 10:19:16,925 - AutoSubmitter - INFO - 检查间隔: 8.0秒
2025-12-26 10:19:16,926 - AutoSubmitter - INFO - 模式: 续算脚本提交 (*_resume.sh)
2025-12-26 10:19:16,926 - AutoSubmitter - INFO - ======================================================================
2025-12-26 10:19:16,926 - AutoSubmitter - INFO - 扫描作业脚本: /XYFS01/nscc-gz_pinchen_1/work/dev/abacusflow/batch_work
2025-12-26 10:19:16,926 - AutoSubmitter - INFO -   包含续算脚本 (*_resume.sh)
2025-12-26 10:19:17,726 - AutoSubmitter - INFO - 找到 68 个脚本文件
2025-12-26 10:19:17,787 - AutoSubmitter - INFO - 队列中共有 68 个作业待提交
2025-12-26 10:19:17,879 - AutoSubmitter - INFO - 队列状态 - 总任务:0, 运行中:0, 使用节点:0/10, 待提交:68
2025-12-26 10:19:18,004 - AutoSubmitter - INFO - 作业已提交: hmat_2104 (ID: 3649081)
2025-12-26 10:19:18,638 - AutoSubmitter - INFO - 作业已提交: hmat_2067 (ID: 3649082)
2025-12-26 10:19:19,258 - AutoSubmitter - INFO - 作业已提交: hmat_2150 (ID: 3649083)
2025-12-26 10:19:19,878 - AutoSubmitter - INFO - 作业已提交: hmat_2194 (ID: 3649084)
2025-12-26 10:19:20,494 - AutoSubmitter - INFO - 作业已提交: hmat_2021 (ID: 3649085)
2025-12-26 10:19:21,109 - AutoSubmitter - INFO - 作业已提交: hmat_2121 (ID: 3649086)
2025-12-26 10:19:21,728 - AutoSubmitter - INFO - 作业已提交: hmat_16 (ID: 3649087)
2025-12-26 10:19:22,347 - AutoSubmitter - INFO - 作业已提交: hmat_148 (ID: 3649088)
2025-12-26 10:19:22,957 - AutoSubmitter - INFO - 作业已提交: hmat_2170 (ID: 3649089)
2025-12-26 10:19:23,574 - AutoSubmitter - INFO - 作业已提交: hmat_2183 (ID: 3649090)
2025-12-26 10:19:24,141 - AutoSubmitter - INFO - 资源不足，等待中... (节点资源不足 (当前:10, 需要:1, 限制:10))
2025-12-26 10:19:32,216 - AutoSubmitter - INFO - 队列状态 - 总任务:10, 运行中:10, 使用节点:10/10, 待提交:58
2025-12-26 10:19:32,280 - AutoSubmitter - INFO - 资源不足，等待中... (节点资源不足 (当前:10, 需要:1, 限制:10))
2025-12-26 10:19:40,355 - AutoSubmitter - INFO - 队列状态 - 总任务:10, 运行中:10, 使用节点:10/10, 待提交:58
2025-12-26 10:19:40,421 - AutoSubmitter - INFO - 资源不足，等待中... (节点资源不足 (当前:10, 需要:1, 限制:10))
2025-12-26 10:19:48,500 - AutoSubmitter - INFO - 队列状态 - 总任务:10, 运行中:10, 使用节点:10/10, 待提交:58
2025-12-26 10:19:48,564 - AutoSubmitter - INFO - 资源不足，等待中... (节点资源不足 (当前:10, 需要:1, 限制:10))
2025-12-26 10:19:56,645 - AutoSubmitter - INFO - 队列状态 - 总任务:8, 运行中:8, 使用节点:8/10, 待提交:58
2025-12-26 10:19:56,758 - AutoSubmitter - INFO - 作业已提交: hmat_2141 (ID: 3649095)
2025-12-26 10:19:57,374 - AutoSubmitter - INFO - 作业已提交: hmat_2063 (ID: 3649096)
2025-12-26 10:19:58,151 - AutoSubmitter - INFO - 作业已提交: hmat_152 (ID: 3649097)
2025-12-26 10:19:58,894 - AutoSubmitter - INFO - 作业已提交: hmat_2038 (ID: 3649098)
2025-12-26 10:19:59,519 - AutoSubmitter - INFO - 作业已提交: hmat_2213 (ID: 3649099)
2025-12-26 10:20:00,092 - AutoSubmitter - INFO - 资源不足，等待中... (节点资源不足 (当前:13, 需要:1, 限制:10))
2025-12-26 10:20:08,167 - AutoSubmitter - INFO - 队列状态 - 总任务:13, 运行中:13, 使用节点:13/10, 待提交:53
2025-12-26 10:20:08,236 - AutoSubmitter - INFO - 资源不足，等待中... (节点资源不足 (当前:13, 需要:1, 限制:10))
2025-12-26 10:20:16,312 - AutoSubmitter - INFO - 队列状态 - 总任务:13, 运行中:13, 使用节点:13/10, 待提交:53
2025-12-26 10:20:16,379 - AutoSubmitter - INFO - 资源不足，等待中... (节点资源不足 (当前:13, 需要:1, 限制:10))
2025-12-26 10:20:24,598 - AutoSubmitter - INFO - 队列状态 - 总任务:12, 运行中:12, 使用节点:12/10, 待提交:53
2025-12-26 10:20:24,674 - AutoSubmitter - INFO - 资源不足，等待中... (节点资源不足 (当前:12, 需要:1, 限制:10))
2025-12-26 10:20:32,869 - AutoSubmitter - INFO - 队列状态 - 总任务:12, 运行中:12, 使用节点:12/10, 待提交:53
2025-12-26 10:20:32,933 - AutoSubmitter - INFO - 资源不足，等待中... (节点资源不足 (当前:12, 需要:1, 限制:10))
2025-12-26 10:20:41,151 - AutoSubmitter - INFO - 队列状态 - 总任务:12, 运行中:12, 使用节点:12/10, 待提交:53
2025-12-26 10:20:41,216 - AutoSubmitter - INFO - 资源不足，等待中... (节点资源不足 (当前:12, 需要:1, 限制:10))
2025-12-26 10:20:49,409 - AutoSubmitter - INFO - 队列状态 - 总任务:12, 运行中:12, 使用节点:12/10, 待提交:53
2025-12-26 10:20:49,479 - AutoSubmitter - INFO - 资源不足，等待中... (节点资源不足 (当前:12, 需要:1, 限制:10))
2025-12-26 10:20:57,718 - AutoSubmitter - INFO - 队列状态 - 总任务:12, 运行中:12, 使用节点:12/10, 待提交:53
2025-12-26 10:20:57,792 - AutoSubmitter - INFO - 资源不足，等待中... (节点资源不足 (当前:12, 需要:1, 限制:10))
2025-12-26 10:21:05,873 - AutoSubmitter - INFO - 队列状态 - 总任务:12, 运行中:12, 使用节点:12/10, 待提交:53
2025-12-26 10:21:05,944 - AutoSubmitter - INFO - 资源不足，等待中... (节点资源不足 (当前:12, 需要:1, 限制:10))
2025-12-26 10:21:14,018 - AutoSubmitter - INFO - 队列状态 - 总任务:12, 运行中:12, 使用节点:12/10, 待提交:53
2025-12-26 10:21:14,089 - AutoSubmitter - INFO - 资源不足，等待中... (节点资源不足 (当前:12, 需要:1, 限制:10))
2025-12-26 10:21:22,321 - AutoSubmitter - INFO - 队列状态 - 总任务:12, 运行中:12, 使用节点:12/10, 待提交:53
2025-12-26 10:21:22,389 - AutoSubmitter - INFO - 资源不足，等待中... (节点资源不足 (当前:12, 需要:1, 限制:10))
2025-12-26 10:21:30,463 - AutoSubmitter - INFO - 队列状态 - 总任务:12, 运行中:12, 使用节点:12/10, 待提交:53
2025-12-26 10:21:30,527 - AutoSubmitter - INFO - 资源不足，等待中... (节点资源不足 (当前:12, 需要:1, 限制:10))
2025-12-26 10:21:38,615 - AutoSubmitter - INFO - 队列状态 - 总任务:12, 运行中:12, 使用节点:12/10, 待提交:53
2025-12-26 10:21:38,681 - AutoSubmitter - INFO - 资源不足，等待中... (节点资源不足 (当前:12, 需要:1, 限制:10))
2025-12-26 10:21:46,811 - AutoSubmitter - INFO - 队列状态 - 总任务:12, 运行中:12, 使用节点:12/10, 待提交:53
2025-12-26 10:21:46,900 - AutoSubmitter - INFO - 资源不足，等待中... (节点资源不足 (当前:12, 需要:1, 限制:10))
2025-12-26 10:21:54,975 - AutoSubmitter - INFO - 队列状态 - 总任务:12, 运行中:12, 使用节点:12/10, 待提交:53
2025-12-26 10:21:55,050 - AutoSubmitter - INFO - 资源不足，等待中... (节点资源不足 (当前:12, 需要:1, 限制:10))
2025-12-26 10:22:03,125 - AutoSubmitter - INFO - 队列状态 - 总任务:12, 运行中:12, 使用节点:12/10, 待提交:53
2025-12-26 10:22:03,189 - AutoSubmitter - INFO - 资源不足，等待中... (节点资源不足 (当前:12, 需要:1, 限制:10))
2025-12-26 10:22:11,406 - AutoSubmitter - INFO - 队列状态 - 总任务:12, 运行中:12, 使用节点:12/10, 待提交:53
2025-12-26 10:22:11,475 - AutoSubmitter - INFO - 资源不足，等待中... (节点资源不足 (当前:12, 需要:1, 限制:10))
2025-12-26 10:22:19,555 - AutoSubmitter - INFO - 队列状态 - 总任务:12, 运行中:12, 使用节点:12/10, 待提交:53
2025-12-26 10:22:19,624 - AutoSubmitter - INFO - 资源不足，等待中... (节点资源不足 (当前:12, 需要:1, 限制:10))
2025-12-26 10:22:27,841 - AutoSubmitter - INFO - 队列状态 - 总任务:12, 运行中:12, 使用节点:12/10, 待提交:53
2025-12-26 10:22:27,914 - AutoSubmitter - INFO - 资源不足，等待中... (节点资源不足 (当前:12, 需要:1, 限制:10))
2025-12-26 10:22:35,993 - AutoSubmitter - INFO - 队列状态 - 总任务:12, 运行中:12, 使用节点:12/10, 待提交:53
2025-12-26 10:22:36,061 - AutoSubmitter - INFO - 资源不足，等待中... (节点资源不足 (当前:12, 需要:1, 限制:10))
2025-12-26 10:22:44,169 - AutoSubmitter - INFO - 队列状态 - 总任务:12, 运行中:12, 使用节点:12/10, 待提交:53
2025-12-26 10:22:44,234 - AutoSubmitter - INFO - 资源不足，等待中... (节点资源不足 (当前:12, 需要:1, 限制:10))
2025-12-26 10:22:52,309 - AutoSubmitter - INFO - 队列状态 - 总任务:12, 运行中:12, 使用节点:12/10, 待提交:53
2025-12-26 10:22:52,377 - AutoSubmitter - INFO - 资源不足，等待中... (节点资源不足 (当前:12, 需要:1, 限制:10))
2025-12-26 10:23:00,569 - AutoSubmitter - INFO - 队列状态 - 总任务:12, 运行中:12, 使用节点:12/10, 待提交:53
2025-12-26 10:23:00,636 - AutoSubmitter - INFO - 资源不足，等待中... (节点资源不足 (当前:12, 需要:1, 限制:10))
2025-12-26 10:23:08,715 - AutoSubmitter - INFO - 队列状态 - 总任务:12, 运行中:12, 使用节点:12/10, 待提交:53
2025-12-26 10:23:08,784 - AutoSubmitter - INFO - 资源不足，等待中... (节点资源不足 (当前:12, 需要:1, 限制:10))
2025-12-26 10:23:16,877 - AutoSubmitter - INFO - 队列状态 - 总任务:12, 运行中:12, 使用节点:12/10, 待提交:53
2025-12-26 10:23:16,944 - AutoSubmitter - INFO - 资源不足，等待中... (节点资源不足 (当前:12, 需要:1, 限制:10))
2025-12-26 10:23:25,016 - AutoSubmitter - INFO - 队列状态 - 总任务:11, 运行中:11, 使用节点:11/10, 待提交:53
2025-12-26 10:23:25,089 - AutoSubmitter - INFO - 资源不足，等待中... (节点资源不足 (当前:11, 需要:1, 限制:10))
2025-12-26 10:23:33,317 - AutoSubmitter - INFO - 队列状态 - 总任务:10, 运行中:10, 使用节点:10/10, 待提交:53
2025-12-26 10:23:33,388 - AutoSubmitter - INFO - 资源不足，等待中... (节点资源不足 (当前:10, 需要:1, 限制:10))
2025-12-26 10:23:41,584 - AutoSubmitter - INFO - 队列状态 - 总任务:10, 运行中:10, 使用节点:10/10, 待提交:53
2025-12-26 10:23:41,653 - AutoSubmitter - INFO - 资源不足，等待中... (节点资源不足 (当前:10, 需要:1, 限制:10))
2025-12-26 10:23:49,726 - AutoSubmitter - INFO - 队列状态 - 总任务:10, 运行中:10, 使用节点:10/10, 待提交:53
2025-12-26 10:23:49,966 - AutoSubmitter - INFO - 资源不足，等待中... (节点资源不足 (当前:10, 需要:1, 限制:10))
2025-12-26 10:23:58,177 - AutoSubmitter - INFO - 队列状态 - 总任务:10, 运行中:10, 使用节点:10/10, 待提交:53
2025-12-26 10:23:58,249 - AutoSubmitter - INFO - 资源不足，等待中... (节点资源不足 (当前:10, 需要:1, 限制:10))
2025-12-26 10:24:06,436 - AutoSubmitter - INFO - 队列状态 - 总任务:10, 运行中:10, 使用节点:10/10, 待提交:53
2025-12-26 10:24:06,502 - AutoSubmitter - INFO - 资源不足，等待中... (节点资源不足 (当前:10, 需要:1, 限制:10))
2025-12-26 10:24:14,580 - AutoSubmitter - INFO - 队列状态 - 总任务:9, 运行中:9, 使用节点:9/10, 待提交:53
2025-12-26 10:24:14,704 - AutoSubmitter - INFO - 作业已提交: hmat_2228 (ID: 3649119)
2025-12-26 10:24:15,433 - AutoSubmitter - INFO - 资源不足，等待中... (节点资源不足 (当前:10, 需要:1, 限制:10))
2025-12-26 10:24:23,624 - AutoSubmitter - INFO - 队列状态 - 总任务:10, 运行中:10, 使用节点:10/10, 待提交:52
2025-12-26 10:24:23,695 - AutoSubmitter - INFO - 资源不足，等待中... (节点资源不足 (当前:10, 需要:1, 限制:10))
2025-12-26 10:24:31,765 - AutoSubmitter - INFO - 队列状态 - 总任务:10, 运行中:10, 使用节点:10/10, 待提交:52
2025-12-26 10:24:31,840 - AutoSubmitter - INFO - 资源不足，等待中... (节点资源不足 (当前:10, 需要:1, 限制:10))
2025-12-26 10:24:39,919 - AutoSubmitter - INFO - 队列状态 - 总任务:10, 运行中:10, 使用节点:10/10, 待提交:52
2025-12-26 10:24:39,985 - AutoSubmitter - INFO - 资源不足，等待中... (节点资源不足 (当前:10, 需要:1, 限制:10))
2025-12-26 10:24:48,056 - AutoSubmitter - INFO - 队列状态 - 总任务:10, 运行中:10, 使用节点:10/10, 待提交:52
2025-12-26 10:24:48,123 - AutoSubmitter - INFO - 资源不足，等待中... (节点资源不足 (当前:10, 需要:1, 限制:10))
2025-12-26 10:24:56,201 - AutoSubmitter - INFO - 队列状态 - 总任务:10, 运行中:10, 使用节点:10/10, 待提交:52
2025-12-26 10:24:56,270 - AutoSubmitter - INFO - 资源不足，等待中... (节点资源不足 (当前:10, 需要:1, 限制:10))
2025-12-26 10:25:04,478 - AutoSubmitter - INFO - 队列状态 - 总任务:10, 运行中:10, 使用节点:10/10, 待提交:52
2025-12-26 10:25:04,544 - AutoSubmitter - INFO - 资源不足，等待中... (节点资源不足 (当前:10, 需要:1, 限制:10))
2025-12-26 10:25:12,752 - AutoSubmitter - INFO - 队列状态 - 总任务:10, 运行中:10, 使用节点:10/10, 待提交:52
2025-12-26 10:25:12,828 - AutoSubmitter - INFO - 资源不足，等待中... (节点资源不足 (当前:10, 需要:1, 限制:10))
2025-12-26 10:25:20,998 - AutoSubmitter - INFO - 队列状态 - 总任务:9, 运行中:8, 使用节点:8/10, 待提交:52
2025-12-26 10:25:21,107 - AutoSubmitter - INFO - 作业已提交: hmat_2136 (ID: 3649122)
2025-12-26 10:25:21,721 - AutoSubmitter - INFO - 作业已提交: hmat_2189 (ID: 3649123)
2025-12-26 10:25:22,298 - AutoSubmitter - INFO - 资源不足，等待中... (节点资源不足 (当前:10, 需要:1, 限制:10))
2025-12-26 10:25:30,529 - AutoSubmitter - INFO - 队列状态 - 总任务:10, 运行中:10, 使用节点:10/10, 待提交:50
2025-12-26 10:25:30,594 - AutoSubmitter - INFO - 资源不足，等待中... (节点资源不足 (当前:10, 需要:1, 限制:10))
2025-12-26 10:25:38,805 - AutoSubmitter - INFO - 队列状态 - 总任务:10, 运行中:10, 使用节点:10/10, 待提交:50
2025-12-26 10:25:38,876 - AutoSubmitter - INFO - 资源不足，等待中... (节点资源不足 (当前:10, 需要:1, 限制:10))
2025-12-26 10:25:47,065 - AutoSubmitter - INFO - 队列状态 - 总任务:10, 运行中:10, 使用节点:10/10, 待提交:50
2025-12-26 10:25:47,132 - AutoSubmitter - INFO - 资源不足，等待中... (节点资源不足 (当前:10, 需要:1, 限制:10))
2025-12-26 10:25:55,366 - AutoSubmitter - INFO - 队列状态 - 总任务:10, 运行中:10, 使用节点:10/10, 待提交:50
2025-12-26 10:25:55,432 - AutoSubmitter - INFO - 资源不足，等待中... (节点资源不足 (当前:10, 需要:1, 限制:10))
2025-12-26 10:26:03,621 - AutoSubmitter - INFO - 队列状态 - 总任务:10, 运行中:10, 使用节点:10/10, 待提交:50
2025-12-26 10:26:03,689 - AutoSubmitter - INFO - 资源不足，等待中... (节点资源不足 (当前:10, 需要:1, 限制:10))
2025-12-26 10:26:11,897 - AutoSubmitter - INFO - 队列状态 - 总任务:10, 运行中:10, 使用节点:10/10, 待提交:50
2025-12-26 10:26:11,968 - AutoSubmitter - INFO - 资源不足，等待中... (节点资源不足 (当前:10, 需要:1, 限制:10))
2025-12-26 10:26:20,165 - AutoSubmitter - INFO - 队列状态 - 总任务:10, 运行中:10, 使用节点:10/10, 待提交:50
2025-12-26 10:26:20,240 - AutoSubmitter - INFO - 资源不足，等待中... (节点资源不足 (当前:10, 需要:1, 限制:10))
2025-12-26 10:26:28,438 - AutoSubmitter - INFO - 队列状态 - 总任务:10, 运行中:10, 使用节点:10/10, 待提交:50
2025-12-26 10:26:28,505 - AutoSubmitter - INFO - 资源不足，等待中... (节点资源不足 (当前:10, 需要:1, 限制:10))
2025-12-26 10:26:36,693 - AutoSubmitter - INFO - 队列状态 - 总任务:10, 运行中:10, 使用节点:10/10, 待提交:50
2025-12-26 10:26:36,761 - AutoSubmitter - INFO - 资源不足，等待中... (节点资源不足 (当前:10, 需要:1, 限制:10))
2025-12-26 10:26:44,984 - AutoSubmitter - INFO - 队列状态 - 总任务:10, 运行中:10, 使用节点:10/10, 待提交:50
2025-12-26 10:26:45,137 - AutoSubmitter - INFO - 资源不足，等待中... (节点资源不足 (当前:10, 需要:1, 限制:10))
2025-12-26 10:26:53,356 - AutoSubmitter - INFO - 队列状态 - 总任务:9, 运行中:9, 使用节点:9/10, 待提交:50
2025-12-26 10:26:53,483 - AutoSubmitter - INFO - 作业已提交: hmat_2122 (ID: 3649127)
2025-12-26 10:26:54,065 - AutoSubmitter - INFO - 资源不足，等待中... (节点资源不足 (当前:10, 需要:1, 限制:10))
2025-12-26 10:27:02,293 - AutoSubmitter - INFO - 队列状态 - 总任务:10, 运行中:10, 使用节点:10/10, 待提交:49
2025-12-26 10:27:02,361 - AutoSubmitter - INFO - 资源不足，等待中... (节点资源不足 (当前:10, 需要:1, 限制:10))
2025-12-26 10:27:10,557 - AutoSubmitter - INFO - 队列状态 - 总任务:10, 运行中:10, 使用节点:10/10, 待提交:49
2025-12-26 10:27:10,624 - AutoSubmitter - INFO - 资源不足，等待中... (节点资源不足 (当前:10, 需要:1, 限制:10))
2025-12-26 10:27:18,808 - AutoSubmitter - INFO - 队列状态 - 总任务:10, 运行中:10, 使用节点:10/10, 待提交:49
2025-12-26 10:27:18,878 - AutoSubmitter - INFO - 资源不足，等待中... (节点资源不足 (当前:10, 需要:1, 限制:10))
2025-12-26 10:27:27,099 - AutoSubmitter - INFO - 队列状态 - 总任务:10, 运行中:10, 使用节点:10/10, 待提交:49
2025-12-26 10:27:27,180 - AutoSubmitter - INFO - 资源不足，等待中... (节点资源不足 (当前:10, 需要:1, 限制:10))
2025-12-26 10:27:35,373 - AutoSubmitter - INFO - 队列状态 - 总任务:10, 运行中:10, 使用节点:10/10, 待提交:49
2025-12-26 10:27:35,439 - AutoSubmitter - INFO - 资源不足，等待中... (节点资源不足 (当前:10, 需要:1, 限制:10))
2025-12-26 10:27:43,551 - AutoSubmitter - INFO - 队列状态 - 总任务:10, 运行中:10, 使用节点:10/10, 待提交:49
2025-12-26 10:27:43,618 - AutoSubmitter - INFO - 资源不足，等待中... (节点资源不足 (当前:10, 需要:1, 限制:10))
2025-12-26 10:27:51,827 - AutoSubmitter - INFO - 队列状态 - 总任务:10, 运行中:10, 使用节点:10/10, 待提交:49
2025-12-26 10:27:51,892 - AutoSubmitter - INFO - 资源不足，等待中... (节点资源不足 (当前:10, 需要:1, 限制:10))
2025-12-26 10:28:00,013 - AutoSubmitter - INFO - 队列状态 - 总任务:10, 运行中:10, 使用节点:10/10, 待提交:49
2025-12-26 10:28:00,087 - AutoSubmitter - INFO - 资源不足，等待中... (节点资源不足 (当前:10, 需要:1, 限制:10))
2025-12-26 10:28:08,306 - AutoSubmitter - INFO - 队列状态 - 总任务:9, 运行中:9, 使用节点:9/10, 待提交:49
2025-12-26 10:28:08,424 - AutoSubmitter - INFO - 作业已提交: hmat_2117 (ID: 3649135)
2025-12-26 10:28:09,043 - AutoSubmitter - INFO - 作业已提交: hmat_2031 (ID: 3649136)
2025-12-26 10:28:09,607 - AutoSubmitter - INFO - 资源不足，等待中... (节点资源不足 (当前:10, 需要:1, 限制:10))
2025-12-26 10:28:17,823 - AutoSubmitter - INFO - 队列状态 - 总任务:11, 运行中:11, 使用节点:11/10, 待提交:47
2025-12-26 10:28:17,891 - AutoSubmitter - INFO - 资源不足，等待中... (节点资源不足 (当前:11, 需要:1, 限制:10))
2025-12-26 10:28:26,085 - AutoSubmitter - INFO - 队列状态 - 总任务:11, 运行中:11, 使用节点:11/10, 待提交:47
2025-12-26 10:28:26,155 - AutoSubmitter - INFO - 资源不足，等待中... (节点资源不足 (当前:11, 需要:1, 限制:10))
2025-12-26 10:28:34,232 - AutoSubmitter - INFO - 队列状态 - 总任务:10, 运行中:10, 使用节点:10/10, 待提交:47
2025-12-26 10:28:34,318 - AutoSubmitter - INFO - 资源不足，等待中... (节点资源不足 (当前:10, 需要:1, 限制:10))
2025-12-26 10:28:42,506 - AutoSubmitter - INFO - 队列状态 - 总任务:10, 运行中:10, 使用节点:10/10, 待提交:47
2025-12-26 10:28:42,572 - AutoSubmitter - INFO - 资源不足，等待中... (节点资源不足 (当前:10, 需要:1, 限制:10))
2025-12-26 10:28:50,780 - AutoSubmitter - INFO - 队列状态 - 总任务:10, 运行中:10, 使用节点:10/10, 待提交:47
2025-12-26 10:28:50,846 - AutoSubmitter - INFO - 资源不足，等待中... (节点资源不足 (当前:10, 需要:1, 限制:10))
2025-12-26 10:28:58,929 - AutoSubmitter - INFO - 队列状态 - 总任务:9, 运行中:9, 使用节点:9/10, 待提交:47
2025-12-26 10:28:59,057 - AutoSubmitter - INFO - 作业已提交: hmat_2070 (ID: 3649146)
2025-12-26 10:28:59,634 - AutoSubmitter - INFO - 资源不足，等待中... (节点资源不足 (当前:10, 需要:1, 限制:10))
2025-12-26 10:29:15,558 - AutoSubmitter - INFO - 队列状态 - 总任务:10, 运行中:10, 使用节点:10/10, 待提交:46
2025-12-26 10:29:15,737 - AutoSubmitter - INFO - 资源不足，等待中... (节点资源不足 (当前:10, 需要:1, 限制:10))
2025-12-26 10:29:23,956 - AutoSubmitter - INFO - 队列状态 - 总任务:10, 运行中:10, 使用节点:10/10, 待提交:46
2025-12-26 10:29:24,042 - AutoSubmitter - INFO - 资源不足，等待中... (节点资源不足 (当前:10, 需要:1, 限制:10))
2025-12-26 10:29:32,275 - AutoSubmitter - INFO - 队列状态 - 总任务:10, 运行中:10, 使用节点:10/10, 待提交:46
2025-12-26 10:29:32,355 - AutoSubmitter - INFO - 资源不足，等待中... (节点资源不足 (当前:10, 需要:1, 限制:10))
2025-12-26 10:29:40,431 - AutoSubmitter - INFO - 队列状态 - 总任务:10, 运行中:10, 使用节点:10/10, 待提交:46
2025-12-26 10:29:40,499 - AutoSubmitter - INFO - 资源不足，等待中... (节点资源不足 (当前:10, 需要:1, 限制:10))
2025-12-26 10:29:48,580 - AutoSubmitter - INFO - 队列状态 - 总任务:10, 运行中:10, 使用节点:10/10, 待提交:46
2025-12-26 10:29:48,647 - AutoSubmitter - INFO - 资源不足，等待中... (节点资源不足 (当前:10, 需要:1, 限制:10))
2025-12-26 10:29:56,865 - AutoSubmitter - INFO - 队列状态 - 总任务:10, 运行中:10, 使用节点:10/10, 待提交:46
2025-12-26 10:29:56,938 - AutoSubmitter - INFO - 资源不足，等待中... (节点资源不足 (当前:10, 需要:1, 限制:10))
2025-12-26 10:30:05,011 - AutoSubmitter - INFO - 队列状态 - 总任务:10, 运行中:10, 使用节点:10/10, 待提交:46
2025-12-26 10:30:05,086 - AutoSubmitter - INFO - 资源不足，等待中... (节点资源不足 (当前:10, 需要:1, 限制:10))
2025-12-26 10:30:13,285 - AutoSubmitter - INFO - 队列状态 - 总任务:10, 运行中:10, 使用节点:10/10, 待提交:46
2025-12-26 10:30:13,357 - AutoSubmitter - INFO - 资源不足，等待中... (节点资源不足 (当前:10, 需要:1, 限制:10))
2025-12-26 10:30:21,429 - AutoSubmitter - INFO - 队列状态 - 总任务:9, 运行中:9, 使用节点:9/10, 待提交:46
2025-12-26 10:30:21,554 - AutoSubmitter - INFO - 作业已提交: hmat_171 (ID: 3649160)
2025-12-26 10:30:22,173 - AutoSubmitter - INFO - 作业已提交: hmat_2019 (ID: 3649161)
2025-12-26 10:30:22,821 - AutoSubmitter - INFO - 作业已提交: hmat_2057 (ID: 3649162)
2025-12-26 10:30:23,448 - AutoSubmitter - INFO - 作业已提交: hmat_2180 (ID: 3649163)
2025-12-26 10:30:24,202 - AutoSubmitter - INFO - 资源不足，等待中... (节点资源不足 (当前:13, 需要:1, 限制:10))
2025-12-26 10:30:32,279 - AutoSubmitter - INFO - 队列状态 - 总任务:13, 运行中:13, 使用节点:13/10, 待提交:42
2025-12-26 10:30:32,349 - AutoSubmitter - INFO - 资源不足，等待中... (节点资源不足 (当前:13, 需要:1, 限制:10))
2025-12-26 10:30:40,420 - AutoSubmitter - INFO - 队列状态 - 总任务:13, 运行中:13, 使用节点:13/10, 待提交:42
2025-12-26 10:30:40,485 - AutoSubmitter - INFO - 资源不足，等待中... (节点资源不足 (当前:13, 需要:1, 限制:10))
2025-12-26 10:30:48,751 - AutoSubmitter - INFO - 队列状态 - 总任务:13, 运行中:13, 使用节点:13/10, 待提交:42
2025-12-26 10:30:48,828 - AutoSubmitter - INFO - 资源不足，等待中... (节点资源不足 (当前:13, 需要:1, 限制:10))
2025-12-26 10:30:56,900 - AutoSubmitter - INFO - 队列状态 - 总任务:13, 运行中:13, 使用节点:13/10, 待提交:42
2025-12-26 10:30:56,966 - AutoSubmitter - INFO - 资源不足，等待中... (节点资源不足 (当前:13, 需要:1, 限制:10))
2025-12-26 10:31:05,159 - AutoSubmitter - INFO - 队列状态 - 总任务:13, 运行中:13, 使用节点:13/10, 待提交:42
2025-12-26 10:31:05,229 - AutoSubmitter - INFO - 资源不足，等待中... (节点资源不足 (当前:13, 需要:1, 限制:10))
2025-12-26 10:31:13,445 - AutoSubmitter - INFO - 队列状态 - 总任务:13, 运行中:13, 使用节点:13/10, 待提交:42
2025-12-26 10:31:13,515 - AutoSubmitter - INFO - 资源不足，等待中... (节点资源不足 (当前:13, 需要:1, 限制:10))
2025-12-26 10:31:21,593 - AutoSubmitter - INFO - 队列状态 - 总任务:12, 运行中:12, 使用节点:12/10, 待提交:42
2025-12-26 10:31:21,659 - AutoSubmitter - INFO - 资源不足，等待中... (节点资源不足 (当前:12, 需要:1, 限制:10))
2025-12-26 10:31:29,977 - AutoSubmitter - INFO - 队列状态 - 总任务:12, 运行中:12, 使用节点:12/10, 待提交:42
2025-12-26 10:31:30,049 - AutoSubmitter - INFO - 资源不足，等待中... (节点资源不足 (当前:12, 需要:1, 限制:10))
2025-12-26 10:31:38,130 - AutoSubmitter - INFO - 队列状态 - 总任务:12, 运行中:12, 使用节点:12/10, 待提交:42
2025-12-26 10:31:38,202 - AutoSubmitter - INFO - 资源不足，等待中... (节点资源不足 (当前:12, 需要:1, 限制:10))
2025-12-26 10:31:46,277 - AutoSubmitter - INFO - 队列状态 - 总任务:12, 运行中:12, 使用节点:12/10, 待提交:42
2025-12-26 10:31:46,347 - AutoSubmitter - INFO - 资源不足，等待中... (节点资源不足 (当前:12, 需要:1, 限制:10))
2025-12-26 10:31:54,424 - AutoSubmitter - INFO - 队列状态 - 总任务:12, 运行中:12, 使用节点:12/10, 待提交:42
2025-12-26 10:31:54,495 - AutoSubmitter - INFO - 资源不足，等待中... (节点资源不足 (当前:12, 需要:1, 限制:10))
2025-12-26 10:32:02,570 - AutoSubmitter - INFO - 队列状态 - 总任务:12, 运行中:12, 使用节点:12/10, 待提交:42
2025-12-26 10:32:02,635 - AutoSubmitter - INFO - 资源不足，等待中... (节点资源不足 (当前:12, 需要:1, 限制:10))
2025-12-26 10:32:10,820 - AutoSubmitter - INFO - 队列状态 - 总任务:12, 运行中:12, 使用节点:12/10, 待提交:42
2025-12-26 10:32:10,882 - AutoSubmitter - INFO - 资源不足，等待中... (节点资源不足 (当前:12, 需要:1, 限制:10))
2025-12-26 10:32:19,087 - AutoSubmitter - INFO - 队列状态 - 总任务:12, 运行中:12, 使用节点:12/10, 待提交:42
2025-12-26 10:32:19,155 - AutoSubmitter - INFO - 资源不足，等待中... (节点资源不足 (当前:12, 需要:1, 限制:10))
2025-12-26 10:32:27,231 - AutoSubmitter - INFO - 队列状态 - 总任务:12, 运行中:12, 使用节点:12/10, 待提交:42
2025-12-26 10:32:27,298 - AutoSubmitter - INFO - 资源不足，等待中... (节点资源不足 (当前:12, 需要:1, 限制:10))
2025-12-26 10:32:35,374 - AutoSubmitter - INFO - 队列状态 - 总任务:12, 运行中:12, 使用节点:12/10, 待提交:42
2025-12-26 10:32:35,438 - AutoSubmitter - INFO - 资源不足，等待中... (节点资源不足 (当前:12, 需要:1, 限制:10))
2025-12-26 10:32:43,657 - AutoSubmitter - INFO - 队列状态 - 总任务:11, 运行中:11, 使用节点:11/10, 待提交:42
2025-12-26 10:32:43,720 - AutoSubmitter - INFO - 资源不足，等待中... (节点资源不足 (当前:11, 需要:1, 限制:10))
2025-12-26 10:32:51,801 - AutoSubmitter - INFO - 队列状态 - 总任务:11, 运行中:11, 使用节点:11/10, 待提交:42
2025-12-26 10:32:51,868 - AutoSubmitter - INFO - 资源不足，等待中... (节点资源不足 (当前:11, 需要:1, 限制:10))
2025-12-26 10:32:59,961 - AutoSubmitter - INFO - 队列状态 - 总任务:11, 运行中:11, 使用节点:11/10, 待提交:42
2025-12-26 10:33:00,029 - AutoSubmitter - INFO - 资源不足，等待中... (节点资源不足 (当前:11, 需要:1, 限制:10))
2025-12-26 10:33:08,115 - AutoSubmitter - INFO - 队列状态 - 总任务:11, 运行中:11, 使用节点:11/10, 待提交:42
2025-12-26 10:33:08,186 - AutoSubmitter - INFO - 资源不足，等待中... (节点资源不足 (当前:11, 需要:1, 限制:10))
2025-12-26 10:33:16,393 - AutoSubmitter - INFO - 队列状态 - 总任务:10, 运行中:10, 使用节点:10/10, 待提交:42
2025-12-26 10:33:16,462 - AutoSubmitter - INFO - 资源不足，等待中... (节点资源不足 (当前:10, 需要:1, 限制:10))
2025-12-26 10:33:24,545 - AutoSubmitter - INFO - 队列状态 - 总任务:9, 运行中:9, 使用节点:9/10, 待提交:42
2025-12-26 10:33:24,699 - AutoSubmitter - INFO - 作业已提交: hmat_2179 (ID: 3649172)
2025-12-26 10:33:25,279 - AutoSubmitter - INFO - 资源不足，等待中... (节点资源不足 (当前:10, 需要:1, 限制:10))
2025-12-26 10:33:33,356 - AutoSubmitter - INFO - 队列状态 - 总任务:10, 运行中:10, 使用节点:10/10, 待提交:41
2025-12-26 10:33:33,420 - AutoSubmitter - INFO - 资源不足，等待中... (节点资源不足 (当前:10, 需要:1, 限制:10))
2025-12-26 10:33:41,635 - AutoSubmitter - INFO - 队列状态 - 总任务:10, 运行中:10, 使用节点:10/10, 待提交:41
2025-12-26 10:33:41,704 - AutoSubmitter - INFO - 资源不足，等待中... (节点资源不足 (当前:10, 需要:1, 限制:10))
2025-12-26 10:33:49,783 - AutoSubmitter - INFO - 队列状态 - 总任务:10, 运行中:10, 使用节点:10/10, 待提交:41
2025-12-26 10:33:49,851 - AutoSubmitter - INFO - 资源不足，等待中... (节点资源不足 (当前:10, 需要:1, 限制:10))
2025-12-26 10:33:57,929 - AutoSubmitter - INFO - 队列状态 - 总任务:10, 运行中:10, 使用节点:10/10, 待提交:41
2025-12-26 10:33:57,994 - AutoSubmitter - INFO - 资源不足，等待中... (节点资源不足 (当前:10, 需要:1, 限制:10))
2025-12-26 10:34:06,196 - AutoSubmitter - INFO - 队列状态 - 总任务:10, 运行中:10, 使用节点:10/10, 待提交:41
2025-12-26 10:34:06,267 - AutoSubmitter - INFO - 资源不足，等待中... (节点资源不足 (当前:10, 需要:1, 限制:10))
2025-12-26 10:34:14,468 - AutoSubmitter - INFO - 队列状态 - 总任务:10, 运行中:10, 使用节点:10/10, 待提交:41
2025-12-26 10:34:14,546 - AutoSubmitter - INFO - 资源不足，等待中... (节点资源不足 (当前:10, 需要:1, 限制:10))
2025-12-26 10:34:22,763 - AutoSubmitter - INFO - 队列状态 - 总任务:10, 运行中:10, 使用节点:10/10, 待提交:41
2025-12-26 10:34:22,833 - AutoSubmitter - INFO - 资源不足，等待中... (节点资源不足 (当前:10, 需要:1, 限制:10))
2025-12-26 10:34:31,021 - AutoSubmitter - INFO - 队列状态 - 总任务:10, 运行中:10, 使用节点:10/10, 待提交:41
2025-12-26 10:34:31,090 - AutoSubmitter - INFO - 资源不足，等待中... (节点资源不足 (当前:10, 需要:1, 限制:10))
2025-12-26 10:34:39,416 - AutoSubmitter - INFO - 队列状态 - 总任务:10, 运行中:10, 使用节点:10/10, 待提交:41
2025-12-26 10:34:39,496 - AutoSubmitter - INFO - 资源不足，等待中... (节点资源不足 (当前:10, 需要:1, 限制:10))
2025-12-26 10:34:47,688 - AutoSubmitter - INFO - 队列状态 - 总任务:10, 运行中:10, 使用节点:10/10, 待提交:41
2025-12-26 10:34:47,756 - AutoSubmitter - INFO - 资源不足，等待中... (节点资源不足 (当前:10, 需要:1, 限制:10))
2025-12-26 10:34:55,945 - AutoSubmitter - INFO - 队列状态 - 总任务:10, 运行中:10, 使用节点:10/10, 待提交:41
2025-12-26 10:34:56,279 - AutoSubmitter - INFO - 资源不足，等待中... (节点资源不足 (当前:10, 需要:1, 限制:10))
2025-12-26 10:35:04,353 - AutoSubmitter - INFO - 队列状态 - 总任务:10, 运行中:10, 使用节点:10/10, 待提交:41
2025-12-26 10:35:04,422 - AutoSubmitter - INFO - 资源不足，等待中... (节点资源不足 (当前:10, 需要:1, 限制:10))
2025-12-26 10:35:12,495 - AutoSubmitter - INFO - 队列状态 - 总任务:10, 运行中:10, 使用节点:10/10, 待提交:41
2025-12-26 10:35:12,560 - AutoSubmitter - INFO - 资源不足，等待中... (节点资源不足 (当前:10, 需要:1, 限制:10))
2025-12-26 10:35:20,631 - AutoSubmitter - INFO - 队列状态 - 总任务:10, 运行中:10, 使用节点:10/10, 待提交:41
2025-12-26 10:35:20,694 - AutoSubmitter - INFO - 资源不足，等待中... (节点资源不足 (当前:10, 需要:1, 限制:10))
2025-12-26 10:35:28,769 - AutoSubmitter - INFO - 队列状态 - 总任务:10, 运行中:10, 使用节点:10/10, 待提交:41
2025-12-26 10:35:28,838 - AutoSubmitter - INFO - 资源不足，等待中... (节点资源不足 (当前:10, 需要:1, 限制:10))
2025-12-26 10:35:36,911 - AutoSubmitter - INFO - 队列状态 - 总任务:10, 运行中:10, 使用节点:10/10, 待提交:41
2025-12-26 10:35:36,977 - AutoSubmitter - INFO - 资源不足，等待中... (节点资源不足 (当前:10, 需要:1, 限制:10))
2025-12-26 10:35:45,052 - AutoSubmitter - INFO - 队列状态 - 总任务:10, 运行中:10, 使用节点:10/10, 待提交:41
2025-12-26 10:35:45,117 - AutoSubmitter - INFO - 资源不足，等待中... (节点资源不足 (当前:10, 需要:1, 限制:10))
2025-12-26 10:35:53,200 - AutoSubmitter - INFO - 队列状态 - 总任务:10, 运行中:10, 使用节点:10/10, 待提交:41
2025-12-26 10:35:53,271 - AutoSubmitter - INFO - 资源不足，等待中... (节点资源不足 (当前:10, 需要:1, 限制:10))
2025-12-26 10:36:01,349 - AutoSubmitter - INFO - 队列状态 - 总任务:10, 运行中:10, 使用节点:10/10, 待提交:41
2025-12-26 10:36:01,730 - AutoSubmitter - INFO - 资源不足，等待中... (节点资源不足 (当前:10, 需要:1, 限制:10))
2025-12-26 10:36:09,806 - AutoSubmitter - INFO - 队列状态 - 总任务:10, 运行中:10, 使用节点:10/10, 待提交:41
2025-12-26 10:36:09,871 - AutoSubmitter - INFO - 资源不足，等待中... (节点资源不足 (当前:10, 需要:1, 限制:10))
2025-12-26 10:36:17,947 - AutoSubmitter - INFO - 队列状态 - 总任务:10, 运行中:10, 使用节点:10/10, 待提交:41
2025-12-26 10:36:18,019 - AutoSubmitter - INFO - 资源不足，等待中... (节点资源不足 (当前:10, 需要:1, 限制:10))
2025-12-26 10:36:26,095 - AutoSubmitter - INFO - 队列状态 - 总任务:10, 运行中:10, 使用节点:10/10, 待提交:41
2025-12-26 10:36:26,166 - AutoSubmitter - INFO - 资源不足，等待中... (节点资源不足 (当前:10, 需要:1, 限制:10))
2025-12-26 10:36:34,244 - AutoSubmitter - INFO - 队列状态 - 总任务:10, 运行中:10, 使用节点:10/10, 待提交:41
2025-12-26 10:36:34,310 - AutoSubmitter - INFO - 资源不足，等待中... (节点资源不足 (当前:10, 需要:1, 限制:10))
2025-12-26 10:36:42,385 - AutoSubmitter - INFO - 队列状态 - 总任务:9, 运行中:9, 使用节点:9/10, 待提交:41
2025-12-26 10:36:42,526 - AutoSubmitter - INFO - 作业已提交: hmat_156 (ID: 3649194)
2025-12-26 10:36:43,185 - AutoSubmitter - INFO - 资源不足，等待中... (节点资源不足 (当前:10, 需要:1, 限制:10))
2025-12-26 10:36:51,256 - AutoSubmitter - INFO - 队列状态 - 总任务:9, 运行中:9, 使用节点:9/10, 待提交:40
2025-12-26 10:36:51,393 - AutoSubmitter - INFO - 作业已提交: hmat_2020 (ID: 3649198)
2025-12-26 10:36:52,067 - AutoSubmitter - INFO - 作业已提交: hmat_170 (ID: 3649199)
2025-12-26 10:36:52,643 - AutoSubmitter - INFO - 资源不足，等待中... (节点资源不足 (当前:10, 需要:1, 限制:10))
2025-12-26 10:37:00,721 - AutoSubmitter - INFO - 队列状态 - 总任务:11, 运行中:11, 使用节点:11/10, 待提交:38
2025-12-26 10:37:00,785 - AutoSubmitter - INFO - 资源不足，等待中... (节点资源不足 (当前:11, 需要:1, 限制:10))
2025-12-26 10:37:08,863 - AutoSubmitter - INFO - 队列状态 - 总任务:10, 运行中:10, 使用节点:10/10, 待提交:38
2025-12-26 10:37:08,930 - AutoSubmitter - INFO - 资源不足，等待中... (节点资源不足 (当前:10, 需要:1, 限制:10))
2025-12-26 10:37:17,008 - AutoSubmitter - INFO - 队列状态 - 总任务:10, 运行中:10, 使用节点:10/10, 待提交:38
2025-12-26 10:37:17,079 - AutoSubmitter - INFO - 资源不足，等待中... (节点资源不足 (当前:10, 需要:1, 限制:10))
2025-12-26 10:37:25,162 - AutoSubmitter - INFO - 队列状态 - 总任务:10, 运行中:10, 使用节点:10/10, 待提交:38
2025-12-26 10:37:25,235 - AutoSubmitter - INFO - 资源不足，等待中... (节点资源不足 (当前:10, 需要:1, 限制:10))
2025-12-26 10:37:33,311 - AutoSubmitter - INFO - 队列状态 - 总任务:10, 运行中:10, 使用节点:10/10, 待提交:38
2025-12-26 10:37:33,376 - AutoSubmitter - INFO - 资源不足，等待中... (节点资源不足 (当前:10, 需要:1, 限制:10))
2025-12-26 10:37:41,457 - AutoSubmitter - INFO - 队列状态 - 总任务:10, 运行中:10, 使用节点:10/10, 待提交:38
2025-12-26 10:37:41,530 - AutoSubmitter - INFO - 资源不足，等待中... (节点资源不足 (当前:10, 需要:1, 限制:10))
2025-12-26 10:37:49,603 - AutoSubmitter - INFO - 队列状态 - 总任务:10, 运行中:10, 使用节点:10/10, 待提交:38
2025-12-26 10:37:49,677 - AutoSubmitter - INFO - 资源不足，等待中... (节点资源不足 (当前:10, 需要:1, 限制:10))
2025-12-26 10:37:57,757 - AutoSubmitter - INFO - 队列状态 - 总任务:10, 运行中:10, 使用节点:10/10, 待提交:38
2025-12-26 10:37:57,826 - AutoSubmitter - INFO - 资源不足，等待中... (节点资源不足 (当前:10, 需要:1, 限制:10))
2025-12-26 10:38:05,903 - AutoSubmitter - INFO - 队列状态 - 总任务:10, 运行中:10, 使用节点:10/10, 待提交:38
2025-12-26 10:38:05,970 - AutoSubmitter - INFO - 资源不足，等待中... (节点资源不足 (当前:10, 需要:1, 限制:10))
2025-12-26 10:38:14,049 - AutoSubmitter - INFO - 队列状态 - 总任务:10, 运行中:10, 使用节点:10/10, 待提交:38
2025-12-26 10:38:14,116 - AutoSubmitter - INFO - 资源不足，等待中... (节点资源不足 (当前:10, 需要:1, 限制:10))
2025-12-26 10:38:22,201 - AutoSubmitter - INFO - 队列状态 - 总任务:10, 运行中:10, 使用节点:10/10, 待提交:38
2025-12-26 10:38:22,273 - AutoSubmitter - INFO - 资源不足，等待中... (节点资源不足 (当前:10, 需要:1, 限制:10))
2025-12-26 10:38:30,357 - AutoSubmitter - INFO - 队列状态 - 总任务:10, 运行中:10, 使用节点:10/10, 待提交:38
2025-12-26 10:38:30,428 - AutoSubmitter - INFO - 资源不足，等待中... (节点资源不足 (当前:10, 需要:1, 限制:10))
2025-12-26 10:38:38,509 - AutoSubmitter - INFO - 队列状态 - 总任务:10, 运行中:10, 使用节点:10/10, 待提交:38
2025-12-26 10:38:38,581 - AutoSubmitter - INFO - 资源不足，等待中... (节点资源不足 (当前:10, 需要:1, 限制:10))
2025-12-26 10:38:46,657 - AutoSubmitter - INFO - 队列状态 - 总任务:10, 运行中:10, 使用节点:10/10, 待提交:38
2025-12-26 10:38:46,721 - AutoSubmitter - INFO - 资源不足，等待中... (节点资源不足 (当前:10, 需要:1, 限制:10))
2025-12-26 10:38:54,794 - AutoSubmitter - INFO - 队列状态 - 总任务:10, 运行中:10, 使用节点:10/10, 待提交:38
2025-12-26 10:38:54,857 - AutoSubmitter - INFO - 资源不足，等待中... (节点资源不足 (当前:10, 需要:1, 限制:10))
2025-12-26 10:39:02,932 - AutoSubmitter - INFO - 队列状态 - 总任务:10, 运行中:10, 使用节点:10/10, 待提交:38
2025-12-26 10:39:03,005 - AutoSubmitter - INFO - 资源不足，等待中... (节点资源不足 (当前:10, 需要:1, 限制:10))
2025-12-26 10:39:15,563 - AutoSubmitter - INFO - 队列状态 - 总任务:10, 运行中:10, 使用节点:10/10, 待提交:38
2025-12-26 10:39:15,738 - AutoSubmitter - INFO - 资源不足，等待中... (节点资源不足 (当前:10, 需要:1, 限制:10))
2025-12-26 10:39:23,817 - AutoSubmitter - INFO - 队列状态 - 总任务:10, 运行中:10, 使用节点:10/10, 待提交:38
2025-12-26 10:39:23,891 - AutoSubmitter - INFO - 资源不足，等待中... (节点资源不足 (当前:10, 需要:1, 限制:10))
2025-12-26 10:39:31,967 - AutoSubmitter - INFO - 队列状态 - 总任务:10, 运行中:10, 使用节点:10/10, 待提交:38
2025-12-26 10:39:32,041 - AutoSubmitter - INFO - 资源不足，等待中... (节点资源不足 (当前:10, 需要:1, 限制:10))
2025-12-26 10:39:40,124 - AutoSubmitter - INFO - 队列状态 - 总任务:10, 运行中:10, 使用节点:10/10, 待提交:38
2025-12-26 10:39:40,191 - AutoSubmitter - INFO - 资源不足，等待中... (节点资源不足 (当前:10, 需要:1, 限制:10))
2025-12-26 10:39:48,272 - AutoSubmitter - INFO - 队列状态 - 总任务:10, 运行中:10, 使用节点:10/10, 待提交:38
2025-12-26 10:39:48,348 - AutoSubmitter - INFO - 资源不足，等待中... (节点资源不足 (当前:10, 需要:1, 限制:10))
2025-12-26 10:39:56,427 - AutoSubmitter - INFO - 队列状态 - 总任务:10, 运行中:10, 使用节点:10/10, 待提交:38
2025-12-26 10:39:56,501 - AutoSubmitter - INFO - 资源不足，等待中... (节点资源不足 (当前:10, 需要:1, 限制:10))
2025-12-26 10:40:04,573 - AutoSubmitter - INFO - 队列状态 - 总任务:9, 运行中:9, 使用节点:9/10, 待提交:38
2025-12-26 10:40:04,729 - AutoSubmitter - INFO - 作业已提交: hmat_2151 (ID: 3649216)
2025-12-26 10:40:05,294 - AutoSubmitter - INFO - 资源不足，等待中... (节点资源不足 (当前:10, 需要:1, 限制:10))
2025-12-26 10:40:13,365 - AutoSubmitter - INFO - 队列状态 - 总任务:10, 运行中:10, 使用节点:10/10, 待提交:37
2025-12-26 10:40:13,430 - AutoSubmitter - INFO - 资源不足，等待中... (节点资源不足 (当前:10, 需要:1, 限制:10))
2025-12-26 10:40:21,515 - AutoSubmitter - INFO - 队列状态 - 总任务:10, 运行中:10, 使用节点:10/10, 待提交:37
2025-12-26 10:40:21,587 - AutoSubmitter - INFO - 资源不足，等待中... (节点资源不足 (当前:10, 需要:1, 限制:10))
2025-12-26 10:40:29,665 - AutoSubmitter - INFO - 队列状态 - 总任务:10, 运行中:10, 使用节点:10/10, 待提交:37
2025-12-26 10:40:29,735 - AutoSubmitter - INFO - 资源不足，等待中... (节点资源不足 (当前:10, 需要:1, 限制:10))
2025-12-26 10:40:37,815 - AutoSubmitter - INFO - 队列状态 - 总任务:10, 运行中:10, 使用节点:10/10, 待提交:37
2025-12-26 10:40:37,891 - AutoSubmitter - INFO - 资源不足，等待中... (节点资源不足 (当前:10, 需要:1, 限制:10))
2025-12-26 10:40:45,993 - AutoSubmitter - INFO - 队列状态 - 总任务:10, 运行中:10, 使用节点:10/10, 待提交:37
2025-12-26 10:40:46,056 - AutoSubmitter - INFO - 资源不足，等待中... (节点资源不足 (当前:10, 需要:1, 限制:10))
2025-12-26 10:40:54,259 - AutoSubmitter - INFO - 队列状态 - 总任务:10, 运行中:10, 使用节点:10/10, 待提交:37
2025-12-26 10:40:54,447 - AutoSubmitter - INFO - 资源不足，等待中... (节点资源不足 (当前:10, 需要:1, 限制:10))
2025-12-26 10:41:02,523 - AutoSubmitter - INFO - 队列状态 - 总任务:10, 运行中:10, 使用节点:10/10, 待提交:37
2025-12-26 10:41:02,590 - AutoSubmitter - INFO - 资源不足，等待中... (节点资源不足 (当前:10, 需要:1, 限制:10))
2025-12-26 10:41:10,659 - AutoSubmitter - INFO - 队列状态 - 总任务:10, 运行中:10, 使用节点:10/10, 待提交:37
2025-12-26 10:41:10,723 - AutoSubmitter - INFO - 资源不足，等待中... (节点资源不足 (当前:10, 需要:1, 限制:10))
2025-12-26 10:41:18,798 - AutoSubmitter - INFO - 队列状态 - 总任务:10, 运行中:10, 使用节点:10/10, 待提交:37
2025-12-26 10:41:18,863 - AutoSubmitter - INFO - 资源不足，等待中... (节点资源不足 (当前:10, 需要:1, 限制:10))
2025-12-26 10:41:26,949 - AutoSubmitter - INFO - 队列状态 - 总任务:10, 运行中:10, 使用节点:10/10, 待提交:37
2025-12-26 10:41:27,023 - AutoSubmitter - INFO - 资源不足，等待中... (节点资源不足 (当前:10, 需要:1, 限制:10))
2025-12-26 10:41:35,103 - AutoSubmitter - INFO - 队列状态 - 总任务:9, 运行中:9, 使用节点:9/10, 待提交:37
2025-12-26 10:41:35,302 - AutoSubmitter - INFO - 作业已提交: hmat_200 (ID: 3649230)
2025-12-26 10:41:35,950 - AutoSubmitter - INFO - 作业已提交: hmat_2184 (ID: 3649231)
2025-12-26 10:41:36,593 - AutoSubmitter - INFO - 作业已提交: hmat_2197 (ID: 3649232)
2025-12-26 10:41:37,165 - AutoSubmitter - INFO - 资源不足，等待中... (节点资源不足 (当前:12, 需要:1, 限制:10))
2025-12-26 10:41:45,241 - AutoSubmitter - INFO - 队列状态 - 总任务:12, 运行中:12, 使用节点:12/10, 待提交:34
2025-12-26 10:41:45,309 - AutoSubmitter - INFO - 资源不足，等待中... (节点资源不足 (当前:12, 需要:1, 限制:10))
2025-12-26 10:41:53,344 - AutoSubmitter - INFO - ✅ 配置已更新并应用
2025-12-26 10:41:53,345 - AutoSubmitter - INFO -    当前节点限制: 15
2025-12-26 10:41:53,345 - AutoSubmitter - INFO -    当前任务限制: 1000
2025-12-26 10:41:53,352 - AutoSubmitter - INFO -    当前提交间隔: 0.5秒
2025-12-26 10:41:53,352 - AutoSubmitter - INFO -    当前检查间隔: 8.0秒
2025-12-26 10:41:53,426 - AutoSubmitter - INFO - 队列状态 - 总任务:12, 运行中:12, 使用节点:12/15, 待提交:34
2025-12-26 10:41:53,583 - AutoSubmitter - INFO - 作业已提交: hmat_2060 (ID: 3649236)
2025-12-26 10:41:54,238 - AutoSubmitter - INFO - 作业已提交: hmat_141 (ID: 3649237)
2025-12-26 10:41:54,880 - AutoSubmitter - INFO - 作业已提交: hmat_2045 (ID: 3649238)
2025-12-26 10:41:55,537 - AutoSubmitter - INFO - 作业已提交: hmat_117 (ID: 3649239)
2025-12-26 10:41:56,169 - AutoSubmitter - INFO - 作业已提交: hmat_2083 (ID: 3649241)
2025-12-26 10:41:56,804 - AutoSubmitter - INFO - 作业已提交: hmat_2224 (ID: 3649242)
2025-12-26 10:41:57,377 - AutoSubmitter - INFO - 资源不足，等待中... (节点资源不足 (当前:18, 需要:1, 限制:15))
2025-12-26 10:42:05,460 - AutoSubmitter - INFO - 队列状态 - 总任务:18, 运行中:18, 使用节点:18/15, 待提交:28
2025-12-26 10:42:05,533 - AutoSubmitter - INFO - 资源不足，等待中... (节点资源不足 (当前:18, 需要:1, 限制:15))
2025-12-26 10:42:13,608 - AutoSubmitter - INFO - 队列状态 - 总任务:18, 运行中:18, 使用节点:18/15, 待提交:28
2025-12-26 10:42:13,677 - AutoSubmitter - INFO - 资源不足，等待中... (节点资源不足 (当前:18, 需要:1, 限制:15))
2025-12-26 10:42:21,752 - AutoSubmitter - INFO - 队列状态 - 总任务:17, 运行中:17, 使用节点:17/15, 待提交:28
2025-12-26 10:42:21,823 - AutoSubmitter - INFO - 资源不足，等待中... (节点资源不足 (当前:17, 需要:1, 限制:15))
2025-12-26 10:42:29,902 - AutoSubmitter - INFO - 队列状态 - 总任务:17, 运行中:17, 使用节点:17/15, 待提交:28
2025-12-26 10:42:29,971 - AutoSubmitter - INFO - 资源不足，等待中... (节点资源不足 (当前:17, 需要:1, 限制:15))
2025-12-26 10:42:38,046 - AutoSubmitter - INFO - 队列状态 - 总任务:17, 运行中:17, 使用节点:17/15, 待提交:28
2025-12-26 10:42:38,112 - AutoSubmitter - INFO - 资源不足，等待中... (节点资源不足 (当前:17, 需要:1, 限制:15))
2025-12-26 10:42:46,184 - AutoSubmitter - INFO - 队列状态 - 总任务:17, 运行中:17, 使用节点:17/15, 待提交:28
2025-12-26 10:42:46,251 - AutoSubmitter - INFO - 资源不足，等待中... (节点资源不足 (当前:17, 需要:1, 限制:15))
2025-12-26 10:42:54,325 - AutoSubmitter - INFO - 队列状态 - 总任务:17, 运行中:17, 使用节点:17/15, 待提交:28
2025-12-26 10:42:54,393 - AutoSubmitter - INFO - 资源不足，等待中... (节点资源不足 (当前:17, 需要:1, 限制:15))
2025-12-26 10:43:02,470 - AutoSubmitter - INFO - 队列状态 - 总任务:17, 运行中:17, 使用节点:17/15, 待提交:28
2025-12-26 10:43:02,541 - AutoSubmitter - INFO - 资源不足，等待中... (节点资源不足 (当前:17, 需要:1, 限制:15))
2025-12-26 10:43:10,610 - AutoSubmitter - INFO - 队列状态 - 总任务:17, 运行中:17, 使用节点:17/15, 待提交:28
2025-12-26 10:43:10,674 - AutoSubmitter - INFO - 资源不足，等待中... (节点资源不足 (当前:17, 需要:1, 限制:15))
2025-12-26 10:43:18,743 - AutoSubmitter - INFO - 队列状态 - 总任务:17, 运行中:17, 使用节点:17/15, 待提交:28
2025-12-26 10:43:18,806 - AutoSubmitter - INFO - 资源不足，等待中... (节点资源不足 (当前:17, 需要:1, 限制:15))
2025-12-26 10:43:26,885 - AutoSubmitter - INFO - 队列状态 - 总任务:17, 运行中:17, 使用节点:17/15, 待提交:28
2025-12-26 10:43:26,960 - AutoSubmitter - INFO - 资源不足，等待中... (节点资源不足 (当前:17, 需要:1, 限制:15))
2025-12-26 10:43:35,045 - AutoSubmitter - INFO - 队列状态 - 总任务:17, 运行中:17, 使用节点:17/15, 待提交:28
2025-12-26 10:43:35,112 - AutoSubmitter - INFO - 资源不足，等待中... (节点资源不足 (当前:17, 需要:1, 限制:15))
2025-12-26 10:43:43,191 - AutoSubmitter - INFO - 队列状态 - 总任务:17, 运行中:17, 使用节点:17/15, 待提交:28
2025-12-26 10:43:43,260 - AutoSubmitter - INFO - 资源不足，等待中... (节点资源不足 (当前:17, 需要:1, 限制:15))
2025-12-26 10:43:51,330 - AutoSubmitter - INFO - 队列状态 - 总任务:17, 运行中:17, 使用节点:17/15, 待提交:28
2025-12-26 10:43:51,394 - AutoSubmitter - INFO - 资源不足，等待中... (节点资源不足 (当前:17, 需要:1, 限制:15))
2025-12-26 10:43:59,468 - AutoSubmitter - INFO - 队列状态 - 总任务:17, 运行中:17, 使用节点:17/15, 待提交:28
2025-12-26 10:43:59,539 - AutoSubmitter - INFO - 资源不足，等待中... (节点资源不足 (当前:17, 需要:1, 限制:15))
2025-12-26 10:44:07,620 - AutoSubmitter - INFO - 队列状态 - 总任务:17, 运行中:17, 使用节点:17/15, 待提交:28
2025-12-26 10:44:07,699 - AutoSubmitter - INFO - 资源不足，等待中... (节点资源不足 (当前:17, 需要:1, 限制:15))
2025-12-26 10:44:15,774 - AutoSubmitter - INFO - 队列状态 - 总任务:17, 运行中:17, 使用节点:17/15, 待提交:28
2025-12-26 10:44:15,847 - AutoSubmitter - INFO - 资源不足，等待中... (节点资源不足 (当前:17, 需要:1, 限制:15))
2025-12-26 10:44:23,924 - AutoSubmitter - INFO - 队列状态 - 总任务:16, 运行中:16, 使用节点:16/15, 待提交:28
2025-12-26 10:44:23,990 - AutoSubmitter - INFO - 资源不足，等待中... (节点资源不足 (当前:16, 需要:1, 限制:15))
2025-12-26 10:44:32,063 - AutoSubmitter - INFO - 队列状态 - 总任务:16, 运行中:16, 使用节点:16/15, 待提交:28
2025-12-26 10:44:32,133 - AutoSubmitter - INFO - 资源不足，等待中... (节点资源不足 (当前:16, 需要:1, 限制:15))
2025-12-26 10:44:40,213 - AutoSubmitter - INFO - 队列状态 - 总任务:16, 运行中:16, 使用节点:16/15, 待提交:28
2025-12-26 10:44:40,285 - AutoSubmitter - INFO - 资源不足，等待中... (节点资源不足 (当前:16, 需要:1, 限制:15))
2025-12-26 10:44:48,362 - AutoSubmitter - INFO - 队列状态 - 总任务:16, 运行中:16, 使用节点:16/15, 待提交:28
2025-12-26 10:44:48,429 - AutoSubmitter - INFO - 资源不足，等待中... (节点资源不足 (当前:16, 需要:1, 限制:15))
2025-12-26 10:44:56,502 - AutoSubmitter - INFO - 队列状态 - 总任务:16, 运行中:16, 使用节点:16/15, 待提交:28
2025-12-26 10:44:56,568 - AutoSubmitter - INFO - 资源不足，等待中... (节点资源不足 (当前:16, 需要:1, 限制:15))
2025-12-26 10:45:04,779 - AutoSubmitter - INFO - 队列状态 - 总任务:16, 运行中:16, 使用节点:16/15, 待提交:28
2025-12-26 10:45:04,847 - AutoSubmitter - INFO - 资源不足，等待中... (节点资源不足 (当前:16, 需要:1, 限制:15))
2025-12-26 10:45:12,919 - AutoSubmitter - INFO - 队列状态 - 总任务:15, 运行中:15, 使用节点:15/15, 待提交:28
2025-12-26 10:45:12,982 - AutoSubmitter - INFO - 资源不足，等待中... (节点资源不足 (当前:15, 需要:1, 限制:15))
2025-12-26 10:45:21,158 - AutoSubmitter - INFO - 队列状态 - 总任务:15, 运行中:15, 使用节点:15/15, 待提交:28
2025-12-26 10:45:21,226 - AutoSubmitter - INFO - 资源不足，等待中... (节点资源不足 (当前:15, 需要:1, 限制:15))
2025-12-26 10:45:29,428 - AutoSubmitter - INFO - 队列状态 - 总任务:15, 运行中:15, 使用节点:15/15, 待提交:28
2025-12-26 10:45:29,502 - AutoSubmitter - INFO - 资源不足，等待中... (节点资源不足 (当前:15, 需要:1, 限制:15))
2025-12-26 10:45:37,573 - AutoSubmitter - INFO - 队列状态 - 总任务:15, 运行中:15, 使用节点:15/15, 待提交:28
2025-12-26 10:45:37,648 - AutoSubmitter - INFO - 资源不足，等待中... (节点资源不足 (当前:15, 需要:1, 限制:15))
2025-12-26 10:45:45,729 - AutoSubmitter - INFO - 队列状态 - 总任务:15, 运行中:15, 使用节点:15/15, 待提交:28
2025-12-26 10:45:45,799 - AutoSubmitter - INFO - 资源不足，等待中... (节点资源不足 (当前:15, 需要:1, 限制:15))
2025-12-26 10:45:53,882 - AutoSubmitter - INFO - 队列状态 - 总任务:15, 运行中:15, 使用节点:15/15, 待提交:28
2025-12-26 10:45:53,954 - AutoSubmitter - INFO - 资源不足，等待中... (节点资源不足 (当前:15, 需要:1, 限制:15))
2025-12-26 10:46:02,032 - AutoSubmitter - INFO - 队列状态 - 总任务:15, 运行中:15, 使用节点:15/15, 待提交:28
2025-12-26 10:46:02,104 - AutoSubmitter - INFO - 资源不足，等待中... (节点资源不足 (当前:15, 需要:1, 限制:15))
2025-12-26 10:46:10,187 - AutoSubmitter - INFO - 队列状态 - 总任务:15, 运行中:15, 使用节点:15/15, 待提交:28
2025-12-26 10:46:10,262 - AutoSubmitter - INFO - 资源不足，等待中... (节点资源不足 (当前:15, 需要:1, 限制:15))
2025-12-26 10:46:18,487 - AutoSubmitter - INFO - 队列状态 - 总任务:15, 运行中:15, 使用节点:15/15, 待提交:28
2025-12-26 10:46:18,559 - AutoSubmitter - INFO - 资源不足，等待中... (节点资源不足 (当前:15, 需要:1, 限制:15))
2025-12-26 10:46:26,634 - AutoSubmitter - INFO - 队列状态 - 总任务:15, 运行中:15, 使用节点:15/15, 待提交:28
2025-12-26 10:46:26,700 - AutoSubmitter - INFO - 资源不足，等待中... (节点资源不足 (当前:15, 需要:1, 限制:15))
2025-12-26 10:46:34,773 - AutoSubmitter - INFO - 队列状态 - 总任务:15, 运行中:15, 使用节点:15/15, 待提交:28
2025-12-26 10:46:34,840 - AutoSubmitter - INFO - 资源不足，等待中... (节点资源不足 (当前:15, 需要:1, 限制:15))
2025-12-26 10:46:42,963 - AutoSubmitter - INFO - 队列状态 - 总任务:15, 运行中:15, 使用节点:15/15, 待提交:28
2025-12-26 10:46:43,139 - AutoSubmitter - INFO - 资源不足，等待中... (节点资源不足 (当前:15, 需要:1, 限制:15))
2025-12-26 10:46:51,349 - AutoSubmitter - INFO - 队列状态 - 总任务:15, 运行中:15, 使用节点:15/15, 待提交:28
2025-12-26 10:46:51,417 - AutoSubmitter - INFO - 资源不足，等待中... (节点资源不足 (当前:15, 需要:1, 限制:15))
2025-12-26 10:46:59,494 - AutoSubmitter - INFO - 队列状态 - 总任务:15, 运行中:15, 使用节点:15/15, 待提交:28
2025-12-26 10:46:59,561 - AutoSubmitter - INFO - 资源不足，等待中... (节点资源不足 (当前:15, 需要:1, 限制:15))
2025-12-26 10:47:07,639 - AutoSubmitter - INFO - 队列状态 - 总任务:15, 运行中:15, 使用节点:15/15, 待提交:28
2025-12-26 10:47:07,703 - AutoSubmitter - INFO - 资源不足，等待中... (节点资源不足 (当前:15, 需要:1, 限制:15))
2025-12-26 10:47:15,778 - AutoSubmitter - INFO - 队列状态 - 总任务:15, 运行中:15, 使用节点:15/15, 待提交:28
2025-12-26 10:47:15,847 - AutoSubmitter - INFO - 资源不足，等待中... (节点资源不足 (当前:15, 需要:1, 限制:15))
2025-12-26 10:47:24,054 - AutoSubmitter - INFO - 队列状态 - 总任务:14, 运行中:14, 使用节点:14/15, 待提交:28
2025-12-26 10:47:24,195 - AutoSubmitter - INFO - 作业已提交: hmat_2200 (ID: 3649283)
2025-12-26 10:47:24,834 - AutoSubmitter - INFO - 作业已提交: hmat_2046 (ID: 3649284)
2025-12-26 10:47:25,404 - AutoSubmitter - INFO - 资源不足，等待中... (节点资源不足 (当前:16, 需要:1, 限制:15))
2025-12-26 10:47:33,528 - AutoSubmitter - INFO - 队列状态 - 总任务:16, 运行中:16, 使用节点:16/15, 待提交:26
2025-12-26 10:47:33,599 - AutoSubmitter - INFO - 资源不足，等待中... (节点资源不足 (当前:16, 需要:1, 限制:15))
2025-12-26 10:47:41,786 - AutoSubmitter - INFO - 队列状态 - 总任务:15, 运行中:15, 使用节点:15/15, 待提交:26
2025-12-26 10:47:41,851 - AutoSubmitter - INFO - 资源不足，等待中... (节点资源不足 (当前:15, 需要:1, 限制:15))
2025-12-26 10:47:50,029 - AutoSubmitter - INFO - 队列状态 - 总任务:15, 运行中:15, 使用节点:15/15, 待提交:26
2025-12-26 10:47:50,096 - AutoSubmitter - INFO - 资源不足，等待中... (节点资源不足 (当前:15, 需要:1, 限制:15))
2025-12-26 10:47:58,183 - AutoSubmitter - INFO - 队列状态 - 总任务:14, 运行中:14, 使用节点:14/15, 待提交:26
2025-12-26 10:47:58,330 - AutoSubmitter - INFO - 作业已提交: hmat_106 (ID: 3649288)
2025-12-26 10:47:58,978 - AutoSubmitter - INFO - 作业已提交: hmat_2127 (ID: 3649289)
2025-12-26 10:47:59,577 - AutoSubmitter - INFO - 资源不足，等待中... (节点资源不足 (当前:16, 需要:1, 限制:15))
2025-12-26 10:48:07,647 - AutoSubmitter - INFO - 队列状态 - 总任务:16, 运行中:16, 使用节点:16/15, 待提交:24
2025-12-26 10:48:07,716 - AutoSubmitter - INFO - 资源不足，等待中... (节点资源不足 (当前:16, 需要:1, 限制:15))
2025-12-26 10:48:15,789 - AutoSubmitter - INFO - 队列状态 - 总任务:15, 运行中:15, 使用节点:15/15, 待提交:24
2025-12-26 10:48:15,854 - AutoSubmitter - INFO - 资源不足，等待中... (节点资源不足 (当前:15, 需要:1, 限制:15))
2025-12-26 10:48:23,911 - AutoSubmitter - INFO - 队列状态 - 总任务:15, 运行中:15, 使用节点:15/15, 待提交:24
2025-12-26 10:48:23,957 - AutoSubmitter - INFO - 资源不足，等待中... (节点资源不足 (当前:15, 需要:1, 限制:15))
2025-12-26 10:48:32,168 - AutoSubmitter - INFO - 队列状态 - 总任务:14, 运行中:14, 使用节点:14/15, 待提交:24
2025-12-26 10:48:32,316 - AutoSubmitter - INFO - 作业已提交: hmat_2214 (ID: 3649293)
2025-12-26 10:48:32,962 - AutoSubmitter - INFO - 作业已提交: hmat_2052 (ID: 3649294)
2025-12-26 10:48:33,527 - AutoSubmitter - INFO - 资源不足，等待中... (节点资源不足 (当前:16, 需要:1, 限制:15))
2025-12-26 10:48:41,603 - AutoSubmitter - INFO - 队列状态 - 总任务:16, 运行中:16, 使用节点:16/15, 待提交:22
2025-12-26 10:48:41,671 - AutoSubmitter - INFO - 资源不足，等待中... (节点资源不足 (当前:16, 需要:1, 限制:15))
2025-12-26 10:48:49,801 - AutoSubmitter - INFO - 队列状态 - 总任务:16, 运行中:16, 使用节点:16/15, 待提交:22
2025-12-26 10:48:49,868 - AutoSubmitter - INFO - 资源不足，等待中... (节点资源不足 (当前:16, 需要:1, 限制:15))
2025-12-26 10:48:57,943 - AutoSubmitter - INFO - 队列状态 - 总任务:16, 运行中:16, 使用节点:16/15, 待提交:22
2025-12-26 10:48:58,011 - AutoSubmitter - INFO - 资源不足，等待中... (节点资源不足 (当前:16, 需要:1, 限制:15))
2025-12-26 10:49:15,539 - AutoSubmitter - INFO - 队列状态 - 总任务:16, 运行中:16, 使用节点:16/15, 待提交:22
2025-12-26 10:49:15,719 - AutoSubmitter - INFO - 资源不足，等待中... (节点资源不足 (当前:16, 需要:1, 限制:15))
2025-12-26 10:49:23,805 - AutoSubmitter - INFO - 队列状态 - 总任务:16, 运行中:16, 使用节点:16/15, 待提交:22
2025-12-26 10:49:23,873 - AutoSubmitter - INFO - 资源不足，等待中... (节点资源不足 (当前:16, 需要:1, 限制:15))
2025-12-26 10:49:31,944 - AutoSubmitter - INFO - 队列状态 - 总任务:15, 运行中:15, 使用节点:15/15, 待提交:22
2025-12-26 10:49:32,015 - AutoSubmitter - INFO - 资源不足，等待中... (节点资源不足 (当前:15, 需要:1, 限制:15))
2025-12-26 10:49:40,092 - AutoSubmitter - INFO - 队列状态 - 总任务:15, 运行中:15, 使用节点:15/15, 待提交:22
2025-12-26 10:49:40,162 - AutoSubmitter - INFO - 资源不足，等待中... (节点资源不足 (当前:15, 需要:1, 限制:15))
2025-12-26 10:49:48,288 - AutoSubmitter - INFO - 队列状态 - 总任务:15, 运行中:15, 使用节点:15/15, 待提交:22
2025-12-26 10:49:48,363 - AutoSubmitter - INFO - 资源不足，等待中... (节点资源不足 (当前:15, 需要:1, 限制:15))
2025-12-26 10:49:56,549 - AutoSubmitter - INFO - 队列状态 - 总任务:15, 运行中:15, 使用节点:15/15, 待提交:22
2025-12-26 10:49:56,618 - AutoSubmitter - INFO - 资源不足，等待中... (节点资源不足 (当前:15, 需要:1, 限制:15))
2025-12-26 10:50:04,690 - AutoSubmitter - INFO - 队列状态 - 总任务:15, 运行中:15, 使用节点:15/15, 待提交:22
2025-12-26 10:50:04,762 - AutoSubmitter - INFO - 资源不足，等待中... (节点资源不足 (当前:15, 需要:1, 限制:15))
2025-12-26 10:50:12,835 - AutoSubmitter - INFO - 队列状态 - 总任务:15, 运行中:15, 使用节点:15/15, 待提交:22
2025-12-26 10:50:12,903 - AutoSubmitter - INFO - 资源不足，等待中... (节点资源不足 (当前:15, 需要:1, 限制:15))
2025-12-26 10:50:21,100 - AutoSubmitter - INFO - 队列状态 - 总任务:14, 运行中:14, 使用节点:14/15, 待提交:22
2025-12-26 10:50:21,237 - AutoSubmitter - INFO - 作业已提交: hmat_2097 (ID: 3649305)
2025-12-26 10:50:21,871 - AutoSubmitter - INFO - 作业已提交: hmat_2209 (ID: 3649306)
2025-12-26 10:50:22,439 - AutoSubmitter - INFO - 资源不足，等待中... (节点资源不足 (当前:16, 需要:1, 限制:15))
2025-12-26 10:50:30,631 - AutoSubmitter - INFO - 队列状态 - 总任务:16, 运行中:16, 使用节点:16/15, 待提交:20
2025-12-26 10:50:30,697 - AutoSubmitter - INFO - 资源不足，等待中... (节点资源不足 (当前:16, 需要:1, 限制:15))
2025-12-26 10:50:38,771 - AutoSubmitter - INFO - 队列状态 - 总任务:16, 运行中:16, 使用节点:16/15, 待提交:20
2025-12-26 10:50:38,837 - AutoSubmitter - INFO - 资源不足，等待中... (节点资源不足 (当前:16, 需要:1, 限制:15))
2025-12-26 10:50:46,923 - AutoSubmitter - INFO - 队列状态 - 总任务:16, 运行中:16, 使用节点:16/15, 待提交:20
2025-12-26 10:50:46,989 - AutoSubmitter - INFO - 资源不足，等待中... (节点资源不足 (当前:16, 需要:1, 限制:15))
2025-12-26 10:50:55,070 - AutoSubmitter - INFO - 队列状态 - 总任务:16, 运行中:16, 使用节点:16/15, 待提交:20
2025-12-26 10:50:55,144 - AutoSubmitter - INFO - 资源不足，等待中... (节点资源不足 (当前:16, 需要:1, 限制:15))
2025-12-26 10:51:03,233 - AutoSubmitter - INFO - 队列状态 - 总任务:16, 运行中:16, 使用节点:16/15, 待提交:20
2025-12-26 10:51:03,303 - AutoSubmitter - INFO - 资源不足，等待中... (节点资源不足 (当前:16, 需要:1, 限制:15))
2025-12-26 10:51:11,380 - AutoSubmitter - INFO - 队列状态 - 总任务:16, 运行中:16, 使用节点:16/15, 待提交:20
2025-12-26 10:51:11,451 - AutoSubmitter - INFO - 资源不足，等待中... (节点资源不足 (当前:16, 需要:1, 限制:15))
2025-12-26 10:51:19,534 - AutoSubmitter - INFO - 队列状态 - 总任务:16, 运行中:16, 使用节点:16/15, 待提交:20
2025-12-26 10:51:19,609 - AutoSubmitter - INFO - 资源不足，等待中... (节点资源不足 (当前:16, 需要:1, 限制:15))
2025-12-26 10:51:27,687 - AutoSubmitter - INFO - 队列状态 - 总任务:16, 运行中:16, 使用节点:16/15, 待提交:20
2025-12-26 10:51:27,756 - AutoSubmitter - INFO - 资源不足，等待中... (节点资源不足 (当前:16, 需要:1, 限制:15))
2025-12-26 10:51:35,834 - AutoSubmitter - INFO - 队列状态 - 总任务:15, 运行中:15, 使用节点:15/15, 待提交:20
2025-12-26 10:51:35,900 - AutoSubmitter - INFO - 资源不足，等待中... (节点资源不足 (当前:15, 需要:1, 限制:15))
2025-12-26 10:51:43,988 - AutoSubmitter - INFO - 队列状态 - 总任务:15, 运行中:15, 使用节点:15/15, 待提交:20
2025-12-26 10:51:44,054 - AutoSubmitter - INFO - 资源不足，等待中... (节点资源不足 (当前:15, 需要:1, 限制:15))
2025-12-26 10:51:52,130 - AutoSubmitter - INFO - 队列状态 - 总任务:15, 运行中:15, 使用节点:15/15, 待提交:20
2025-12-26 10:51:52,201 - AutoSubmitter - INFO - 资源不足，等待中... (节点资源不足 (当前:15, 需要:1, 限制:15))
2025-12-26 10:52:00,286 - AutoSubmitter - INFO - 队列状态 - 总任务:15, 运行中:15, 使用节点:15/15, 待提交:20
2025-12-26 10:52:00,353 - AutoSubmitter - INFO - 资源不足，等待中... (节点资源不足 (当前:15, 需要:1, 限制:15))
2025-12-26 10:52:08,433 - AutoSubmitter - INFO - 队列状态 - 总任务:15, 运行中:15, 使用节点:15/15, 待提交:20
2025-12-26 10:52:08,502 - AutoSubmitter - INFO - 资源不足，等待中... (节点资源不足 (当前:15, 需要:1, 限制:15))
2025-12-26 10:52:16,707 - AutoSubmitter - INFO - 队列状态 - 总任务:15, 运行中:15, 使用节点:15/15, 待提交:20
2025-12-26 10:52:16,778 - AutoSubmitter - INFO - 资源不足，等待中... (节点资源不足 (当前:15, 需要:1, 限制:15))
2025-12-26 10:52:24,860 - AutoSubmitter - INFO - 队列状态 - 总任务:15, 运行中:15, 使用节点:15/15, 待提交:20
2025-12-26 10:52:24,933 - AutoSubmitter - INFO - 资源不足，等待中... (节点资源不足 (当前:15, 需要:1, 限制:15))
2025-12-26 10:52:33,012 - AutoSubmitter - INFO - 队列状态 - 总任务:15, 运行中:15, 使用节点:15/15, 待提交:20
2025-12-26 10:52:33,084 - AutoSubmitter - INFO - 资源不足，等待中... (节点资源不足 (当前:15, 需要:1, 限制:15))
2025-12-26 10:52:41,186 - AutoSubmitter - INFO - 队列状态 - 总任务:15, 运行中:15, 使用节点:15/15, 待提交:20
2025-12-26 10:52:41,261 - AutoSubmitter - INFO - 资源不足，等待中... (节点资源不足 (当前:15, 需要:1, 限制:15))
2025-12-26 10:52:49,337 - AutoSubmitter - INFO - 队列状态 - 总任务:15, 运行中:15, 使用节点:15/15, 待提交:20
2025-12-26 10:52:49,404 - AutoSubmitter - INFO - 资源不足，等待中... (节点资源不足 (当前:15, 需要:1, 限制:15))
2025-12-26 10:52:57,476 - AutoSubmitter - INFO - 队列状态 - 总任务:14, 运行中:14, 使用节点:14/15, 待提交:20
2025-12-26 10:52:57,615 - AutoSubmitter - INFO - 作业已提交: hmat_2160 (ID: 3649314)
2025-12-26 10:52:58,188 - AutoSubmitter - INFO - 资源不足，等待中... (节点资源不足 (当前:15, 需要:1, 限制:15))
2025-12-26 10:53:06,264 - AutoSubmitter - INFO - 队列状态 - 总任务:15, 运行中:15, 使用节点:15/15, 待提交:19
2025-12-26 10:53:06,329 - AutoSubmitter - INFO - 资源不足，等待中... (节点资源不足 (当前:15, 需要:1, 限制:15))
2025-12-26 10:53:14,561 - AutoSubmitter - INFO - 队列状态 - 总任务:15, 运行中:15, 使用节点:15/15, 待提交:19
2025-12-26 10:53:14,631 - AutoSubmitter - INFO - 资源不足，等待中... (节点资源不足 (当前:15, 需要:1, 限制:15))
2025-12-26 10:53:22,712 - AutoSubmitter - INFO - 队列状态 - 总任务:15, 运行中:15, 使用节点:15/15, 待提交:19
2025-12-26 10:53:22,781 - AutoSubmitter - INFO - 资源不足，等待中... (节点资源不足 (当前:15, 需要:1, 限制:15))
2025-12-26 10:53:31,134 - AutoSubmitter - INFO - 队列状态 - 总任务:14, 运行中:14, 使用节点:14/15, 待提交:19
2025-12-26 10:53:31,276 - AutoSubmitter - INFO - 作业已提交: hmat_2056 (ID: 3649316)
2025-12-26 10:53:31,965 - AutoSubmitter - INFO - 作业已提交: hmat_2225 (ID: 3649317)
2025-12-26 10:53:32,527 - AutoSubmitter - INFO - 资源不足，等待中... (节点资源不足 (当前:16, 需要:1, 限制:15))
2025-12-26 10:53:40,601 - AutoSubmitter - INFO - 队列状态 - 总任务:16, 运行中:16, 使用节点:16/15, 待提交:17
2025-12-26 10:53:40,666 - AutoSubmitter - INFO - 资源不足，等待中... (节点资源不足 (当前:16, 需要:1, 限制:15))
2025-12-26 10:53:48,749 - AutoSubmitter - INFO - 队列状态 - 总任务:15, 运行中:15, 使用节点:15/15, 待提交:17
2025-12-26 10:53:48,825 - AutoSubmitter - INFO - 资源不足，等待中... (节点资源不足 (当前:15, 需要:1, 限制:15))
2025-12-26 10:53:56,928 - AutoSubmitter - INFO - 队列状态 - 总任务:14, 运行中:14, 使用节点:14/15, 待提交:17
2025-12-26 10:53:57,161 - AutoSubmitter - INFO - 作业已提交: hmat_2103 (ID: 3649318)
2025-12-26 10:53:57,800 - AutoSubmitter - INFO - 作业已提交: hmat_2169 (ID: 3649319)
2025-12-26 10:53:58,376 - AutoSubmitter - INFO - 资源不足，等待中... (节点资源不足 (当前:16, 需要:1, 限制:15))
2025-12-26 10:54:06,462 - AutoSubmitter - INFO - 队列状态 - 总任务:16, 运行中:16, 使用节点:16/15, 待提交:15
2025-12-26 10:54:06,533 - AutoSubmitter - INFO - 资源不足，等待中... (节点资源不足 (当前:16, 需要:1, 限制:15))
2025-12-26 10:54:14,610 - AutoSubmitter - INFO - 队列状态 - 总任务:16, 运行中:16, 使用节点:16/15, 待提交:15
2025-12-26 10:54:14,676 - AutoSubmitter - INFO - 资源不足，等待中... (节点资源不足 (当前:16, 需要:1, 限制:15))
2025-12-26 10:54:22,753 - AutoSubmitter - INFO - 队列状态 - 总任务:16, 运行中:16, 使用节点:16/15, 待提交:15
2025-12-26 10:54:22,816 - AutoSubmitter - INFO - 资源不足，等待中... (节点资源不足 (当前:16, 需要:1, 限制:15))
2025-12-26 10:54:30,888 - AutoSubmitter - INFO - 队列状态 - 总任务:16, 运行中:16, 使用节点:16/15, 待提交:15
2025-12-26 10:54:30,953 - AutoSubmitter - INFO - 资源不足，等待中... (节点资源不足 (当前:16, 需要:1, 限制:15))
2025-12-26 10:54:39,035 - AutoSubmitter - INFO - 队列状态 - 总任务:16, 运行中:16, 使用节点:16/15, 待提交:15
2025-12-26 10:54:39,107 - AutoSubmitter - INFO - 资源不足，等待中... (节点资源不足 (当前:16, 需要:1, 限制:15))
2025-12-26 10:54:47,187 - AutoSubmitter - INFO - 队列状态 - 总任务:16, 运行中:16, 使用节点:16/15, 待提交:15
2025-12-26 10:54:47,254 - AutoSubmitter - INFO - 资源不足，等待中... (节点资源不足 (当前:16, 需要:1, 限制:15))
2025-12-26 10:54:55,329 - AutoSubmitter - INFO - 队列状态 - 总任务:16, 运行中:16, 使用节点:16/15, 待提交:15
2025-12-26 10:54:55,399 - AutoSubmitter - INFO - 资源不足，等待中... (节点资源不足 (当前:16, 需要:1, 限制:15))
2025-12-26 10:55:03,617 - AutoSubmitter - INFO - 队列状态 - 总任务:15, 运行中:15, 使用节点:15/15, 待提交:15
2025-12-26 10:55:03,689 - AutoSubmitter - INFO - 资源不足，等待中... (节点资源不足 (当前:15, 需要:1, 限制:15))
2025-12-26 10:55:11,768 - AutoSubmitter - INFO - 队列状态 - 总任务:15, 运行中:15, 使用节点:15/15, 待提交:15
2025-12-26 10:55:11,839 - AutoSubmitter - INFO - 资源不足，等待中... (节点资源不足 (当前:15, 需要:1, 限制:15))
2025-12-26 10:55:19,912 - AutoSubmitter - INFO - 队列状态 - 总任务:15, 运行中:15, 使用节点:15/15, 待提交:15
2025-12-26 10:55:19,976 - AutoSubmitter - INFO - 资源不足，等待中... (节点资源不足 (当前:15, 需要:1, 限制:15))
2025-12-26 10:55:28,050 - AutoSubmitter - INFO - 队列状态 - 总任务:15, 运行中:15, 使用节点:15/15, 待提交:15
2025-12-26 10:55:28,117 - AutoSubmitter - INFO - 资源不足，等待中... (节点资源不足 (当前:15, 需要:1, 限制:15))
2025-12-26 10:55:36,309 - AutoSubmitter - INFO - 队列状态 - 总任务:15, 运行中:15, 使用节点:15/15, 待提交:15
2025-12-26 10:55:36,378 - AutoSubmitter - INFO - 资源不足，等待中... (节点资源不足 (当前:15, 需要:1, 限制:15))
2025-12-26 10:55:44,574 - AutoSubmitter - INFO - 队列状态 - 总任务:15, 运行中:15, 使用节点:15/15, 待提交:15
2025-12-26 10:55:44,641 - AutoSubmitter - INFO - 资源不足，等待中... (节点资源不足 (当前:15, 需要:1, 限制:15))
2025-12-26 10:55:52,722 - AutoSubmitter - INFO - 队列状态 - 总任务:15, 运行中:15, 使用节点:15/15, 待提交:15
2025-12-26 10:55:52,793 - AutoSubmitter - INFO - 资源不足，等待中... (节点资源不足 (当前:15, 需要:1, 限制:15))
2025-12-26 10:56:00,872 - AutoSubmitter - INFO - 队列状态 - 总任务:15, 运行中:15, 使用节点:15/15, 待提交:15
2025-12-26 10:56:00,945 - AutoSubmitter - INFO - 资源不足，等待中... (节点资源不足 (当前:15, 需要:1, 限制:15))
2025-12-26 10:56:09,132 - AutoSubmitter - INFO - 队列状态 - 总任务:15, 运行中:15, 使用节点:15/15, 待提交:15
2025-12-26 10:56:09,197 - AutoSubmitter - INFO - 资源不足，等待中... (节点资源不足 (当前:15, 需要:1, 限制:15))
2025-12-26 10:56:17,276 - AutoSubmitter - INFO - 队列状态 - 总任务:15, 运行中:15, 使用节点:15/15, 待提交:15
2025-12-26 10:56:17,344 - AutoSubmitter - INFO - 资源不足，等待中... (节点资源不足 (当前:15, 需要:1, 限制:15))
2025-12-26 10:56:25,427 - AutoSubmitter - INFO - 队列状态 - 总任务:13, 运行中:13, 使用节点:13/15, 待提交:15
2025-12-26 10:56:25,564 - AutoSubmitter - INFO - 作业已提交: hmat_2135 (ID: 3649326)
2025-12-26 10:56:26,420 - AutoSubmitter - INFO - 作业已提交: hmat_2199 (ID: 3649327)
2025-12-26 10:56:27,142 - AutoSubmitter - INFO - 作业已提交: hmat_2051 (ID: 3649328)
2025-12-26 10:56:27,781 - AutoSubmitter - INFO - 作业已提交: hmat_2126 (ID: 3649329)
2025-12-26 10:56:28,352 - AutoSubmitter - INFO - 资源不足，等待中... (节点资源不足 (当前:17, 需要:1, 限制:15))
2025-12-26 10:56:36,580 - AutoSubmitter - INFO - 队列状态 - 总任务:17, 运行中:17, 使用节点:17/15, 待提交:11
2025-12-26 10:56:36,650 - AutoSubmitter - INFO - 资源不足，等待中... (节点资源不足 (当前:17, 需要:1, 限制:15))
2025-12-26 10:56:44,857 - AutoSubmitter - INFO - 队列状态 - 总任务:17, 运行中:17, 使用节点:17/15, 待提交:11
2025-12-26 10:56:44,932 - AutoSubmitter - INFO - 资源不足，等待中... (节点资源不足 (当前:17, 需要:1, 限制:15))
2025-12-26 10:56:53,158 - AutoSubmitter - INFO - 队列状态 - 总任务:17, 运行中:17, 使用节点:17/15, 待提交:11
2025-12-26 10:56:53,225 - AutoSubmitter - INFO - 资源不足，等待中... (节点资源不足 (当前:17, 需要:1, 限制:15))
2025-12-26 10:57:01,316 - AutoSubmitter - INFO - 队列状态 - 总任务:17, 运行中:17, 使用节点:17/15, 待提交:11
2025-12-26 10:57:01,388 - AutoSubmitter - INFO - 资源不足，等待中... (节点资源不足 (当前:17, 需要:1, 限制:15))
2025-12-26 10:57:09,615 - AutoSubmitter - INFO - 队列状态 - 总任务:17, 运行中:17, 使用节点:17/15, 待提交:11
2025-12-26 10:57:09,689 - AutoSubmitter - INFO - 资源不足，等待中... (节点资源不足 (当前:17, 需要:1, 限制:15))
2025-12-26 10:57:17,923 - AutoSubmitter - INFO - 队列状态 - 总任务:17, 运行中:17, 使用节点:17/15, 待提交:11
2025-12-26 10:57:17,994 - AutoSubmitter - INFO - 资源不足，等待中... (节点资源不足 (当前:17, 需要:1, 限制:15))
2025-12-26 10:57:26,100 - AutoSubmitter - INFO - 队列状态 - 总任务:17, 运行中:17, 使用节点:17/15, 待提交:11
2025-12-26 10:57:26,166 - AutoSubmitter - INFO - 资源不足，等待中... (节点资源不足 (当前:17, 需要:1, 限制:15))
2025-12-26 10:57:34,389 - AutoSubmitter - INFO - 队列状态 - 总任务:17, 运行中:17, 使用节点:17/15, 待提交:11
2025-12-26 10:57:34,461 - AutoSubmitter - INFO - 资源不足，等待中... (节点资源不足 (当前:17, 需要:1, 限制:15))
2025-12-26 10:57:42,543 - AutoSubmitter - INFO - 队列状态 - 总任务:17, 运行中:17, 使用节点:17/15, 待提交:11
2025-12-26 10:57:42,613 - AutoSubmitter - INFO - 资源不足，等待中... (节点资源不足 (当前:17, 需要:1, 限制:15))
2025-12-26 10:57:50,689 - AutoSubmitter - INFO - 队列状态 - 总任务:17, 运行中:17, 使用节点:17/15, 待提交:11
2025-12-26 10:57:50,753 - AutoSubmitter - INFO - 资源不足，等待中... (节点资源不足 (当前:17, 需要:1, 限制:15))
2025-12-26 10:57:58,830 - AutoSubmitter - INFO - 队列状态 - 总任务:17, 运行中:17, 使用节点:17/15, 待提交:11
2025-12-26 10:57:58,900 - AutoSubmitter - INFO - 资源不足，等待中... (节点资源不足 (当前:17, 需要:1, 限制:15))
2025-12-26 10:58:06,972 - AutoSubmitter - INFO - 队列状态 - 总任务:17, 运行中:17, 使用节点:17/15, 待提交:11
2025-12-26 10:58:07,038 - AutoSubmitter - INFO - 资源不足，等待中... (节点资源不足 (当前:17, 需要:1, 限制:15))
2025-12-26 10:58:15,110 - AutoSubmitter - INFO - 队列状态 - 总任务:17, 运行中:17, 使用节点:17/15, 待提交:11
2025-12-26 10:58:15,176 - AutoSubmitter - INFO - 资源不足，等待中... (节点资源不足 (当前:17, 需要:1, 限制:15))
2025-12-26 10:58:23,259 - AutoSubmitter - INFO - 队列状态 - 总任务:17, 运行中:17, 使用节点:17/15, 待提交:11
2025-12-26 10:58:23,327 - AutoSubmitter - INFO - 资源不足，等待中... (节点资源不足 (当前:17, 需要:1, 限制:15))
2025-12-26 10:58:31,411 - AutoSubmitter - INFO - 队列状态 - 总任务:17, 运行中:17, 使用节点:17/15, 待提交:11
2025-12-26 10:58:31,482 - AutoSubmitter - INFO - 资源不足，等待中... (节点资源不足 (当前:17, 需要:1, 限制:15))
2025-12-26 10:58:39,560 - AutoSubmitter - INFO - 队列状态 - 总任务:17, 运行中:17, 使用节点:17/15, 待提交:11
2025-12-26 10:58:39,629 - AutoSubmitter - INFO - 资源不足，等待中... (节点资源不足 (当前:17, 需要:1, 限制:15))
2025-12-26 10:58:47,705 - AutoSubmitter - INFO - 队列状态 - 总任务:17, 运行中:17, 使用节点:17/15, 待提交:11
2025-12-26 10:58:47,770 - AutoSubmitter - INFO - 资源不足，等待中... (节点资源不足 (当前:17, 需要:1, 限制:15))
2025-12-26 10:58:55,849 - AutoSubmitter - INFO - 队列状态 - 总任务:17, 运行中:17, 使用节点:17/15, 待提交:11
2025-12-26 10:58:55,917 - AutoSubmitter - INFO - 资源不足，等待中... (节点资源不足 (当前:17, 需要:1, 限制:15))
2025-12-26 10:59:03,990 - AutoSubmitter - INFO - 队列状态 - 总任务:17, 运行中:17, 使用节点:17/15, 待提交:11
2025-12-26 10:59:04,053 - AutoSubmitter - INFO - 资源不足，等待中... (节点资源不足 (当前:17, 需要:1, 限制:15))
2025-12-26 10:59:15,567 - AutoSubmitter - INFO - 队列状态 - 总任务:17, 运行中:17, 使用节点:17/15, 待提交:11
2025-12-26 10:59:15,652 - AutoSubmitter - INFO - 资源不足，等待中... (节点资源不足 (当前:17, 需要:1, 限制:15))
2025-12-26 10:59:23,726 - AutoSubmitter - INFO - 队列状态 - 总任务:16, 运行中:16, 使用节点:16/15, 待提交:11
2025-12-26 10:59:23,795 - AutoSubmitter - INFO - 资源不足，等待中... (节点资源不足 (当前:16, 需要:1, 限制:15))
2025-12-26 10:59:31,868 - AutoSubmitter - INFO - 队列状态 - 总任务:16, 运行中:16, 使用节点:16/15, 待提交:11
2025-12-26 10:59:31,939 - AutoSubmitter - INFO - 资源不足，等待中... (节点资源不足 (当前:16, 需要:1, 限制:15))
2025-12-26 10:59:40,031 - AutoSubmitter - INFO - 队列状态 - 总任务:16, 运行中:16, 使用节点:16/15, 待提交:11
2025-12-26 10:59:40,101 - AutoSubmitter - INFO - 资源不足，等待中... (节点资源不足 (当前:16, 需要:1, 限制:15))
2025-12-26 10:59:48,184 - AutoSubmitter - INFO - 队列状态 - 总任务:16, 运行中:16, 使用节点:16/15, 待提交:11
2025-12-26 10:59:48,257 - AutoSubmitter - INFO - 资源不足，等待中... (节点资源不足 (当前:16, 需要:1, 限制:15))
2025-12-26 10:59:56,337 - AutoSubmitter - INFO - 队列状态 - 总任务:15, 运行中:15, 使用节点:15/15, 待提交:11
2025-12-26 10:59:56,406 - AutoSubmitter - INFO - 资源不足，等待中... (节点资源不足 (当前:15, 需要:1, 限制:15))
2025-12-26 11:00:04,526 - AutoSubmitter - INFO - 队列状态 - 总任务:15, 运行中:15, 使用节点:15/15, 待提交:11
2025-12-26 11:00:04,592 - AutoSubmitter - INFO - 资源不足，等待中... (节点资源不足 (当前:15, 需要:1, 限制:15))
2025-12-26 11:00:12,673 - AutoSubmitter - INFO - 队列状态 - 总任务:15, 运行中:15, 使用节点:15/15, 待提交:11
2025-12-26 11:00:12,746 - AutoSubmitter - INFO - 资源不足，等待中... (节点资源不足 (当前:15, 需要:1, 限制:15))
2025-12-26 11:00:20,817 - AutoSubmitter - INFO - 队列状态 - 总任务:15, 运行中:15, 使用节点:15/15, 待提交:11
2025-12-26 11:00:20,879 - AutoSubmitter - INFO - 资源不足，等待中... (节点资源不足 (当前:15, 需要:1, 限制:15))
2025-12-26 11:00:28,962 - AutoSubmitter - INFO - 队列状态 - 总任务:15, 运行中:15, 使用节点:15/15, 待提交:11
2025-12-26 11:00:29,033 - AutoSubmitter - INFO - 资源不足，等待中... (节点资源不足 (当前:15, 需要:1, 限制:15))
2025-12-26 11:00:37,106 - AutoSubmitter - INFO - 队列状态 - 总任务:15, 运行中:15, 使用节点:15/15, 待提交:11
2025-12-26 11:00:37,173 - AutoSubmitter - INFO - 资源不足，等待中... (节点资源不足 (当前:15, 需要:1, 限制:15))
2025-12-26 11:00:45,248 - AutoSubmitter - INFO - 队列状态 - 总任务:15, 运行中:15, 使用节点:15/15, 待提交:11
2025-12-26 11:00:45,313 - AutoSubmitter - INFO - 资源不足，等待中... (节点资源不足 (当前:15, 需要:1, 限制:15))
2025-12-26 11:00:53,390 - AutoSubmitter - INFO - 队列状态 - 总任务:15, 运行中:15, 使用节点:15/15, 待提交:11
2025-12-26 11:00:53,458 - AutoSubmitter - INFO - 资源不足，等待中... (节点资源不足 (当前:15, 需要:1, 限制:15))
2025-12-26 11:01:01,536 - AutoSubmitter - INFO - 队列状态 - 总任务:15, 运行中:15, 使用节点:15/15, 待提交:11
2025-12-26 11:01:01,607 - AutoSubmitter - INFO - 资源不足，等待中... (节点资源不足 (当前:15, 需要:1, 限制:15))
2025-12-26 11:01:09,685 - AutoSubmitter - INFO - 队列状态 - 总任务:15, 运行中:15, 使用节点:15/15, 待提交:11
2025-12-26 11:01:09,961 - AutoSubmitter - INFO - 资源不足，等待中... (节点资源不足 (当前:15, 需要:1, 限制:15))
2025-12-26 11:01:18,038 - AutoSubmitter - INFO - 队列状态 - 总任务:15, 运行中:15, 使用节点:15/15, 待提交:11
2025-12-26 11:01:18,111 - AutoSubmitter - INFO - 资源不足，等待中... (节点资源不足 (当前:15, 需要:1, 限制:15))
2025-12-26 11:01:26,196 - AutoSubmitter - INFO - 队列状态 - 总任务:15, 运行中:15, 使用节点:15/15, 待提交:11
2025-12-26 11:01:26,262 - AutoSubmitter - INFO - 资源不足，等待中... (节点资源不足 (当前:15, 需要:1, 限制:15))
2025-12-26 11:01:34,351 - AutoSubmitter - INFO - 队列状态 - 总任务:15, 运行中:15, 使用节点:15/15, 待提交:11
2025-12-26 11:01:34,428 - AutoSubmitter - INFO - 资源不足，等待中... (节点资源不足 (当前:15, 需要:1, 限制:15))
2025-12-26 11:01:42,504 - AutoSubmitter - INFO - 队列状态 - 总任务:15, 运行中:15, 使用节点:15/15, 待提交:11
2025-12-26 11:01:42,573 - AutoSubmitter - INFO - 资源不足，等待中... (节点资源不足 (当前:15, 需要:1, 限制:15))
2025-12-26 11:01:50,654 - AutoSubmitter - INFO - 队列状态 - 总任务:15, 运行中:15, 使用节点:15/15, 待提交:11
2025-12-26 11:01:50,726 - AutoSubmitter - INFO - 资源不足，等待中... (节点资源不足 (当前:15, 需要:1, 限制:15))
2025-12-26 11:01:58,803 - AutoSubmitter - INFO - 队列状态 - 总任务:15, 运行中:15, 使用节点:15/15, 待提交:11
2025-12-26 11:01:58,870 - AutoSubmitter - INFO - 资源不足，等待中... (节点资源不足 (当前:15, 需要:1, 限制:15))
2025-12-26 11:02:06,942 - AutoSubmitter - INFO - 队列状态 - 总任务:15, 运行中:15, 使用节点:15/15, 待提交:11
2025-12-26 11:02:07,011 - AutoSubmitter - INFO - 资源不足，等待中... (节点资源不足 (当前:15, 需要:1, 限制:15))
2025-12-26 11:02:15,086 - AutoSubmitter - INFO - 队列状态 - 总任务:15, 运行中:15, 使用节点:15/15, 待提交:11
2025-12-26 11:02:15,150 - AutoSubmitter - INFO - 资源不足，等待中... (节点资源不足 (当前:15, 需要:1, 限制:15))
2025-12-26 11:02:23,228 - AutoSubmitter - INFO - 队列状态 - 总任务:15, 运行中:15, 使用节点:15/15, 待提交:11
2025-12-26 11:02:23,296 - AutoSubmitter - INFO - 资源不足，等待中... (节点资源不足 (当前:15, 需要:1, 限制:15))
2025-12-26 11:02:31,370 - AutoSubmitter - INFO - 队列状态 - 总任务:14, 运行中:14, 使用节点:14/15, 待提交:11
2025-12-26 11:02:31,510 - AutoSubmitter - INFO - 作业已提交: hmat_1993 (ID: 3649365)
2025-12-26 11:02:32,088 - AutoSubmitter - INFO - 资源不足，等待中... (节点资源不足 (当前:15, 需要:1, 限制:15))
2025-12-26 11:02:40,169 - AutoSubmitter - INFO - 队列状态 - 总任务:15, 运行中:15, 使用节点:15/15, 待提交:10
2025-12-26 11:02:40,239 - AutoSubmitter - INFO - 资源不足，等待中... (节点资源不足 (当前:15, 需要:1, 限制:15))
2025-12-26 11:02:48,318 - AutoSubmitter - INFO - 队列状态 - 总任务:15, 运行中:15, 使用节点:15/15, 待提交:10
2025-12-26 11:02:48,384 - AutoSubmitter - INFO - 资源不足，等待中... (节点资源不足 (当前:15, 需要:1, 限制:15))
2025-12-26 11:02:56,467 - AutoSubmitter - INFO - 队列状态 - 总任务:15, 运行中:15, 使用节点:15/15, 待提交:10
2025-12-26 11:02:56,540 - AutoSubmitter - INFO - 资源不足，等待中... (节点资源不足 (当前:15, 需要:1, 限制:15))
2025-12-26 11:03:04,620 - AutoSubmitter - INFO - 队列状态 - 总任务:15, 运行中:15, 使用节点:15/15, 待提交:10
2025-12-26 11:03:04,690 - AutoSubmitter - INFO - 资源不足，等待中... (节点资源不足 (当前:15, 需要:1, 限制:15))
2025-12-26 11:03:12,764 - AutoSubmitter - INFO - 队列状态 - 总任务:15, 运行中:15, 使用节点:15/15, 待提交:10
2025-12-26 11:03:12,833 - AutoSubmitter - INFO - 资源不足，等待中... (节点资源不足 (当前:15, 需要:1, 限制:15))
2025-12-26 11:03:20,910 - AutoSubmitter - INFO - 队列状态 - 总任务:15, 运行中:15, 使用节点:15/15, 待提交:10
2025-12-26 11:03:20,979 - AutoSubmitter - INFO - 资源不足，等待中... (节点资源不足 (当前:15, 需要:1, 限制:15))
2025-12-26 11:03:29,057 - AutoSubmitter - INFO - 队列状态 - 总任务:15, 运行中:15, 使用节点:15/15, 待提交:10
2025-12-26 11:03:29,125 - AutoSubmitter - INFO - 资源不足，等待中... (节点资源不足 (当前:15, 需要:1, 限制:15))
2025-12-26 11:03:37,204 - AutoSubmitter - INFO - 队列状态 - 总任务:14, 运行中:14, 使用节点:14/15, 待提交:10
2025-12-26 11:03:37,356 - AutoSubmitter - INFO - 作业已提交: hmat_158 (ID: 3649370)
2025-12-26 11:03:37,997 - AutoSubmitter - INFO - 作业已提交: hmat_145 (ID: 3649371)
2025-12-26 11:03:38,567 - AutoSubmitter - INFO - 资源不足，等待中... (节点资源不足 (当前:16, 需要:1, 限制:15))
2025-12-26 11:03:46,648 - AutoSubmitter - INFO - 队列状态 - 总任务:16, 运行中:16, 使用节点:16/15, 待提交:8
2025-12-26 11:03:46,718 - AutoSubmitter - INFO - 资源不足，等待中... (节点资源不足 (当前:16, 需要:1, 限制:15))
2025-12-26 11:03:54,797 - AutoSubmitter - INFO - 队列状态 - 总任务:16, 运行中:16, 使用节点:16/15, 待提交:8
2025-12-26 11:03:54,868 - AutoSubmitter - INFO - 资源不足，等待中... (节点资源不足 (当前:16, 需要:1, 限制:15))
2025-12-26 11:04:02,952 - AutoSubmitter - INFO - 队列状态 - 总任务:14, 运行中:14, 使用节点:14/15, 待提交:8
2025-12-26 11:04:03,103 - AutoSubmitter - INFO - 作业已提交: hmat_164 (ID: 3649373)
2025-12-26 11:04:03,739 - AutoSubmitter - INFO - 作业已提交: hmat_2073 (ID: 3649374)
2025-12-26 11:04:04,311 - AutoSubmitter - INFO - 资源不足，等待中... (节点资源不足 (当前:16, 需要:1, 限制:15))
2025-12-26 11:04:12,392 - AutoSubmitter - INFO - 队列状态 - 总任务:16, 运行中:16, 使用节点:16/15, 待提交:6
2025-12-26 11:04:12,466 - AutoSubmitter - INFO - 资源不足，等待中... (节点资源不足 (当前:16, 需要:1, 限制:15))
2025-12-26 11:04:20,543 - AutoSubmitter - INFO - 队列状态 - 总任务:16, 运行中:16, 使用节点:16/15, 待提交:6
2025-12-26 11:04:20,608 - AutoSubmitter - INFO - 资源不足，等待中... (节点资源不足 (当前:16, 需要:1, 限制:15))
2025-12-26 11:04:28,685 - AutoSubmitter - INFO - 队列状态 - 总任务:15, 运行中:15, 使用节点:15/15, 待提交:6
2025-12-26 11:04:28,752 - AutoSubmitter - INFO - 资源不足，等待中... (节点资源不足 (当前:15, 需要:1, 限制:15))
2025-12-26 11:04:36,827 - AutoSubmitter - INFO - 队列状态 - 总任务:15, 运行中:15, 使用节点:15/15, 待提交:6
2025-12-26 11:04:36,895 - AutoSubmitter - INFO - 资源不足，等待中... (节点资源不足 (当前:15, 需要:1, 限制:15))
2025-12-26 11:04:44,979 - AutoSubmitter - INFO - 队列状态 - 总任务:15, 运行中:15, 使用节点:15/15, 待提交:6
2025-12-26 11:04:45,054 - AutoSubmitter - INFO - 资源不足，等待中... (节点资源不足 (当前:15, 需要:1, 限制:15))
2025-12-26 11:04:53,132 - AutoSubmitter - INFO - 队列状态 - 总任务:15, 运行中:15, 使用节点:15/15, 待提交:6
2025-12-26 11:04:53,203 - AutoSubmitter - INFO - 资源不足，等待中... (节点资源不足 (当前:15, 需要:1, 限制:15))
2025-12-26 11:05:01,287 - AutoSubmitter - INFO - 队列状态 - 总任务:15, 运行中:15, 使用节点:15/15, 待提交:6
2025-12-26 11:05:01,358 - AutoSubmitter - INFO - 资源不足，等待中... (节点资源不足 (当前:15, 需要:1, 限制:15))
2025-12-26 11:05:09,462 - AutoSubmitter - INFO - 队列状态 - 总任务:15, 运行中:15, 使用节点:15/15, 待提交:6
2025-12-26 11:05:09,530 - AutoSubmitter - INFO - 资源不足，等待中... (节点资源不足 (当前:15, 需要:1, 限制:15))
2025-12-26 11:05:17,606 - AutoSubmitter - INFO - 队列状态 - 总任务:15, 运行中:15, 使用节点:15/15, 待提交:6
2025-12-26 11:05:17,677 - AutoSubmitter - INFO - 资源不足，等待中... (节点资源不足 (当前:15, 需要:1, 限制:15))
2025-12-26 11:05:25,751 - AutoSubmitter - INFO - 队列状态 - 总任务:15, 运行中:15, 使用节点:15/15, 待提交:6
2025-12-26 11:05:25,816 - AutoSubmitter - INFO - 资源不足，等待中... (节点资源不足 (当前:15, 需要:1, 限制:15))
2025-12-26 11:05:33,891 - AutoSubmitter - INFO - 队列状态 - 总任务:15, 运行中:15, 使用节点:15/15, 待提交:6
2025-12-26 11:05:33,962 - AutoSubmitter - INFO - 资源不足，等待中... (节点资源不足 (当前:15, 需要:1, 限制:15))
2025-12-26 11:05:42,039 - AutoSubmitter - INFO - 队列状态 - 总任务:14, 运行中:14, 使用节点:14/15, 待提交:6
2025-12-26 11:05:42,208 - AutoSubmitter - INFO - 作业已提交: hmat_2087 (ID: 3649383)
2025-12-26 11:05:42,875 - AutoSubmitter - INFO - 作业已提交: hmat_2190 (ID: 3649384)
2025-12-26 11:05:43,451 - AutoSubmitter - INFO - 资源不足，等待中... (节点资源不足 (当前:16, 需要:1, 限制:15))
2025-12-26 11:05:51,530 - AutoSubmitter - INFO - 队列状态 - 总任务:16, 运行中:16, 使用节点:16/15, 待提交:4
2025-12-26 11:05:51,596 - AutoSubmitter - INFO - 资源不足，等待中... (节点资源不足 (当前:16, 需要:1, 限制:15))
2025-12-26 11:05:59,670 - AutoSubmitter - INFO - 队列状态 - 总任务:15, 运行中:15, 使用节点:15/15, 待提交:4
2025-12-26 11:05:59,737 - AutoSubmitter - INFO - 资源不足，等待中... (节点资源不足 (当前:15, 需要:1, 限制:15))
2025-12-26 11:06:07,817 - AutoSubmitter - INFO - 队列状态 - 总任务:14, 运行中:14, 使用节点:14/15, 待提交:4
2025-12-26 11:06:07,964 - AutoSubmitter - INFO - 作业已提交: hmat_2089 (ID: 3649387)
2025-12-26 11:06:08,537 - AutoSubmitter - INFO - 资源不足，等待中... (节点资源不足 (当前:15, 需要:1, 限制:15))
2025-12-26 11:06:16,617 - AutoSubmitter - INFO - 队列状态 - 总任务:15, 运行中:15, 使用节点:15/15, 待提交:3
2025-12-26 11:06:16,689 - AutoSubmitter - INFO - 资源不足，等待中... (节点资源不足 (当前:15, 需要:1, 限制:15))
2025-12-26 11:06:24,768 - AutoSubmitter - INFO - 队列状态 - 总任务:15, 运行中:15, 使用节点:15/15, 待提交:3
2025-12-26 11:06:24,838 - AutoSubmitter - INFO - 资源不足，等待中... (节点资源不足 (当前:15, 需要:1, 限制:15))
2025-12-26 11:06:32,916 - AutoSubmitter - INFO - 队列状态 - 总任务:14, 运行中:14, 使用节点:14/15, 待提交:3
2025-12-26 11:06:33,066 - AutoSubmitter - INFO - 作业已提交: hmat_2113 (ID: 3649389)
2025-12-26 11:06:33,715 - AutoSubmitter - INFO - 作业已提交: hmat_149 (ID: 3649390)
2025-12-26 11:06:34,285 - AutoSubmitter - INFO - 资源不足，等待中... (节点资源不足 (当前:16, 需要:1, 限制:15))
2025-12-26 11:06:42,365 - AutoSubmitter - INFO - 队列状态 - 总任务:16, 运行中:16, 使用节点:16/15, 待提交:1
2025-12-26 11:06:42,437 - AutoSubmitter - INFO - 资源不足，等待中... (节点资源不足 (当前:16, 需要:1, 限制:15))
2025-12-26 11:06:50,520 - AutoSubmitter - INFO - 队列状态 - 总任务:16, 运行中:16, 使用节点:16/15, 待提交:1
2025-12-26 11:06:50,589 - AutoSubmitter - INFO - 资源不足，等待中... (节点资源不足 (当前:16, 需要:1, 限制:15))
2025-12-26 11:06:58,675 - AutoSubmitter - INFO - 队列状态 - 总任务:15, 运行中:15, 使用节点:15/15, 待提交:1
2025-12-26 11:06:58,747 - AutoSubmitter - INFO - 资源不足，等待中... (节点资源不足 (当前:15, 需要:1, 限制:15))
2025-12-26 11:07:06,825 - AutoSubmitter - INFO - 队列状态 - 总任务:15, 运行中:15, 使用节点:15/15, 待提交:1
2025-12-26 11:07:06,887 - AutoSubmitter - INFO - 资源不足，等待中... (节点资源不足 (当前:15, 需要:1, 限制:15))
2025-12-26 11:07:14,963 - AutoSubmitter - INFO - 队列状态 - 总任务:15, 运行中:15, 使用节点:15/15, 待提交:1
2025-12-26 11:07:15,032 - AutoSubmitter - INFO - 资源不足，等待中... (节点资源不足 (当前:15, 需要:1, 限制:15))
2025-12-26 11:07:23,140 - AutoSubmitter - INFO - 队列状态 - 总任务:15, 运行中:15, 使用节点:15/15, 待提交:1
2025-12-26 11:07:23,209 - AutoSubmitter - INFO - 资源不足，等待中... (节点资源不足 (当前:15, 需要:1, 限制:15))
2025-12-26 11:07:31,399 - AutoSubmitter - INFO - 队列状态 - 总任务:15, 运行中:15, 使用节点:15/15, 待提交:1
2025-12-26 11:07:31,465 - AutoSubmitter - INFO - 资源不足，等待中... (节点资源不足 (当前:15, 需要:1, 限制:15))
2025-12-26 11:07:39,707 - AutoSubmitter - INFO - 队列状态 - 总任务:15, 运行中:15, 使用节点:15/15, 待提交:1
2025-12-26 11:07:39,781 - AutoSubmitter - INFO - 资源不足，等待中... (节点资源不足 (当前:15, 需要:1, 限制:15))
2025-12-26 11:07:47,863 - AutoSubmitter - INFO - 队列状态 - 总任务:15, 运行中:15, 使用节点:15/15, 待提交:1
2025-12-26 11:07:47,937 - AutoSubmitter - INFO - 资源不足，等待中... (节点资源不足 (当前:15, 需要:1, 限制:15))
2025-12-26 11:07:56,021 - AutoSubmitter - INFO - 队列状态 - 总任务:15, 运行中:15, 使用节点:15/15, 待提交:1
2025-12-26 11:07:56,092 - AutoSubmitter - INFO - 资源不足，等待中... (节点资源不足 (当前:15, 需要:1, 限制:15))
2025-12-26 11:08:04,177 - AutoSubmitter - INFO - 队列状态 - 总任务:15, 运行中:15, 使用节点:15/15, 待提交:1
2025-12-26 11:08:04,247 - AutoSubmitter - INFO - 资源不足，等待中... (节点资源不足 (当前:15, 需要:1, 限制:15))
2025-12-26 11:08:12,318 - AutoSubmitter - INFO - 队列状态 - 总任务:15, 运行中:15, 使用节点:15/15, 待提交:1
2025-12-26 11:08:12,388 - AutoSubmitter - INFO - 资源不足，等待中... (节点资源不足 (当前:15, 需要:1, 限制:15))
2025-12-26 11:08:20,489 - AutoSubmitter - INFO - 队列状态 - 总任务:15, 运行中:15, 使用节点:15/15, 待提交:1
2025-12-26 11:08:20,559 - AutoSubmitter - INFO - 资源不足，等待中... (节点资源不足 (当前:15, 需要:1, 限制:15))
2025-12-26 11:08:28,635 - AutoSubmitter - INFO - 队列状态 - 总任务:15, 运行中:15, 使用节点:15/15, 待提交:1
2025-12-26 11:08:28,700 - AutoSubmitter - INFO - 资源不足，等待中... (节点资源不足 (当前:15, 需要:1, 限制:15))
2025-12-26 11:08:36,774 - AutoSubmitter - INFO - 队列状态 - 总任务:15, 运行中:15, 使用节点:15/15, 待提交:1
2025-12-26 11:08:36,837 - AutoSubmitter - INFO - 资源不足，等待中... (节点资源不足 (当前:15, 需要:1, 限制:15))
2025-12-26 11:08:45,080 - AutoSubmitter - INFO - 队列状态 - 总任务:15, 运行中:15, 使用节点:15/15, 待提交:1
2025-12-26 11:08:45,154 - AutoSubmitter - INFO - 资源不足，等待中... (节点资源不足 (当前:15, 需要:1, 限制:15))
2025-12-26 11:08:53,226 - AutoSubmitter - INFO - 队列状态 - 总任务:15, 运行中:15, 使用节点:15/15, 待提交:1
2025-12-26 11:08:53,287 - AutoSubmitter - INFO - 资源不足，等待中... (节点资源不足 (当前:15, 需要:1, 限制:15))
2025-12-26 11:09:01,359 - AutoSubmitter - INFO - 队列状态 - 总任务:15, 运行中:15, 使用节点:15/15, 待提交:1
2025-12-26 11:09:01,434 - AutoSubmitter - INFO - 资源不足，等待中... (节点资源不足 (当前:15, 需要:1, 限制:15))
2025-12-26 11:09:15,467 - AutoSubmitter - INFO - 队列状态 - 总任务:15, 运行中:15, 使用节点:15/15, 待提交:1
2025-12-26 11:09:15,530 - AutoSubmitter - INFO - 资源不足，等待中... (节点资源不足 (当前:15, 需要:1, 限制:15))
2025-12-26 11:09:23,614 - AutoSubmitter - INFO - 队列状态 - 总任务:15, 运行中:15, 使用节点:15/15, 待提交:1
2025-12-26 11:09:23,689 - AutoSubmitter - INFO - 资源不足，等待中... (节点资源不足 (当前:15, 需要:1, 限制:15))
2025-12-26 11:09:31,776 - AutoSubmitter - INFO - 队列状态 - 总任务:15, 运行中:15, 使用节点:15/15, 待提交:1
2025-12-26 11:09:31,844 - AutoSubmitter - INFO - 资源不足，等待中... (节点资源不足 (当前:15, 需要:1, 限制:15))
2025-12-26 11:09:39,951 - AutoSubmitter - INFO - 队列状态 - 总任务:15, 运行中:15, 使用节点:15/15, 待提交:1
2025-12-26 11:09:40,018 - AutoSubmitter - INFO - 资源不足，等待中... (节点资源不足 (当前:15, 需要:1, 限制:15))
2025-12-26 11:09:48,208 - AutoSubmitter - INFO - 队列状态 - 总任务:15, 运行中:15, 使用节点:15/15, 待提交:1
2025-12-26 11:09:48,271 - AutoSubmitter - INFO - 资源不足，等待中... (节点资源不足 (当前:15, 需要:1, 限制:15))
2025-12-26 11:09:56,342 - AutoSubmitter - INFO - 队列状态 - 总任务:15, 运行中:15, 使用节点:15/15, 待提交:1
2025-12-26 11:09:56,405 - AutoSubmitter - INFO - 资源不足，等待中... (节点资源不足 (当前:15, 需要:1, 限制:15))
2025-12-26 11:10:04,477 - AutoSubmitter - INFO - 队列状态 - 总任务:15, 运行中:15, 使用节点:15/15, 待提交:1
2025-12-26 11:10:04,540 - AutoSubmitter - INFO - 资源不足，等待中... (节点资源不足 (当前:15, 需要:1, 限制:15))
2025-12-26 11:10:12,617 - AutoSubmitter - INFO - 队列状态 - 总任务:15, 运行中:15, 使用节点:15/15, 待提交:1
2025-12-26 11:10:12,684 - AutoSubmitter - INFO - 资源不足，等待中... (节点资源不足 (当前:15, 需要:1, 限制:15))
2025-12-26 11:10:20,757 - AutoSubmitter - INFO - 队列状态 - 总任务:15, 运行中:15, 使用节点:15/15, 待提交:1
2025-12-26 11:10:20,822 - AutoSubmitter - INFO - 资源不足，等待中... (节点资源不足 (当前:15, 需要:1, 限制:15))
2025-12-26 11:10:28,896 - AutoSubmitter - INFO - 队列状态 - 总任务:15, 运行中:15, 使用节点:15/15, 待提交:1
2025-12-26 11:10:28,972 - AutoSubmitter - INFO - 资源不足，等待中... (节点资源不足 (当前:15, 需要:1, 限制:15))
2025-12-26 11:10:37,048 - AutoSubmitter - INFO - 队列状态 - 总任务:15, 运行中:15, 使用节点:15/15, 待提交:1
2025-12-26 11:10:37,122 - AutoSubmitter - INFO - 资源不足，等待中... (节点资源不足 (当前:15, 需要:1, 限制:15))
2025-12-26 11:10:45,353 - AutoSubmitter - INFO - 队列状态 - 总任务:15, 运行中:15, 使用节点:15/15, 待提交:1
2025-12-26 11:10:45,423 - AutoSubmitter - INFO - 资源不足，等待中... (节点资源不足 (当前:15, 需要:1, 限制:15))
2025-12-26 11:10:53,499 - AutoSubmitter - INFO - 队列状态 - 总任务:15, 运行中:15, 使用节点:15/15, 待提交:1
2025-12-26 11:10:53,567 - AutoSubmitter - INFO - 资源不足，等待中... (节点资源不足 (当前:15, 需要:1, 限制:15))
2025-12-26 11:11:01,639 - AutoSubmitter - INFO - 队列状态 - 总任务:15, 运行中:15, 使用节点:15/15, 待提交:1
2025-12-26 11:11:01,704 - AutoSubmitter - INFO - 资源不足，等待中... (节点资源不足 (当前:15, 需要:1, 限制:15))
2025-12-26 11:11:09,785 - AutoSubmitter - INFO - 队列状态 - 总任务:15, 运行中:15, 使用节点:15/15, 待提交:1
2025-12-26 11:11:09,854 - AutoSubmitter - INFO - 资源不足，等待中... (节点资源不足 (当前:15, 需要:1, 限制:15))
2025-12-26 11:11:17,923 - AutoSubmitter - INFO - 队列状态 - 总任务:15, 运行中:15, 使用节点:15/15, 待提交:1
2025-12-26 11:11:17,986 - AutoSubmitter - INFO - 资源不足，等待中... (节点资源不足 (当前:15, 需要:1, 限制:15))
2025-12-26 11:11:26,058 - AutoSubmitter - INFO - 队列状态 - 总任务:15, 运行中:15, 使用节点:15/15, 待提交:1
2025-12-26 11:11:26,128 - AutoSubmitter - INFO - 资源不足，等待中... (节点资源不足 (当前:15, 需要:1, 限制:15))
2025-12-26 11:11:34,206 - AutoSubmitter - INFO - 队列状态 - 总任务:15, 运行中:15, 使用节点:15/15, 待提交:1
2025-12-26 11:11:34,273 - AutoSubmitter - INFO - 资源不足，等待中... (节点资源不足 (当前:15, 需要:1, 限制:15))
2025-12-26 11:11:42,351 - AutoSubmitter - INFO - 队列状态 - 总任务:15, 运行中:15, 使用节点:15/15, 待提交:1
2025-12-26 11:11:42,417 - AutoSubmitter - INFO - 资源不足，等待中... (节点资源不足 (当前:15, 需要:1, 限制:15))
2025-12-26 11:11:50,489 - AutoSubmitter - INFO - 队列状态 - 总任务:15, 运行中:15, 使用节点:15/15, 待提交:1
2025-12-26 11:11:50,555 - AutoSubmitter - INFO - 资源不足，等待中... (节点资源不足 (当前:15, 需要:1, 限制:15))
2025-12-26 11:11:58,625 - AutoSubmitter - INFO - 队列状态 - 总任务:15, 运行中:15, 使用节点:15/15, 待提交:1
2025-12-26 11:11:58,686 - AutoSubmitter - INFO - 资源不足，等待中... (节点资源不足 (当前:15, 需要:1, 限制:15))
2025-12-26 11:12:06,899 - AutoSubmitter - INFO - 队列状态 - 总任务:15, 运行中:15, 使用节点:15/15, 待提交:1
2025-12-26 11:12:06,967 - AutoSubmitter - INFO - 资源不足，等待中... (节点资源不足 (当前:15, 需要:1, 限制:15))
2025-12-26 11:12:15,037 - AutoSubmitter - INFO - 队列状态 - 总任务:15, 运行中:15, 使用节点:15/15, 待提交:1
2025-12-26 11:12:15,101 - AutoSubmitter - INFO - 资源不足，等待中... (节点资源不足 (当前:15, 需要:1, 限制:15))
2025-12-26 11:12:23,173 - AutoSubmitter - INFO - 队列状态 - 总任务:15, 运行中:15, 使用节点:15/15, 待提交:1
2025-12-26 11:12:23,238 - AutoSubmitter - INFO - 资源不足，等待中... (节点资源不足 (当前:15, 需要:1, 限制:15))
2025-12-26 11:12:31,341 - AutoSubmitter - INFO - 队列状态 - 总任务:15, 运行中:15, 使用节点:15/15, 待提交:1
2025-12-26 11:12:31,412 - AutoSubmitter - INFO - 资源不足，等待中... (节点资源不足 (当前:15, 需要:1, 限制:15))
2025-12-26 11:12:39,486 - AutoSubmitter - INFO - 队列状态 - 总任务:15, 运行中:15, 使用节点:15/15, 待提交:1
2025-12-26 11:12:39,553 - AutoSubmitter - INFO - 资源不足，等待中... (节点资源不足 (当前:15, 需要:1, 限制:15))
2025-12-26 11:12:47,626 - AutoSubmitter - INFO - 队列状态 - 总任务:14, 运行中:14, 使用节点:14/15, 待提交:1
2025-12-26 11:12:47,777 - AutoSubmitter - INFO - 作业已提交: hmat_2158 (ID: 3649423)
2025-12-26 11:12:48,279 - AutoSubmitter - INFO - ======================================================================
2025-12-26 11:12:48,280 - AutoSubmitter - INFO - 提交完成统计:
2025-12-26 11:12:48,280 - AutoSubmitter - INFO -   成功提交: 68
2025-12-26 11:12:48,280 - AutoSubmitter - INFO -   待提交: 0
2025-12-26 11:12:48,280 - AutoSubmitter - INFO -   失败: 0
2025-12-26 11:12:48,281 - AutoSubmitter - INFO - ======================================================================
