2025-12-25 17:46:17,647 - AutoSubmitter - INFO - ======================================================================
2025-12-25 17:46:17,647 - AutoSubmitter - INFO - Slurm 自动提交器启动
2025-12-25 17:46:17,648 - AutoSubmitter - INFO - ======================================================================
2025-12-25 17:46:17,648 - AutoSubmitter - INFO - 工作目录: batch_work/
2025-12-25 17:46:17,648 - AutoSubmitter - INFO - 分区: deimos
2025-12-25 17:46:17,648 - AutoSubmitter - INFO - 节点限制: 10
2025-12-25 17:46:17,648 - AutoSubmitter - INFO - 任务限制: 1000
2025-12-25 17:46:17,648 - AutoSubmitter - INFO - 提交间隔: 0.5秒
2025-12-25 17:46:17,649 - AutoSubmitter - INFO - 检查间隔: 80.0秒
2025-12-25 17:46:17,649 - AutoSubmitter - INFO - ======================================================================
2025-12-25 17:46:17,649 - AutoSubmitter - INFO - 扫描作业脚本: batch_work/
2025-12-25 17:46:17,801 - AutoSubmitter - INFO - 找到 100 个脚本文件
2025-12-25 17:46:21,868 - AutoSubmitter - INFO - 队列中共有 100 个作业待提交
2025-12-25 17:46:21,942 - AutoSubmitter - INFO - 队列状态 - 总任务:0, 运行中:0, 使用节点:0/10, 待提交:100
2025-12-25 17:46:22,047 - AutoSubmitter - INFO - 作业已提交: hmat_163 (ID: 3645768)
2025-12-25 17:46:22,656 - AutoSubmitter - INFO - 作业已提交: hmat_155 (ID: 3645769)
2025-12-25 17:46:23,262 - AutoSubmitter - INFO - 作业已提交: hmat_2104 (ID: 3645770)
2025-12-25 17:46:23,865 - AutoSubmitter - INFO - 作业已提交: hmat_12 (ID: 3645771)
2025-12-25 17:46:24,469 - AutoSubmitter - INFO - 作业已提交: hmat_160 (ID: 3645772)
2025-12-25 17:46:25,088 - AutoSubmitter - INFO - 作业已提交: hmat_2067 (ID: 3645773)
2025-12-25 17:46:25,697 - AutoSubmitter - INFO - 作业已提交: hmat_2150 (ID: 3645774)
2025-12-25 17:46:26,308 - AutoSubmitter - INFO - 作业已提交: hmat_2010 (ID: 3645775)
2025-12-25 17:46:26,932 - AutoSubmitter - INFO - 作业已提交: hmat_2028 (ID: 3645776)
2025-12-25 17:46:27,540 - AutoSubmitter - INFO - 作业已提交: hmat_2145 (ID: 3645777)
2025-12-25 17:46:28,108 - AutoSubmitter - INFO - 资源不足，等待中... (节点资源不足 (当前:10, 需要:1, 限制:10))
2025-12-25 17:47:48,507 - AutoSubmitter - INFO - 队列状态 - 总任务:7, 运行中:7, 使用节点:7/10, 待提交:90
2025-12-25 17:47:48,675 - AutoSubmitter - INFO - 作业已提交: hmat_0 (ID: 3645789)
2025-12-25 17:47:49,279 - AutoSubmitter - INFO - 作业已提交: hmat_2194 (ID: 3645790)
2025-12-25 17:47:49,898 - AutoSubmitter - INFO - 作业已提交: hmat_2021 (ID: 3645791)
2025-12-25 17:47:50,517 - AutoSubmitter - INFO - 作业已提交: hmat_173 (ID: 3645792)
2025-12-25 17:47:51,080 - AutoSubmitter - INFO - 资源不足，等待中... (节点资源不足 (当前:11, 需要:1, 限制:10))
2025-12-25 17:49:13,697 - AutoSubmitter - INFO - 队列状态 - 总任务:10, 运行中:10, 使用节点:10/10, 待提交:86
2025-12-25 17:49:14,142 - AutoSubmitter - INFO - 资源不足，等待中... (节点资源不足 (当前:10, 需要:1, 限制:10))
2025-12-25 17:50:34,285 - AutoSubmitter - INFO - 队列状态 - 总任务:10, 运行中:10, 使用节点:10/10, 待提交:86
2025-12-25 17:50:34,344 - AutoSubmitter - INFO - 资源不足，等待中... (节点资源不足 (当前:10, 需要:1, 限制:10))
2025-12-25 17:51:54,592 - AutoSubmitter - INFO - 队列状态 - 总任务:9, 运行中:9, 使用节点:9/10, 待提交:86
2025-12-25 17:51:54,978 - AutoSubmitter - INFO - 作业已提交: hmat_2099 (ID: 3645804)
2025-12-25 17:51:55,554 - AutoSubmitter - INFO - 资源不足，等待中... (节点资源不足 (当前:10, 需要:1, 限制:10))
2025-12-25 17:53:15,850 - AutoSubmitter - INFO - 队列状态 - 总任务:10, 运行中:10, 使用节点:10/10, 待提交:85
2025-12-25 17:53:15,924 - AutoSubmitter - INFO - 资源不足，等待中... (节点资源不足 (当前:10, 需要:1, 限制:10))
2025-12-25 17:54:36,066 - AutoSubmitter - INFO - 队列状态 - 总任务:10, 运行中:10, 使用节点:10/10, 待提交:85
2025-12-25 17:54:36,133 - AutoSubmitter - INFO - 资源不足，等待中... (节点资源不足 (当前:10, 需要:1, 限制:10))
2025-12-25 17:55:56,274 - AutoSubmitter - INFO - 队列状态 - 总任务:9, 运行中:9, 使用节点:9/10, 待提交:85
2025-12-25 17:55:56,401 - AutoSubmitter - INFO - 作业已提交: hmat_117 (ID: 3645810)
2025-12-25 17:55:57,007 - AutoSubmitter - INFO - 作业已提交: hmat_2083 (ID: 3645811)
2025-12-25 17:55:57,566 - AutoSubmitter - INFO - 资源不足，等待中... (节点资源不足 (当前:11, 需要:1, 限制:10))
2025-12-25 17:57:17,962 - AutoSubmitter - INFO - 队列状态 - 总任务:9, 运行中:9, 使用节点:9/10, 待提交:83
2025-12-25 17:57:18,091 - AutoSubmitter - INFO - 作业已提交: hmat_2169 (ID: 3645815)
2025-12-25 17:57:18,694 - AutoSubmitter - INFO - 作业已提交: hmat_2141 (ID: 3645816)
2025-12-25 17:57:19,260 - AutoSubmitter - INFO - 资源不足，等待中... (节点资源不足 (当前:11, 需要:1, 限制:10))
2025-12-25 17:58:39,396 - AutoSubmitter - INFO - 队列状态 - 总任务:9, 运行中:9, 使用节点:9/10, 待提交:81
2025-12-25 17:58:39,498 - AutoSubmitter - INFO - 作业已提交: hmat_2063 (ID: 3645819)
2025-12-25 17:58:40,060 - AutoSubmitter - INFO - 资源不足，等待中... (节点资源不足 (当前:10, 需要:1, 限制:10))
2025-12-25 17:59:12,520 - AutoSubmitter - INFO - 
用户中断，正在停止...
2025-12-25 17:59:12,546 - AutoSubmitter - INFO - ======================================================================
2025-12-25 17:59:12,547 - AutoSubmitter - INFO - 提交完成统计:
2025-12-25 17:59:12,548 - AutoSubmitter - INFO -   成功提交: 20
2025-12-25 17:59:12,548 - AutoSubmitter - INFO -   待提交: 80
2025-12-25 17:59:12,549 - AutoSubmitter - INFO -   失败: 0
2025-12-25 17:59:12,549 - AutoSubmitter - INFO - ======================================================================
