2025-12-29 18:26:48,474 - AutoSubmitter - INFO - ======================================================================
2025-12-29 18:26:48,475 - AutoSubmitter - INFO - Slurm 自动提交器启动
2025-12-29 18:26:48,475 - AutoSubmitter - INFO - ======================================================================
2025-12-29 18:26:48,475 - AutoSubmitter - INFO - 工作目录: batch_work2/
2025-12-29 18:26:48,475 - AutoSubmitter - INFO - 分区: allsys --reservation=hpc_test
2025-12-29 18:26:48,475 - AutoSubmitter - INFO - 节点限制: 15
2025-12-29 18:26:48,476 - AutoSubmitter - INFO - 任务限制: 1000
2025-12-29 18:26:48,476 - AutoSubmitter - INFO - 提交间隔: 0.5秒
2025-12-29 18:26:48,476 - AutoSubmitter - INFO - 检查间隔: 8.0秒
2025-12-29 18:26:48,476 - AutoSubmitter - INFO - ======================================================================
2025-12-29 18:26:48,476 - AutoSubmitter - INFO - 扫描作业脚本: batch_work2/
2025-12-29 18:26:48,479 - AutoSubmitter - INFO - 找到 100 个脚本文件
2025-12-29 18:26:48,554 - AutoSubmitter - INFO - 队列中共有 100 个作业待提交
2025-12-29 18:26:48,574 - AutoSubmitter - INFO - 队列状态 - 总任务:1, 运行中:1, 使用节点:1/15, 待提交:100
2025-12-29 18:26:48,608 - AutoSubmitter - INFO - 作业已提交: hmat_2113 (ID: 9265)
2025-12-29 18:26:49,136 - AutoSubmitter - INFO - 作业已提交: hmat_113 (ID: 9266)
2025-12-29 18:26:49,665 - AutoSubmitter - INFO - 作业已提交: hmat_2213 (ID: 9267)
2025-12-29 18:26:50,194 - AutoSubmitter - INFO - 作业已提交: hmat_2056 (ID: 9268)
2025-12-29 18:26:50,724 - AutoSubmitter - INFO - 作业已提交: hmat_155 (ID: 9269)
2025-12-29 18:26:51,254 - AutoSubmitter - INFO - 作业已提交: hmat_16 (ID: 9270)
2025-12-29 18:26:51,307 - AutoSubmitter - INFO - 
用户中断，正在停止...
2025-12-29 18:26:51,307 - AutoSubmitter - INFO - ======================================================================
2025-12-29 18:26:51,307 - AutoSubmitter - INFO - 提交完成统计:
2025-12-29 18:26:51,307 - AutoSubmitter - INFO -   成功提交: 6
2025-12-29 18:26:51,307 - AutoSubmitter - INFO -   待提交: 94
2025-12-29 18:26:51,307 - AutoSubmitter - INFO -   失败: 0
2025-12-29 18:26:51,307 - AutoSubmitter - INFO - ======================================================================
