2025-12-25 17:17:01,265 - AutoSubmitter - INFO - ======================================================================
2025-12-25 17:17:01,266 - AutoSubmitter - INFO - Slurm 自动提交器启动
2025-12-25 17:17:01,266 - AutoSubmitter - INFO - ======================================================================
2025-12-25 17:17:01,266 - AutoSubmitter - INFO - 工作目录: batch_work/
2025-12-25 17:17:01,266 - AutoSubmitter - INFO - 分区: deimos
2025-12-25 17:17:01,266 - AutoSubmitter - INFO - 节点限制: 10
2025-12-25 17:17:01,266 - AutoSubmitter - INFO - 任务限制: 1000
2025-12-25 17:17:01,266 - AutoSubmitter - INFO - 提交间隔: 0.5秒
2025-12-25 17:17:01,267 - AutoSubmitter - INFO - 检查间隔: 80.0秒
2025-12-25 17:17:01,267 - AutoSubmitter - INFO - ======================================================================
2025-12-25 17:17:01,267 - AutoSubmitter - INFO - 扫描作业脚本: batch_work/
2025-12-25 17:17:01,272 - AutoSubmitter - INFO - 找到 4 个脚本文件
2025-12-25 17:17:01,275 - AutoSubmitter - INFO - 队列中共有 4 个作业待提交
2025-12-25 17:17:01,328 - AutoSubmitter - INFO - 队列状态 - 总任务:1, 运行中:1, 使用节点:1/10, 待提交:4
2025-12-25 17:17:01,414 - AutoSubmitter - INFO - 作业已提交: hmat_107 (ID: 3645645)
2025-12-25 17:17:02,003 - AutoSubmitter - INFO - 作业已提交: hmat_158 (ID: 3645646)
2025-12-25 17:17:02,589 - AutoSubmitter - INFO - 作业已提交: hmat_2025 (ID: 3645647)
2025-12-25 17:17:03,033 - AutoSubmitter - INFO - 
用户中断，正在停止...
2025-12-25 17:17:03,034 - AutoSubmitter - INFO - ======================================================================
2025-12-25 17:17:03,034 - AutoSubmitter - INFO - 提交完成统计:
2025-12-25 17:17:03,034 - AutoSubmitter - INFO -   成功提交: 3
2025-12-25 17:17:03,034 - AutoSubmitter - INFO -   待提交: 1
2025-12-25 17:17:03,034 - AutoSubmitter - INFO -   失败: 0
2025-12-25 17:17:03,034 - AutoSubmitter - INFO - ======================================================================
