2025-12-25 18:03:43,849 - AutoSubmitter - INFO - ======================================================================
2025-12-25 18:03:43,850 - AutoSubmitter - INFO - Slurm 自动提交器启动
2025-12-25 18:03:43,850 - AutoSubmitter - INFO - ======================================================================
2025-12-25 18:03:43,850 - AutoSubmitter - INFO - 工作目录: batch_work/
2025-12-25 18:03:43,850 - AutoSubmitter - INFO - 分区: deimos
2025-12-25 18:03:43,850 - AutoSubmitter - INFO - 节点限制: 15
2025-12-25 18:03:43,850 - AutoSubmitter - INFO - 任务限制: 1000
2025-12-25 18:03:43,850 - AutoSubmitter - INFO - 提交间隔: 0.5秒
2025-12-25 18:03:43,850 - AutoSubmitter - INFO - 检查间隔: 8.0秒
2025-12-25 18:03:43,850 - AutoSubmitter - INFO - ======================================================================
2025-12-25 18:03:43,850 - AutoSubmitter - INFO - 扫描作业脚本: batch_work/
2025-12-25 18:03:43,916 - AutoSubmitter - INFO - 找到 100 个脚本文件
2025-12-25 18:03:43,957 - AutoSubmitter - INFO - 队列中共有 100 个作业待提交
2025-12-25 18:03:43,976 - AutoSubmitter - INFO - 队列状态 - 总任务:0, 运行中:0, 使用节点:0/15, 待提交:100
2025-12-25 18:03:44,010 - AutoSubmitter - INFO - 作业已提交: hmat_163 (ID: 3645844)
2025-12-25 18:03:44,543 - AutoSubmitter - INFO - 作业已提交: hmat_155 (ID: 3645845)
2025-12-25 18:03:45,073 - AutoSubmitter - INFO - 作业已提交: hmat_2104 (ID: 3645846)
2025-12-25 18:03:45,605 - AutoSubmitter - INFO - 作业已提交: hmat_12 (ID: 3645847)
2025-12-25 18:03:46,142 - AutoSubmitter - INFO - 作业已提交: hmat_160 (ID: 3645848)
2025-12-25 18:03:46,676 - AutoSubmitter - INFO - 作业已提交: hmat_2067 (ID: 3645849)
2025-12-25 18:03:47,209 - AutoSubmitter - INFO - 作业已提交: hmat_2150 (ID: 3645850)
2025-12-25 18:03:47,794 - AutoSubmitter - INFO - 作业已提交: hmat_2010 (ID: 3645851)
2025-12-25 18:03:48,326 - AutoSubmitter - INFO - 作业已提交: hmat_2028 (ID: 3645852)
2025-12-25 18:03:48,860 - AutoSubmitter - INFO - 作业已提交: hmat_2145 (ID: 3645853)
2025-12-25 18:03:49,393 - AutoSubmitter - INFO - 作业已提交: hmat_109 (ID: 3645854)
2025-12-25 18:03:49,926 - AutoSubmitter - INFO - 作业已提交: hmat_0 (ID: 3645855)
2025-12-25 18:03:50,466 - AutoSubmitter - INFO - 作业已提交: hmat_2194 (ID: 3645856)
2025-12-25 18:03:51,110 - AutoSubmitter - INFO - 作业已提交: hmat_2021 (ID: 3645857)
2025-12-25 18:03:51,641 - AutoSubmitter - INFO - 作业已提交: hmat_173 (ID: 3645858)
2025-12-25 18:03:52,158 - AutoSubmitter - INFO - 队列状态 - 总任务:15, 运行中:14, 使用节点:14/15, 待提交:85
2025-12-25 18:03:52,189 - AutoSubmitter - INFO - 作业已提交: hmat_2121 (ID: 3645859)
2025-12-25 18:03:52,809 - AutoSubmitter - INFO - 作业已提交: hmat_16 (ID: 3645860)
2025-12-25 18:03:53,333 - AutoSubmitter - INFO - 资源不足，等待中... (节点资源不足 (当前:17, 需要:1, 限制:15))
2025-12-25 18:03:59,569 - AutoSubmitter - INFO - 
用户中断，正在停止...
2025-12-25 18:03:59,569 - AutoSubmitter - INFO - ======================================================================
2025-12-25 18:03:59,569 - AutoSubmitter - INFO - 提交完成统计:
2025-12-25 18:03:59,569 - AutoSubmitter - INFO -   成功提交: 17
2025-12-25 18:03:59,569 - AutoSubmitter - INFO -   待提交: 83
2025-12-25 18:03:59,569 - AutoSubmitter - INFO -   失败: 0
2025-12-25 18:03:59,569 - AutoSubmitter - INFO - ======================================================================
