2025-12-25 18:00:10,448 - AutoSubmitter - INFO - ======================================================================
2025-12-25 18:00:10,449 - AutoSubmitter - INFO - Slurm 自动提交器启动
2025-12-25 18:00:10,449 - AutoSubmitter - INFO - ======================================================================
2025-12-25 18:00:10,449 - AutoSubmitter - INFO - 工作目录: batch_work/
2025-12-25 18:00:10,449 - AutoSubmitter - INFO - 分区: deimos
2025-12-25 18:00:10,449 - AutoSubmitter - INFO - 节点限制: 10
2025-12-25 18:00:10,449 - AutoSubmitter - INFO - 任务限制: 1000
2025-12-25 18:00:10,449 - AutoSubmitter - INFO - 提交间隔: 0.5秒
2025-12-25 18:00:10,449 - AutoSubmitter - INFO - 检查间隔: 80.0秒
2025-12-25 18:00:10,449 - AutoSubmitter - INFO - ======================================================================
2025-12-25 18:00:10,449 - AutoSubmitter - INFO - 扫描作业脚本: batch_work/
2025-12-25 18:00:10,514 - AutoSubmitter - INFO - 找到 100 个脚本文件
2025-12-25 18:00:10,559 - AutoSubmitter - INFO - 队列中共有 100 个作业待提交
2025-12-25 18:00:10,580 - AutoSubmitter - INFO - 队列状态 - 总任务:9, 运行中:9, 使用节点:9/10, 待提交:100
2025-12-25 18:00:10,619 - AutoSubmitter - INFO - 作业已提交: hmat_163 (ID: 3645828)
2025-12-25 18:00:11,139 - AutoSubmitter - INFO - 资源不足，等待中... (节点资源不足 (当前:10, 需要:1, 限制:10))
2025-12-25 18:01:31,223 - AutoSubmitter - INFO - 队列状态 - 总任务:6, 运行中:6, 使用节点:6/10, 待提交:99
2025-12-25 18:01:31,263 - AutoSubmitter - INFO - 作业已提交: hmat_2104 (ID: 3645831)
2025-12-25 18:01:31,802 - AutoSubmitter - INFO - 作业已提交: hmat_12 (ID: 3645832)
2025-12-25 18:01:32,342 - AutoSubmitter - INFO - 作业已提交: hmat_160 (ID: 3645833)
2025-12-25 18:01:32,880 - AutoSubmitter - INFO - 作业已提交: hmat_2067 (ID: 3645834)
2025-12-25 18:01:33,419 - AutoSubmitter - INFO - 作业已提交: hmat_2150 (ID: 3645835)
2025-12-25 18:01:33,959 - AutoSubmitter - INFO - 作业已提交: hmat_2010 (ID: 3645836)
2025-12-25 18:01:34,480 - AutoSubmitter - INFO - 资源不足，等待中... (节点资源不足 (当前:12, 需要:1, 限制:10))
2025-12-25 18:02:39,609 - AutoSubmitter - INFO - 
用户中断，正在停止...
2025-12-25 18:02:39,609 - AutoSubmitter - INFO - ======================================================================
2025-12-25 18:02:39,609 - AutoSubmitter - INFO - 提交完成统计:
2025-12-25 18:02:39,609 - AutoSubmitter - INFO -   成功提交: 7
2025-12-25 18:02:39,609 - AutoSubmitter - INFO -   待提交: 93
2025-12-25 18:02:39,609 - AutoSubmitter - INFO -   失败: 0
2025-12-25 18:02:39,609 - AutoSubmitter - INFO - ======================================================================
