                                                                                     
                              ABACUS v3.10.0

               Atomic-orbital Based Ab-initio Computation at UStc                    

                     Website: http://abacus.ustc.edu.cn/                             
               Documentation: https://abacus.deepmodeling.com/                       
                  Repository: https://github.com/abacusmodeling/abacus-develop       
                              https://github.com/deepmodeling/abacus-develop         
                      Commit: unknown

    Start Time is Wed Dec 24 18:22:54 2025
                                                                                     
 ------------------------------------------------------------------------------------

 READING GENERAL INFORMATION
                           global_out_dir = OUT.Scf/
                           global_in_card = INPUT
                               pseudo_dir = /XYFS01/nscc-gz_pinchen_1/sf_box/abacus-develop-LTSv3.10.0/PotSG15/
                              orbital_dir = /XYFS01/nscc-gz_pinchen_1/sf_box/abacus-develop-LTSv3.10.0/OrbSG15std/
                                    DRANK = 1
                                    DSIZE = 16
                                   DCOLOR = 1
                                    GRANK = 1
                                    GSIZE = 1




 >>>>>>>>>>>>>>>>>>>>>>>>>>>>>>>>>>>>>>>>>>>>>>>>>>>>>>>>>>>>>>>>>>>>>>
 |                                                                    |
 | Reading atom information in unitcell:                              |
 | From the input file and the structure file we know the number of   |
 | different elments in this unitcell, then we list the detail        |
 | information for each element, especially the zeta and polar atomic |
 | orbital number for each element. The total atom number is counted. |
 | We calculate the nearest atom distance for each atom and show the  |
 | Cartesian and Direct coordinates for each atom. We list the file   |
 | address for atomic orbitals. The volume and the lattice vectors    |
 | in real and reciprocal space is also shown.                        |
 |                                                                    |
 <<<<<<<<<<<<<<<<<<<<<<<<<<<<<<<<<<<<<<<<<<<<<<<<<<<<<<<<<<<<<<<<<<<<<<




 READING UNITCELL INFORMATION
                                    ntype = 2
                  lattice constant (Bohr) = 1
              lattice constant (Angstrom) = 0.529177

 READING ATOM TYPE 1
                               atom label = Li
                      L=0, number of zeta = 4
                      L=1, number of zeta = 1
             number of atom for this type = 1
               magnetization of element 1 = 1

 READING ATOM TYPE 2
                               atom label = O
                      L=0, number of zeta = 2
                      L=1, number of zeta = 2
                      L=2, number of zeta = 1
             number of atom for this type = 3
               magnetization of element 2 = 1

                        TOTAL ATOM NUMBER = 4
DIRECT COORDINATES
    atom                   x                   y                   z     mag                  vx                  vy                  vz
taud_Li1            0.0000000000        0.0000000000        0.0000000000  1.0000        0.0000000000        0.0000000000        0.0000000000
taud_O1            0.5000000000        0.5000000000        0.0000000000  1.0000        0.0000000000        0.0000000000        0.0000000000
taud_O2            0.5000000000        0.0000000000        0.5000000000  1.0000        0.0000000000        0.0000000000        0.0000000000
taud_O3            0.0000000000        0.5000000000        0.5000000000  1.0000        0.0000000000        0.0000000000        0.0000000000



                          Volume (Bohr^3) = 29.4736
                             Volume (A^3) = 4.36753

 Lattice vectors: (Cartesian coordinate: in unit of a_0)
             +3.08895                  +0                  +0
                   -0            +3.08895                  +0
                   +0                  +0            +3.08895
 Reciprocal vectors: (Cartesian coordinate: in unit of 2 pi/a_0)
            +0.323735                  +0                  -0
                   -0           +0.323735                  -0
                   +0                  -0           +0.323735

%%%%%%%%%%%%%%%%%%%%%%%%%%%%%%%%%%%%%%%%%%%%%%%%%%%%%%%%%%
%%%%%% WARNING  WARNING  WARNING  WARNING  WARNING  %%%%%%
%%%%%%%%%%%%%%%%%%%%%%%%%%%%%%%%%%%%%%%%%%%%%%%%%%%%%%%%%%
!!! WARNING: Some atoms are too close!!!
!!! Please check the nearest-neighbor list in log file.
%%%%%%%%%%%%%%%%%%%%%%%%%%%%%%%%%%%%%%%%%%%%%%%%%%%%%%%%%%
%%%%%% WARNING  WARNING  WARNING  WARNING  WARNING  %%%%%%
%%%%%%%%%%%%%%%%%%%%%%%%%%%%%%%%%%%%%%%%%%%%%%%%%%%%%%%%%%

%%%%%%%%%%%%%%%%%%%%%%%%%%%%%%%%%%%%%%%%%%%%%%%%%%%%%%%%%%
%%%%%% WARNING  WARNING  WARNING  WARNING  WARNING  %%%%%%
%%%%%%%%%%%%%%%%%%%%%%%%%%%%%%%%%%%%%%%%%%%%%%%%%%%%%%%%%%
!!! WARNING: Some atoms are too close!!!
!!! Please check the nearest-neighbor list in log file.
%%%%%%%%%%%%%%%%%%%%%%%%%%%%%%%%%%%%%%%%%%%%%%%%%%%%%%%%%%
%%%%%% WARNING  WARNING  WARNING  WARNING  WARNING  %%%%%%
%%%%%%%%%%%%%%%%%%%%%%%%%%%%%%%%%%%%%%%%%%%%%%%%%%%%%%%%%%

%%%%%%%%%%%%%%%%%%%%%%%%%%%%%%%%%%%%%%%%%%%%%%%%%%%%%%%%%%
%%%%%% WARNING  WARNING  WARNING  WARNING  WARNING  %%%%%%
%%%%%%%%%%%%%%%%%%%%%%%%%%%%%%%%%%%%%%%%%%%%%%%%%%%%%%%%%%
!!! WARNING: Some atoms are too close!!!
!!! Please check the nearest-neighbor list in log file.
%%%%%%%%%%%%%%%%%%%%%%%%%%%%%%%%%%%%%%%%%%%%%%%%%%%%%%%%%%
%%%%%% WARNING  WARNING  WARNING  WARNING  WARNING  %%%%%%
%%%%%%%%%%%%%%%%%%%%%%%%%%%%%%%%%%%%%%%%%%%%%%%%%%%%%%%%%%
  1-th  Li,   1-th   O (cell:-1 -1  0), distance= 2.184 Bohr (1.156 Angstrom)
  1-th  Li,   1-th   O (cell:-1  0  0), distance= 2.184 Bohr (1.156 Angstrom)
  1-th  Li,   1-th   O (cell: 0 -1  0), distance= 2.184 Bohr (1.156 Angstrom)
  1-th  Li,   1-th   O (cell: 0  0  0), distance= 2.184 Bohr (1.156 Angstrom)
  1-th  Li,   2-th   O (cell:-1  0 -1), distance= 2.184 Bohr (1.156 Angstrom)
  1-th  Li,   2-th   O (cell:-1  0  0), distance= 2.184 Bohr (1.156 Angstrom)
  1-th  Li,   2-th   O (cell: 0  0 -1), distance= 2.184 Bohr (1.156 Angstrom)
  1-th  Li,   2-th   O (cell: 0  0  0), distance= 2.184 Bohr (1.156 Angstrom)
  1-th  Li,   3-th   O (cell: 0 -1 -1), distance= 2.184 Bohr (1.156 Angstrom)
  1-th  Li,   3-th   O (cell: 0 -1  0), distance= 2.184 Bohr (1.156 Angstrom)
  1-th  Li,   3-th   O (cell: 0  0 -1), distance= 2.184 Bohr (1.156 Angstrom)
  1-th  Li,   3-th   O (cell: 0  0  0), distance= 2.184 Bohr (1.156 Angstrom)
 The esolver type has been set to : ksdft_lcao

 RUNNING WITH DEVICE  : CPU / Intel(R) Xeon(R) Platinum 8358P CPU @ 2.60GHz




 >>>>>>>>>>>>>>>>>>>>>>>>>>>>>>>>>>>>>>>>>>>>>>>>>>>>>>>>>>>>>>>>>>>>>>
 |                                                                    |
 | Reading pseudopotentials files:                                    |
 | The pseudopotential file is in UPF format. The 'NC' indicates that |
 | the type of pseudopotential is 'norm conserving'. Functional of    |
 | exchange and correlation is decided by 4 given parameters in UPF   |
 | file.  We also read in the 'core correction' if there exists.      |
 | Also we can read the valence electrons number and the maximal      |
 | angular momentum used in this pseudopotential. We also read in the |
 | trail wave function, trail atomic density and local-pseudopotential|
 | on logrithmic grid. The non-local pseudopotential projector is also|
 | read in if there is any.                                           |
 |                                                                    |
 <<<<<<<<<<<<<<<<<<<<<<<<<<<<<<<<<<<<<<<<<<<<<<<<<<<<<<<<<<<<<<<<<<<<<<




                PAO radial cut off (Bohr) = 15

 Read in pseudopotential file is Li_ONCV_PBE-1.0.upf
                     pseudopotential type = NC
          exchange-correlation functional = PBE
                 nonlocal core correction = 0
                        valence electrons = 3
                                     lmax = 1
                           number of zeta = 0
                     number of projectors = 4
                           L of projector = 0
                           L of projector = 0
                           L of projector = 1
                           L of projector = 1
                PAO radial cut off (Bohr) = 15

 Read in pseudopotential file is O_ONCV_PBE-1.0.upf
                     pseudopotential type = NC
          exchange-correlation functional = PBE
                 nonlocal core correction = 0
                        valence electrons = 6
                                     lmax = 1
                           number of zeta = 0
                     number of projectors = 4
                           L of projector = 0
                           L of projector = 0
                           L of projector = 1
                           L of projector = 1
     initial pseudo atomic orbital number = 0
 The readin total magnetization is 4

 SETUP THE ELECTRONS NUMBER
            electron number of element Li = 3
      total electron number of element Li = 3
             electron number of element O = 6
       total electron number of element O = 18
            AUTOSET number of electrons:  = 21
                           occupied bands = 11
                                   NLOCAL = 46
                                   NBANDS = 25
                                   NBANDS = 25
                                   NLOCAL = 46

%%%%%%%%%%%%%%%%%%%%%%%%%%%%%%%%%%%%%%%%%%%%%%%%%%%%%%%%%%%%%%%%%%%%%%%%%%%%%%%%%%%%%%%%%%%%%%%%%%%%%%%%%%
 Warning: the number of valence electrons in pseudopotential > 1 for Li: [He] 2s1
 Pseudopotentials with additional electrons can yield (more) accurate outcomes, but may be less efficient.
 If you're confident that your chosen pseudopotential is appropriate, you can safely ignore this warning.
%%%%%%%%%%%%%%%%%%%%%%%%%%%%%%%%%%%%%%%%%%%%%%%%%%%%%%%%%%%%%%%%%%%%%%%%%%%%%%%%%%%%%%%%%%%%%%%%%%%%%%%%%%
                  




 >>>>>>>>>>>>>>>>>>>>>>>>>>>>>>>>>>>>>>>>>>>>>>>>>>>>>>>>>>>>>>>>>>>>>>
 |                                                                    |
 | Setup plane waves of charge/potential:                             |
 | Use the energy cutoff and the lattice vectors to generate the      |
 | dimensions of FFT grid. The number of FFT grid on each processor   |
 | is 'nrxx'. The number of plane wave basis in reciprocal space is   |
 | different for charege/potential and wave functions. We also set    |
 | the 'sticks' for the parallel of FFT. The number of plane waves    |
 | is 'npw' in each processor.                                        |
 <<<<<<<<<<<<<<<<<<<<<<<<<<<<<<<<<<<<<<<<<<<<<<<<<<<<<<<<<<<<<<<<<<<<<<





 SETUP THE PLANE WAVE BASIS
 energy cutoff for charge/potential (unit:Ry) = 400
            fft grid for charge/potential = [ 20, 20, 20 ]
                        fft grid division = [ 2, 2, 2 ]
        big fft grid for charge/potential = [ 10, 10, 10 ]
                                     nbxx = 100
                                     nrxx = 800

 SETUP PLANE WAVES FOR CHARGE/POTENTIAL
                    number of plane waves = 3911
                         number of sticks = 293

 PARALLEL PW FOR CHARGE/POTENTIAL
     PROC   COLUMNS(POT)             PW
        1             18            244
        2             18            244
        3             18            244
        4             18            244
        5             18            244
        6             18            244
        7             18            244
        8             19            247
        9             19            247
       10             19            247
       11             19            247
       12             19            247
       13             18            242
       14             18            242
       15             18            242
       16             18            242
 --------------- sum -------------------
       16            293           3911
                            number of |g| = 57
                                  max |g| = 9.85158
                                  min |g| = 0.209608
 DONE : SETUP UNITCELL Time : 0.812946 (SEC)


----------- Double Check Mixing Parameters Begin ------------
mixing_type: broyden
mixing_beta: 0.4
mixing_gg0: 1
mixing_gg0_min: 0.1
mixing_beta_mag: 1.6
mixing_gg0_mag: 0
mixing_ndim: 8
----------- Double Check Mixing Parameters End ------------




 >>>>>>>>>>>>>>>>>>>>>>>>>>>>>>>>>>>>>>>>>>>>>>>>>>>>>>>>>>>>>>>>>>>>>>
 |                                                                    |
 | Doing symmetry analysis:                                           |
 | We calculate the norm of 3 vectors and the angles between them,    |
 | the type of Bravais lattice is given. We can judge if the unticell |
 | is a primitive cell. Finally we give the point group operation for |
 | this unitcell. We use the point group operations to do symmetry |
 | analysis on given k-point mesh and the charge density.             |
 |                                                                    |
 <<<<<<<<<<<<<<<<<<<<<<<<<<<<<<<<<<<<<<<<<<<<<<<<<<<<<<<<<<<<<<<<<<<<<<




 LATTICE VECTORS: (CARTESIAN COORDINATE: IN UNIT OF A0)
             +3.08895                  +0                  +0
                   -0            +3.08895                  +0
                   +0                  +0            +3.08895
                       right hand lattice = 1
                                   NORM_A = 3.08895
                                   NORM_B = 3.08895
                                   NORM_C = 3.08895
                           ALPHA (DEGREE) = 90
                           BETA  (DEGREE) = 90
                           GAMMA (DEGREE) = 90

 The lattice vectors have been changed (STRU_SIMPLE.cif)

(for optimal symmetric configuration:)
                             BRAVAIS TYPE = 1
                     BRAVAIS LATTICE NAME = 01. Cubic P (simple)
                                    ibrav = 1
                                    IBRAV = 1
                                  BRAVAIS = SIMPLE CUBIC
                       LATTICE CONSTANT A = 3.08895
Original cell was already a primitive cell.
                        ROTATION MATRICES = 48
              PURE POINT GROUP OPERATIONS = 48
                   SPACE GROUP OPERATIONS = 48
                              POINT GROUP = O_h
               POINT GROUP IN SPACE GROUP = O_h
 DONE : SYMMETRY Time : 0.844274 (SEC)





 >>>>>>>>>>>>>>>>>>>>>>>>>>>>>>>>>>>>>>>>>>>>>>>>>>>>>>>>>>>>>>>>>>>>>>
 |                                                                    |
 | Setup K-points                                                     |
 | We setup the k-points according to input parameters.               |
 | The reduced k-points are set according to symmetry operations.     |
 | We treat the spin as another set of k-points.                      |
 |                                                                    |
 <<<<<<<<<<<<<<<<<<<<<<<<<<<<<<<<<<<<<<<<<<<<<<<<<<<<<<<<<<<<<<<<<<<<<<





 SETUP K-POINTS
                                    nspin = 2
                   Input type of k points = Monkhorst-Pack(Gamma)
                                   nkstot = 27
                       right hand lattice = 1
(for reciprocal lattice: )
                             BRAVAIS TYPE = 1
                     BRAVAIS LATTICE NAME = 01. Cubic P (simple)
                                    ibrav = 1
                       right hand lattice = 1
(for k-lattice: )
                             BRAVAIS TYPE = 1
                     BRAVAIS LATTICE NAME = 01. Cubic P (simple)
                                    ibrav = 1
                       right hand lattice = 1
                        ROTATION MATRICES = 48
                               nkstot_ibz = 4
K-POINTS REDUCTION ACCORDING TO SYMMETRY
     IBZ    DIRECT_X    DIRECT_Y    DIRECT_Z  WEIGHT  ibz2bz
       1  0.00000000  0.00000000  0.00000000  0.0370       0
       2  0.33333333  0.00000000  0.00000000  0.2222       1
       3  0.33333333  0.33333333  0.00000000  0.4444       4
       4  0.33333333  0.33333333  0.33333333  0.2963      13

                               nkstot now = 4
K-POINTS DIRECT COORDINATES
 KPOINTS    DIRECT_X    DIRECT_Y    DIRECT_Z  WEIGHT
       1  0.00000000  0.00000000  0.00000000  0.0370
       2  0.33333333  0.00000000  0.00000000  0.2222
       3  0.33333333  0.33333333  0.00000000  0.4444
       4  0.33333333  0.33333333  0.33333333  0.2963


           k-point number in this process = 4
       minimum distributed K point number = 4
                             nks(nspin=2) = 8
                          nkstot(nspin=2) = 8

K-POINTS CARTESIAN COORDINATES
 KPOINTS CARTESIAN_X CARTESIAN_Y CARTESIAN_Z  WEIGHT
       1  0.00000000  0.00000000  0.00000000  0.0370
       2  0.10791153  0.00000000  0.00000000  0.2222
       3  0.10791153  0.10791153  0.00000000  0.4444
       4  0.10791153  0.10791153  0.10791153  0.2963
       5  0.00000000  0.00000000  0.00000000  0.0370
       6  0.10791153  0.00000000  0.00000000  0.2222
       7  0.10791153  0.10791153  0.00000000  0.4444
       8  0.10791153  0.10791153  0.10791153  0.2963


K-POINTS DIRECT COORDINATES
 KPOINTS    DIRECT_X    DIRECT_Y    DIRECT_Z  WEIGHT
       1  0.00000000  0.00000000  0.00000000  0.0370
       2  0.33333333  0.00000000  0.00000000  0.2222
       3  0.33333333  0.33333333  0.00000000  0.4444
       4  0.33333333  0.33333333  0.33333333  0.2963
       5  0.00000000  0.00000000  0.00000000  0.0370
       6  0.33333333  0.00000000  0.00000000  0.2222
       7  0.33333333  0.33333333  0.00000000  0.4444
       8  0.33333333  0.33333333  0.33333333  0.2963

 DONE : INIT K-POINTS Time : 0.951788 (SEC)





 >>>>>>>>>>>>>>>>>>>>>>>>>>>>>>>>>>>>>>>>>>>>>>>>>>>>>>>>>>>>>>>>>>>>>>
 |                                                                    |
 | Setup plane waves of wave functions:                               |
 | Use the energy cutoff and the lattice vectors to generate the      |
 | dimensions of FFT grid. The number of FFT grid on each processor   |
 | is 'nrxx'. The number of plane wave basis in reciprocal space is   |
 | different for charege/potential and wave functions. We also set    |
 | the 'sticks' for the parallel of FFT. The number of plane wave of  |
 | each k-point is 'npwk[ik]' in each processor                       |
 <<<<<<<<<<<<<<<<<<<<<<<<<<<<<<<<<<<<<<<<<<<<<<<<<<<<<<<<<<<<<<<<<<<<<<





 SETUP PLANE WAVES FOR WAVE FUNCTIONS
     energy cutoff for wavefunc (unit:Ry) = 100
              fft grid for wave functions = [ 20, 20, 20 ]
                    number of plane waves = 739
                         number of sticks = 97

 PARALLEL PW FOR WAVE FUNCTIONS
     PROC   COLUMNS(POT)             PW
        1              6             46
        2              6             46
        3              6             46
        4              6             46
        5              6             46
        6              6             46
        7              7             49
        8              6             46
        9              6             46
       10              6             46
       11              6             46
       12              6             46
       13              6             46
       14              6             46
       15              6             46
       16              6             46
 --------------- sum -------------------
       16             97            739
 DONE : INIT PLANEWAVE Time : 0.95226 (SEC)

 SET NONLOCAL PSEUDOPOTENTIAL PROJECTORS
 SET NONLOCAL PSEUDOPOTENTIAL PROJECTORS
 max number of nonlocal projetors among all species is 4
 DONE : LOCAL POTENTIAL Time : 1.24186 (SEC)


 -------------------------------------------
 SELF-CONSISTENT
 -------------------------------------------




 >>>>>>>>>>>>>>>>>>>>>>>>>>>>>>>>>>>>>>>>>>>>>>>>>>>>>>>>>>>>>>>>>>>>>>
 |                                                                    |
 | Search adjacent atoms:                                             |
 | Set the adjacent atoms for each atom and set the periodic boundary |
 | condition for the atoms on real space FFT grid. For k-dependent    |
 | algorithm, we also need to set the sparse H and S matrix element   |
 | for each atom.                                                     |
 |                                                                    |
 <<<<<<<<<<<<<<<<<<<<<<<<<<<<<<<<<<<<<<<<<<<<<<<<<<<<<<<<<<<<<<<<<<<<<<





 SETUP SEARCHING RADIUS FOR PROGRAM TO SEARCH ADJACENT ATOMS
                  longest orb rcut (Bohr) = 9
   longest nonlocal projector rcut (Bohr) = 1.78
                     search radius (Bohr) = 21.6
              searching radius is (Bohr)) = 21.6
         searching radius unit is (Bohr)) = 1
                         PeriodicBoundary = 1
                        Radius(unit:lat0) = 21.6
                                   glayer = [ 8, 8, 8 ]
                             glayer_minus = [ 7, 7, 7 ]

Find the coordinate range of the input atom(unit:lat0).
                                  min_tau = [ -21.6, -21.6, -21.6 ]
                                  max_tau = [ 23.2, 23.2, 23.2 ]
                                BoxNumber = [ 15, 15, 15 ]

 SETUP EXTENDED REAL SPACE GRID FOR GRID INTEGRATION
                          real space grid = [ 20, 20, 20 ]
                 big cell numbers in grid = [ 10, 10, 10 ]
             meshcell numbers in big cell = [ 2, 2, 2 ]
                        extended fft grid = [ 30, 30, 30 ]
                dimension of extened grid = [ 71, 71, 71 ]
                            UnitCellTotal = 512
              Atom number in sub-FFT-grid = 4
    Local orbitals number in sub-FFT-grid = 46
                                ParaV.nnr = 106266

 Warning_Memory_Consuming allocated:  Gint::hRGint 7.38 MB

 Warning_Memory_Consuming allocated:  Gint::DMRGint 14.8 MB
                                 init_chg = atomic
 DONE : INIT SCF Time : 2.2814 (SEC)


 LCAO ALGORITHM --------------- ION=   1  ELEC=   1--------------------------------
          total magnetism (Bohr mag/cell) = 1.14378
       absolute magnetism (Bohr mag/cell) = 1.14378
                        nelec for spin up = 11.0719
                      nelec for spin down = 9.92811

 Density error is 0.215008822096
----------------------------------------------------------
     Energy           Rydberg                 eV          
----------------------------------------------------------
 E_KohnSham     -94.6940637322       -1288.3788335324     
 E_Harris       -93.5987167683       -1273.4758735369     
 E_Fermi        5.6830306938         77.3215993450        
----------------------------------------------------------


 LCAO ALGORITHM --------------- ION=   1  ELEC=   2--------------------------------
          total magnetism (Bohr mag/cell) = 0.480903
       absolute magnetism (Bohr mag/cell) = 0.507904
                        nelec for spin up = 10.7405
                      nelec for spin down = 10.2595

 Density error is 0.114441950195
----------------------------------------------------------
     Energy           Rydberg                 eV          
----------------------------------------------------------
 E_KohnSham     -94.6735799057       -1288.1001367753     
 E_Harris       -93.8557523628       -1276.9730222106     
 E_Fermi        5.8032536222         78.9573162008        
----------------------------------------------------------


 LCAO ALGORITHM --------------- ION=   1  ELEC=   3--------------------------------
          total magnetism (Bohr mag/cell) = 0.415394
       absolute magnetism (Bohr mag/cell) = 0.415418
                        nelec for spin up = 10.7077
                      nelec for spin down = 10.2923

 Density error is 0.0648252057621
----------------------------------------------------------
     Energy           Rydberg                 eV          
----------------------------------------------------------
 E_KohnSham     -94.6133246480       -1287.2803219369     
 E_Harris       -94.0886943117       -1280.1423600187     
 E_Fermi        5.8510519943         79.6076464164        
----------------------------------------------------------


 LCAO ALGORITHM --------------- ION=   1  ELEC=   4--------------------------------
          total magnetism (Bohr mag/cell) = 0.202488
       absolute magnetism (Bohr mag/cell) = 0.202662
                        nelec for spin up = 10.6012
                      nelec for spin down = 10.3988

 Density error is 0.00777172217913
----------------------------------------------------------
     Energy           Rydberg                 eV          
----------------------------------------------------------
 E_KohnSham     -94.6249069944       -1287.4379078442     
 E_Harris       -94.6179741210       -1287.3435812627     
 E_Fermi        5.9482407838         80.9299677357        
----------------------------------------------------------


 LCAO ALGORITHM --------------- ION=   1  ELEC=   5--------------------------------
          total magnetism (Bohr mag/cell) = 0.205032
       absolute magnetism (Bohr mag/cell) = 0.205512
                        nelec for spin up = 10.6025
                      nelec for spin down = 10.3975

 Density error is 0.00397392914488
----------------------------------------------------------
     Energy           Rydberg                 eV          
----------------------------------------------------------
 E_KohnSham     -94.6250026681       -1287.4392095512     
 E_Harris       -94.6347441662       -1287.5717494321     
 E_Fermi        5.9509457444         80.9667706131        
----------------------------------------------------------


 LCAO ALGORITHM --------------- ION=   1  ELEC=   6--------------------------------
          total magnetism (Bohr mag/cell) = 0.220823
       absolute magnetism (Bohr mag/cell) = 0.221186
                        nelec for spin up = 10.6104
                      nelec for spin down = 10.3896

 Density error is 0.00134454488692
----------------------------------------------------------
     Energy           Rydberg                 eV          
----------------------------------------------------------
 E_KohnSham     -94.6250047795       -1287.4392382791     
 E_Harris       -94.6311051091       -1287.5222375213     
 E_Fermi        5.9503776687         80.9590415460        
----------------------------------------------------------


 LCAO ALGORITHM --------------- ION=   1  ELEC=   7--------------------------------
          total magnetism (Bohr mag/cell) = 0.238579
       absolute magnetism (Bohr mag/cell) = 0.239002
                        nelec for spin up = 10.6193
                      nelec for spin down = 10.3807

 Density error is 0.000347341320487
----------------------------------------------------------
     Energy           Rydberg                 eV          
----------------------------------------------------------
 E_KohnSham     -94.6250169665       -1287.4394040917     
 E_Harris       -94.6238577325       -1287.4236319037     
 E_Fermi        5.9492448204         80.9436283541        
----------------------------------------------------------


 LCAO ALGORITHM --------------- ION=   1  ELEC=   8--------------------------------
          total magnetism (Bohr mag/cell) = 0.244924
       absolute magnetism (Bohr mag/cell) = 0.245336
                        nelec for spin up = 10.6225
                      nelec for spin down = 10.3775

 Density error is 0.00022624276123
----------------------------------------------------------
     Energy           Rydberg                 eV          
----------------------------------------------------------
 E_KohnSham     -94.6250166102       -1287.4393992431     
 E_Harris       -94.6244339609       -1287.4314718932     
 E_Fermi        5.9493130494         80.9445566579        
----------------------------------------------------------


 LCAO ALGORITHM --------------- ION=   1  ELEC=   9--------------------------------
          total magnetism (Bohr mag/cell) = 0.254766
       absolute magnetism (Bohr mag/cell) = 0.255207
                        nelec for spin up = 10.6274
                      nelec for spin down = 10.3726

 Density error is 9.19994438248e-05
----------------------------------------------------------
     Energy           Rydberg                 eV          
----------------------------------------------------------
 E_KohnSham     -94.6250193063       -1287.4394359250     
 E_Harris       -94.6251316840       -1287.4409649021     
 E_Fermi        5.9493864788         80.9455557160        
----------------------------------------------------------


 LCAO ALGORITHM --------------- ION=   1  ELEC=  10--------------------------------
          total magnetism (Bohr mag/cell) = 0.257992
       absolute magnetism (Bohr mag/cell) = 0.258441
                        nelec for spin up = 10.629
                      nelec for spin down = 10.371

 Density error is 5.20497433811e-05
----------------------------------------------------------
     Energy           Rydberg                 eV          
----------------------------------------------------------
 E_KohnSham     -94.6250194556       -1287.4394379575     
 E_Harris       -94.6250681162       -1287.4401000189     
 E_Fermi        5.9493680345         80.9453047687        
----------------------------------------------------------


 LCAO ALGORITHM --------------- ION=   1  ELEC=  11--------------------------------
          total magnetism (Bohr mag/cell) = 0.260901
       absolute magnetism (Bohr mag/cell) = 0.261357
                        nelec for spin up = 10.6305
                      nelec for spin down = 10.3695

 Density error is 1.19054023291e-05
----------------------------------------------------------
     Energy           Rydberg                 eV          
----------------------------------------------------------
 E_KohnSham     -94.6250196720       -1287.4394409009     
 E_Harris       -94.6250211775       -1287.4394613850     
 E_Fermi        5.9493529537         80.9450995829        
----------------------------------------------------------


 LCAO ALGORITHM --------------- ION=   1  ELEC=  12--------------------------------
          total magnetism (Bohr mag/cell) = 0.26193
       absolute magnetism (Bohr mag/cell) = 0.262389
                        nelec for spin up = 10.631
                      nelec for spin down = 10.369

 Density error is 7.42840500223e-07
----------------------------------------------------------
     Energy           Rydberg                 eV          
----------------------------------------------------------
 E_KohnSham     -94.6250197020       -1287.4394413088     
 E_Harris       -94.6250183603       -1287.4394230541     
 E_Fermi        5.9493495241         80.9450529218        
----------------------------------------------------------


 LCAO ALGORITHM --------------- ION=   1  ELEC=  13--------------------------------
          total magnetism (Bohr mag/cell) = 0.261941
       absolute magnetism (Bohr mag/cell) = 0.2624
                        nelec for spin up = 10.631
                      nelec for spin down = 10.369

 Density error is 4.1106777362e-07
----------------------------------------------------------
     Energy           Rydberg                 eV          
----------------------------------------------------------
 E_KohnSham     -94.6250197028       -1287.4394413204     
 E_Harris       -94.6250187902       -1287.4394289033     
 E_Fermi        5.9493494744         80.9450522457        
----------------------------------------------------------


 LCAO ALGORITHM --------------- ION=   1  ELEC=  14--------------------------------
          total magnetism (Bohr mag/cell) = 0.261941
       absolute magnetism (Bohr mag/cell) = 0.2624
                        nelec for spin up = 10.631
                      nelec for spin down = 10.369

 Density error is 2.2613362993e-07
----------------------------------------------------------
     Energy           Rydberg                 eV          
----------------------------------------------------------
 E_KohnSham     -94.6250197022       -1287.4394413120     
 E_Harris       -94.6250192372       -1287.4394349854     
 E_Fermi        5.9493494890         80.9450524433        
----------------------------------------------------------


 LCAO ALGORITHM --------------- ION=   1  ELEC=  15--------------------------------
          total magnetism (Bohr mag/cell) = 0.26194
       absolute magnetism (Bohr mag/cell) = 0.262399
                        nelec for spin up = 10.631
                      nelec for spin down = 10.369

 Density error is 2.98804754212e-08
----------------------------------------------------------
     Energy           Rydberg                 eV          
----------------------------------------------------------
 E_KohnSham     -94.6250197019       -1287.4394413077     
 E_KS(sigma->0) -94.6231789873       -1287.4143971010     
 E_Harris       -94.6250197731       -1287.4394422766     
 E_band         67.5131801093        918.5639395866       
 E_one_elec     102.5491808226       1395.2531844200      
 E_Hartree      3.5217861873         47.9163592849        
 E_xc           -32.1234448868       -437.0618898488      
 E_Ewald        -168.5688603959      -2293.4970067503     
 E_entropy(-TS) -0.0036814292        -0.0500884135        
 E_descf        0.0000000000         0.0000000000         
 E_exx          0.0000000000         0.0000000000         
 E_Fermi        5.9493495131         80.9450527718        
----------------------------------------------------------


 charge density convergence is achieved
 final etot is -1287.4394413 eV
 EFERMI = 80.945052772 eV

 STATE ENERGY(eV) AND OCCUPATIONS    NSPIN == 2
SPIN UP : 
 1/4 kpoint (Cartesian) = 0.0000 0.0000 0.0000 (30 pws)
       1       -10.5135      0.0370370
       2        20.8830      0.0370370
       3        34.5307      0.0370370
       4        34.5307      0.0370370
       5        34.5307      0.0370370
       6        57.2067      0.0370370
       7        57.2067      0.0370370
       8        70.4900      0.0370370
       9        70.4900      0.0370370
      10        70.4900      0.0370370
      11        83.6479        0.00000
      12        83.6479        0.00000
      13        83.6479        0.00000
      14        85.6952        0.00000
      15        109.452        0.00000
      16        109.452        0.00000
      17        109.452        0.00000
      18        124.540        0.00000
      19        124.540        0.00000
      20        156.933        0.00000
      21        156.933        0.00000
      22        156.933        0.00000
      23        165.980        0.00000
      24        165.980        0.00000
      25        165.980        0.00000

 2/4 kpoint (Cartesian) = 0.10791 0.0000 0.0000 (35 pws)
       1       -7.21758       0.222222
       2        12.6362       0.222222
       3        32.3378       0.222222
       4        39.6385       0.222222
       5        39.6385       0.222222
       6        55.6795       0.222222
       7        58.4554       0.222222
       8        58.4554       0.222222
       9        62.2621       0.222222
      10        70.8150       0.222222
      11        80.8134       0.167340
      12        80.8134       0.167340
      13        83.8117        0.00000
      14        99.9288        0.00000
      15        115.791        0.00000
      16        119.218        0.00000
      17        119.218        0.00000
      18        122.859        0.00000
      19        135.210        0.00000
      20        142.051        0.00000
      21        148.234        0.00000
      22        152.729        0.00000
      23        152.729        0.00000
      24        177.344        0.00000
      25        188.026        0.00000

 3/4 kpoint (Cartesian) = 0.10791 0.10791 0.0000 (37 pws)
       1       -4.29369       0.444444
       2        14.1512       0.444444
       3        25.1056       0.444444
       4        32.7106       0.444444
       5        42.4228       0.444444
       6        44.9016       0.444444
       7        59.4907       0.444444
       8        66.6112       0.444444
       9        69.4279       0.444444
      10        72.4150       0.444444
      11        77.1244       0.444444
      12        80.1467       0.444437
      13        87.6294        0.00000
      14        97.9687        0.00000
      15        102.831        0.00000
      16        121.636        0.00000
      17        123.682        0.00000
      18        136.944        0.00000
      19        145.082        0.00000
      20        145.290        0.00000
      21        151.978        0.00000
      22        158.337        0.00000
      23        166.256        0.00000
      24        177.708        0.00000
      25        182.731        0.00000

 4/4 kpoint (Cartesian) = 0.10791 0.10791 0.10791 (36 pws)
       1       -1.59006       0.296296
       2        16.4589       0.296296
       3        29.0057       0.296296
       4        29.0057       0.296296
       5        31.3552       0.296296
       6        44.9592       0.296296
       7        44.9592       0.296296
       8        54.8005       0.296296
       9        82.5822        0.00000
      10        82.5822        0.00000
      11        83.2898        0.00000
      12        87.9921        0.00000
      13        87.9921        0.00000
      14        96.3338        0.00000
      15        117.549        0.00000
      16        130.002        0.00000
      17        130.002        0.00000
      18        140.219        0.00000
      19        140.219        0.00000
      20        157.420        0.00000
      21        160.920        0.00000
      22        160.920        0.00000
      23        163.381        0.00000
      24        171.066        0.00000
      25        173.418        0.00000

SPIN DOWN : 
 1/4 kpoint (Cartesian) = 0.0000 0.0000 0.0000 (30 pws)
       1       -10.4391      0.0370370
       2        20.9931      0.0370370
       3        34.7193      0.0370370
       4        34.7193      0.0370370
       5        34.7193      0.0370370
       6        57.3798      0.0370370
       7        57.3798      0.0370370
       8        70.7329      0.0370370
       9        70.7329      0.0370370
      10        70.7329      0.0370370
      11        83.9980        0.00000
      12        83.9980        0.00000
      13        83.9980        0.00000
      14        85.7836        0.00000
      15        109.550        0.00000
      16        109.550        0.00000
      17        109.550        0.00000
      18        124.735        0.00000
      19        124.735        0.00000
      20        157.072        0.00000
      21        157.072        0.00000
      22        157.072        0.00000
      23        166.131        0.00000
      24        166.131        0.00000
      25        166.131        0.00000

 2/4 kpoint (Cartesian) = 0.10791 0.0000 0.0000 (35 pws)
       1       -7.15845       0.222222
       2        12.7929       0.222222
       3        32.4731       0.222222
       4        39.8402       0.222222
       5        39.8402       0.222222
       6        55.8438       0.222222
       7        58.6510       0.222222
       8        58.6510       0.222222
       9        62.4564       0.222222
      10        71.0696       0.222222
      11        81.1289      0.0377131
      12        81.1289      0.0377131
      13        84.0681        0.00000
      14        100.150        0.00000
      15        115.894        0.00000
      16        119.364        0.00000
      17        119.364        0.00000
      18        123.055        0.00000
      19        135.395        0.00000
      20        142.172        0.00000
      21        148.366        0.00000
      22        152.900        0.00000
      23        152.900        0.00000
      24        177.508        0.00000
      25        188.136        0.00000

 3/4 kpoint (Cartesian) = 0.10791 0.10791 0.0000 (37 pws)
       1       -4.24963       0.444444
       2        14.3237       0.444444
       3        25.2608       0.444444
       4        32.8778       0.444444
       5        42.5645       0.444444
       6        45.1128       0.444444
       7        59.6910       0.444444
       8        66.8601       0.444444
       9        69.6674       0.444444
      10        72.6469       0.444444
      11        77.3821       0.444444
      12        80.4623       0.441753
      13        87.9288        0.00000
      14        98.0650        0.00000
      15        102.994        0.00000
      16        121.845        0.00000
      17        123.792        0.00000
      18        137.088        0.00000
      19        145.242        0.00000
      20        145.507        0.00000
      21        152.128        0.00000
      22        158.524        0.00000
      23        166.439        0.00000
      24        177.873        0.00000
      25        182.892        0.00000

 4/4 kpoint (Cartesian) = 0.10791 0.10791 0.10791 (36 pws)
       1       -1.55896       0.296296
       2        16.6450       0.296296
       3        29.1530       0.296296
       4        29.1530       0.296296
       5        31.5136       0.296296
       6        45.1513       0.296296
       7        45.1513       0.296296
       8        55.0084       0.296296
       9        82.9143        0.00000
      10        82.9143        0.00000
      11        83.5519        0.00000
      12        88.3116        0.00000
      13        88.3116        0.00000
      14        96.4144        0.00000
      15        117.681        0.00000
      16        130.158        0.00000
      17        130.158        0.00000
      18        140.358        0.00000
      19        140.358        0.00000
      20        157.616        0.00000
      21        161.101        0.00000
      22        161.101        0.00000
      23        163.527        0.00000
      24        171.247        0.00000
      25        173.624        0.00000



 --------------------------------------------
 !FINAL_ETOT_IS -1287.439441307718 eV
 --------------------------------------------


TIME STATISTICS
----------------------------------------------------------------------------------
   CLASS_NAME                   NAME                TIME/s  CALLS   AVG/s  PER/%  
----------------------------------------------------------------------------------
                 total                              192.03 13       14.77  100.00 
 Driver          reading                            0.41   1        0.41   0.21   
 Input_Conv      Convert                            0.00   1        0.00   0.00   
 Driver          driver_line                        191.62 1        191.62 99.79  
 UnitCell        check_tau                          0.00   1        0.00   0.00   
 ESolver_KS_LCAO before_all_runners                 0.75   1        0.75   0.39   
 PW_Basis_Sup    setuptransform                     0.27   1        0.27   0.14   
 PW_Basis_Sup    distributeg                        0.00   1        0.00   0.00   
 mymath          heapsort                           0.00   298      0.00   0.00   
 Charge_Mixing   init_mixing                        0.00   1        0.00   0.00   
 Symmetry        analy_sys                          0.03   1        0.03   0.02   
 PW_Basis_K      setuptransform                     0.00   1        0.00   0.00   
 PW_Basis_K      distributeg                        0.00   1        0.00   0.00   
 PW_Basis        setup_struc_factor                 0.07   1        0.07   0.04   
 NOrbital_Lm     extra_uniform                      0.01   10       0.00   0.00   
 Mathzone_Add1   SplineD2                           0.00   10       0.00   0.00   
 Mathzone_Add1   Cubic_Spline_Interpolation         0.00   10       0.00   0.00   
 ppcell_vl       init_vloc                          0.01   1        0.01   0.00   
 Ions            opt_ions                           190.78 1        190.78 99.35  
 ESolver_KS_LCAO runner                             190.78 1        190.78 99.35  
 ESolver_KS_LCAO before_scf                         1.04   1        1.04   0.54   
 atom_arrange    search                             0.00   1        0.00   0.00   
 atom_arrange    grid_d.init                        0.00   1        0.00   0.00   
 Grid            Construct_Adjacent_expand          0.00   1        0.00   0.00   
 Grid            Construct_Adjacent_expand_periodic 0.00   4        0.00   0.00   
 Grid_Technique  init                               0.09   1        0.09   0.05   
 Grid_BigCell    grid_expansion_index               0.01   2        0.00   0.00   
 Grid_Driver     Find_atom                          0.00   28       0.00   0.00   
 Record_adj      for_2d                             0.57   1        0.57   0.30   
 LCAO_domain     grid_prepare                       0.00   1        0.00   0.00   
 Veff            initialize_HR                      0.00   1        0.00   0.00   
 OverlapNew      initialize_SR                      0.00   1        0.00   0.00   
 EkineticNew     initialize_HR                      0.03   1        0.03   0.02   
 NonlocalNew     initialize_HR                      0.31   1        0.31   0.16   
 Charge          set_rho_core                       0.00   1        0.00   0.00   
 Charge          atomic_rho                         0.01   2        0.00   0.00   
 PW_Basis_Sup    recip2real                         0.01   209      0.00   0.01   
 PW_Basis_Sup    gathers_scatterp                   0.01   209      0.00   0.00   
 Potential       init_pot                           0.01   1        0.01   0.00   
 Potential       update_from_charge                 0.05   16       0.00   0.03   
 Potential       cal_fixed_v                        0.00   1        0.00   0.00   
 PotLocal        cal_fixed_v                        0.00   1        0.00   0.00   
 Potential       cal_v_eff                          0.05   16       0.00   0.03   
 H_Hartree_pw    v_hartree                          0.01   16       0.00   0.00   
 PW_Basis_Sup    real2recip                         0.02   224      0.00   0.01   
 PW_Basis_Sup    gatherp_scatters                   0.01   224      0.00   0.01   
 PotXC           cal_v_eff                          0.04   16       0.00   0.02   
 XC_Functional   v_xc                               0.04   16       0.00   0.02   
 Potential       interpolate_vrs                    0.00   16       0.00   0.00   
 Symmetry        rhog_symmetry                      0.01   32       0.00   0.01   
 Symmetry        group fft grids                    0.00   32       0.00   0.00   
 H_Ewald_pw      compute_ewald                      0.00   1        0.00   0.00   
 HSolverLCAO     solve                              189.15 15       12.61  98.50  
 HamiltLCAO      updateHk                           107.33 120      0.89   55.89  
 OperatorLCAO    init                               107.27 360      0.30   55.86  
 Veff            contributeHR                       106.55 30       3.55   55.49  
 Gint_interface  cal_gint                           168.34 45       3.74   87.66  
 Gint_interface  cal_gint_vlocal                    101.17 30       3.37   52.68  
 Gint_Tools      cal_psir_ylm                       3.19   4500     0.00   1.66   
 Gint_k          transfer_pvpR                      5.39   30       0.18   2.80   
 OverlapNew      calculate_SR                       0.03   1        0.03   0.01   
 OverlapNew      contributeHk                       0.03   120      0.00   0.02   
 EkineticNew     contributeHR                       0.03   30       0.00   0.02   
 EkineticNew     calculate_HR                       0.03   1        0.03   0.02   
 NonlocalNew     contributeHR                       0.63   30       0.02   0.33   
 NonlocalNew     calculate_HR                       0.46   1        0.46   0.24   
 OperatorLCAO    contributeHk                       0.05   120      0.00   0.02   
 HSolverLCAO     hamiltSolvePsiK                    2.15   120      0.02   1.12   
 DiagoElpa       elpa_solve                         0.98   120      0.01   0.51   
 elecstate       cal_dm                             0.02   15       0.00   0.01   
 psiMulPsiMpi    pdgemm                             0.02   120      0.00   0.01   
 DensityMatrix   cal_DMR                            0.27   15       0.02   0.14   
 ElecStateLCAO   psiToRho                           79.37  15       5.29   41.33  
 Gint            transfer_DMR                       1.60   15       0.11   0.83   
 Gint_interface  cal_gint_rho                       67.18  15       4.48   34.98  
 Charge_Mixing   get_drho                           0.00   15       0.00   0.00   
 Charge          mix_rho                            0.06   14       0.00   0.03   
 Charge          Broyden_mixing                     0.05   14       0.00   0.03   
 ModuleIO        write_rhog                         0.01   1        0.01   0.00   
 ESolver_KS_LCAO after_scf                          0.02   1        0.02   0.01   
 ESolver_KS_LCAO after_all_runners                  0.00   1        0.00   0.00   
 ModuleIO        write_istate_info                  0.00   1        0.00   0.00   
----------------------------------------------------------------------------------


 NAME-------------------------|MEMORY(MB)--------
                         total          488.3
                 Gint::DMRGint          147.7
                  Gint::hRGint          73.85
                  meshball_pos          27.49
       TwoCenterTable: Kinetic          26.20
       TwoCenterTable: Overlap          26.20
               GT::ind_bigcell          21.85
      TwoCenterTable: Nonlocal          21.32
            DensityMatrix::DMR          21.19
               GT::index2ucell          17.16
                  meshcell_pos          16.50
              GT::index2normal          13.66
         GT::in_this_processor          13.65
                    index_ball          12.77
             GT::which_bigcell          12.69
            GT::how_many_atoms          8.196
                HamiltLCAO::sR          6.504
                HamiltLCAO::hR          5.845
                GT::which_atom          4.587
      GT::bigcell_on_processor          3.413
                tau_in_bigcell          2.750
                 GT::start_ind          2.052
 -------------   < 1.0 MB has been ignored ----------------
 ----------------------------------------------------------

 Start  Time  : Wed Dec 24 18:22:53 2025
 Finish Time  : Wed Dec 24 18:26:05 2025
 Total  Time  : 0 h 3 mins 12 secs 
