Info: Local MPI proc number: 1,OpenMP thread number: 1,Total thread number: 1,Local thread limit: 64
Info: Local MPI proc number: 1,OpenMP thread number: 1,Total thread number: 1,Local thread limit: 64
Info: Local MPI proc number: 1,OpenMP thread number: 1,Total thread number: 1,Local thread limit: 64
Info: Local MPI proc number: 1,OpenMP thread number: 1,Total thread number: 1,Local thread limit: 64
Info: Local MPI proc number: 1,OpenMP thread number: 1,Total thread number: 1,Local thread limit: 64
Info: Local MPI proc number: 1,OpenMP thread number: 1,Total thread number: 1,Local thread limit: 64
Info: Local MPI proc number: 1,OpenMP thread number: 1,Total thread number: 1,Local thread limit: 64
Info: Local MPI proc number: 1,OpenMP thread number: 1,Total thread number: 1,Local thread limit: 64
Info: Local MPI proc number: 1,OpenMP thread number: 1,Total thread number: 1,Local thread limit: 64
Info: Local MPI proc number: 1,OpenMP thread number: 1,Total thread number: 1,Local thread limit: 64
Info: Local MPI proc number: 1,OpenMP thread number: 1,Total thread number: 1,Local thread limit: 64
Info: Local MPI proc number: 1,OpenMP thread number: 1,Total thread number: 1,Local thread limit: 64
Info: Local MPI proc number: 1,OpenMP thread number: 1,Total thread number: 1,Local thread limit: 64
                                                                                     
                              ABACUS v3.10.0

               Atomic-orbital Based Ab-initio Computation at UStc                    

                     Website: http://abacus.ustc.edu.cn/                             
               Documentation: https://abacus.deepmodeling.com/                       
Info: Local MPI proc number: 1,OpenMP thread number: 1,Total thread number: 1,Local thread limit: 64
Info: Local MPI proc number: 1,OpenMP thread number: 1,Total thread number: 1,Local thread limit: 64
                  Repository: https://github.com/abacusmodeling/abacus-develop       
                              https://github.com/deepmodeling/abacus-develop         
                      Commit: unknown

Info: Local MPI proc number: 1,OpenMP thread number: 1,Total thread number: 1,Local thread limit: 64
 Wed Dec 24 18:26:20 2025
 MAKE THE DIR         : OUT.Band/

%%%%%%%%%%%%%%%%%%%%%%%%%%%%%%%%%%%%%%%%%%%%%%%%%%%%%%%%%%
%%%%%% WARNING  WARNING  WARNING  WARNING  WARNING  %%%%%%
%%%%%%%%%%%%%%%%%%%%%%%%%%%%%%%%%%%%%%%%%%%%%%%%%%%%%%%%%%
!!! WARNING: Some atoms are too close!!!
!!! Please check the nearest-neighbor list in log file.
%%%%%%%%%%%%%%%%%%%%%%%%%%%%%%%%%%%%%%%%%%%%%%%%%%%%%%%%%%
%%%%%% WARNING  WARNING  WARNING  WARNING  WARNING  %%%%%%
%%%%%%%%%%%%%%%%%%%%%%%%%%%%%%%%%%%%%%%%%%%%%%%%%%%%%%%%%%

%%%%%%%%%%%%%%%%%%%%%%%%%%%%%%%%%%%%%%%%%%%%%%%%%%%%%%%%%%
%%%%%% WARNING  WARNING  WARNING  WARNING  WARNING  %%%%%%
%%%%%%%%%%%%%%%%%%%%%%%%%%%%%%%%%%%%%%%%%%%%%%%%%%%%%%%%%%
!!! WARNING: Some atoms are too close!!!
!!! Please check the nearest-neighbor list in log file.
%%%%%%%%%%%%%%%%%%%%%%%%%%%%%%%%%%%%%%%%%%%%%%%%%%%%%%%%%%
%%%%%% WARNING  WARNING  WARNING  WARNING  WARNING  %%%%%%
%%%%%%%%%%%%%%%%%%%%%%%%%%%%%%%%%%%%%%%%%%%%%%%%%%%%%%%%%%

%%%%%%%%%%%%%%%%%%%%%%%%%%%%%%%%%%%%%%%%%%%%%%%%%%%%%%%%%%
%%%%%% WARNING  WARNING  WARNING  WARNING  WARNING  %%%%%%
%%%%%%%%%%%%%%%%%%%%%%%%%%%%%%%%%%%%%%%%%%%%%%%%%%%%%%%%%%
!!! WARNING: Some atoms are too close!!!
!!! Please check the nearest-neighbor list in log file.
%%%%%%%%%%%%%%%%%%%%%%%%%%%%%%%%%%%%%%%%%%%%%%%%%%%%%%%%%%
%%%%%% WARNING  WARNING  WARNING  WARNING  WARNING  %%%%%%
%%%%%%%%%%%%%%%%%%%%%%%%%%%%%%%%%%%%%%%%%%%%%%%%%%%%%%%%%%

 RUNNING WITH DEVICE  : CPU / Intel(R) Xeon(R) Platinum 8358P CPU @ 2.60GHz

%%%%%%%%%%%%%%%%%%%%%%%%%%%%%%%%%%%%%%%%%%%%%%%%%%%%%%%%%%%%%%%%%%%%%%%%%%%%%%%%%%%%%%%%%%%%%%%%%%%%%%%%%
 Warning: the number of valence electrons in pseudopotential > 1 for Li: [He] 2s1
 Pseudopotentials with additional electrons can yield (more) accurate outcomes, but may be less efficient.
 If you're confident that your chosen pseudopotential is appropriate, you can safely ignore this warning.
%%%%%%%%%%%%%%%%%%%%%%%%%%%%%%%%%%%%%%%%%%%%%%%%%%%%%%%%%%%%%%%%%%%%%%%%%%%%%%%%%%%%%%%%%%%%%%%%%%%%%%%%%

 UNIFORM GRID DIM        : 20 * 20 * 20
 UNIFORM GRID DIM(BIG)   : 10 * 10 * 10
 DONE(0.66664    SEC) : SETUP UNITCELL
 DONE(0.675503   SEC) : INIT K-POINTS
 ---------------------------------------------------------
 ---------------------------------------------------------
 SPIN    KPOINTS         PROCESSORS  THREADS     NBASE       
 2       202             16          16          46          
 ---------------------------------------------------------
 Use Systematically Improvable Atomic bases
 ---------------------------------------------------------
 ELEMENT ORBITALS        NBASE       NATOM       XC          
 Li      4s1p-9au        7           1           
 O       2s2p1d-7au      13          3           
 ---------------------------------------------------------
 Initial plane wave basis and FFT box
 ---------------------------------------------------------
 DONE(0.676725   SEC) : INIT PLANEWAVE
 DONE(0.867582   SEC) : LOCAL POTENTIAL
 -------------------------------------------
 NONSELF-CONSISTENT : 
 -------------------------------------------
 START CHARGE      : file
 DONE(2.1015     SEC) : INIT SCF
 ITER      TMAG       AMAG        ETOT/eV          EDIFF/eV         DRHO     TIME/s
 GE1      2.62e-01   2.62e-01  -1.29075514e+03   0.00000000e+00   0.0000e+00   9.25
TIME STATISTICS
----------------------------------------------------------------------------------
   CLASS_NAME                   NAME                TIME/s  CALLS   AVG/s  PER/%  
----------------------------------------------------------------------------------
                 total                              11.46  11       1.04   100.00 
 Driver          reading                            0.36   1        0.36   3.16   
 Input_Conv      Convert                            0.00   1        0.00   0.01   
 Driver          driver_line                        11.10  1        11.10  96.84  
 UnitCell        check_tau                          0.00   1        0.00   0.00   
 ESolver_KS_LCAO before_all_runners                 0.47   1        0.47   4.12   
 PW_Basis_Sup    setuptransform                     0.24   1        0.24   2.12   
 PW_Basis_Sup    distributeg                        0.00   1        0.00   0.00   
 mymath          heapsort                           0.00   6        0.00   0.00   
 Charge_Mixing   init_mixing                        0.00   1        0.00   0.00   
 PW_Basis_K      setuptransform                     0.00   1        0.00   0.01   
 PW_Basis_K      distributeg                        0.00   1        0.00   0.00   
 PW_Basis        setup_struc_factor                 0.05   1        0.05   0.47   
 NOrbital_Lm     extra_uniform                      0.00   10       0.00   0.04   
 Mathzone_Add1   SplineD2                           0.00   10       0.00   0.00   
 Mathzone_Add1   Cubic_Spline_Interpolation         0.00   10       0.00   0.02   
 ppcell_vl       init_vloc                          0.00   1        0.00   0.01   
 Ions            opt_ions                           10.50  1        10.50  91.62  
 ESolver_KS_LCAO runner                             10.50  1        10.50  91.62  
 ESolver_KS_LCAO before_scf                         1.23   1        1.23   10.77  
 atom_arrange    search                             0.00   1        0.00   0.01   
 atom_arrange    grid_d.init                        0.00   1        0.00   0.01   
 Grid            Construct_Adjacent_expand          0.00   1        0.00   0.00   
 Grid            Construct_Adjacent_expand_periodic 0.00   4        0.00   0.00   
 Grid_Technique  init                               0.09   1        0.09   0.79   
 Grid_BigCell    grid_expansion_index               0.01   2        0.00   0.06   
 Grid_Driver     Find_atom                          0.00   28       0.00   0.02   
 Record_adj      for_2d                             0.59   1        0.59   5.18   
 LCAO_domain     grid_prepare                       0.00   1        0.00   0.00   
 Veff            initialize_HR                      0.00   1        0.00   0.03   
 OverlapNew      initialize_SR                      0.00   1        0.00   0.03   
 EkineticNew     initialize_HR                      0.03   1        0.03   0.25   
 NonlocalNew     initialize_HR                      0.31   1        0.31   2.71   
 Charge          set_rho_core                       0.00   1        0.00   0.00   
 ModuleIO        read_rhog                          0.00   1        0.00   0.00   
 Potential       init_pot                           0.07   1        0.07   0.64   
 Potential       update_from_charge                 0.07   2        0.04   0.65   
 Potential       cal_fixed_v                        0.01   1        0.01   0.09   
 PotLocal        cal_fixed_v                        0.01   1        0.01   0.09   
 PW_Basis_Sup    recip2real                         0.01   21       0.00   0.10   
 PW_Basis_Sup    gathers_scatterp                   0.00   21       0.00   0.04   
 Potential       cal_v_eff                          0.06   2        0.03   0.56   
 H_Hartree_pw    v_hartree                          0.01   2        0.01   0.12   
 PW_Basis_Sup    real2recip                         0.00   22       0.00   0.03   
 PW_Basis_Sup    gatherp_scatters                   0.00   22       0.00   0.01   
 PotXC           cal_v_eff                          0.05   2        0.03   0.44   
 XC_Functional   v_xc                               0.05   2        0.03   0.44   
 Potential       interpolate_vrs                    0.00   2        0.00   0.00   
 H_Ewald_pw      compute_ewald                      0.00   1        0.00   0.01   
 HSolverLCAO     solve                              9.20   1        9.20   80.33  
 HamiltLCAO      updateHk                           7.82   202      0.04   68.28  
 OperatorLCAO    init                               7.74   606      0.01   67.58  
 Veff            contributeHR                       7.15   2        3.58   62.44  
 Gint_interface  cal_gint                           6.79   2        3.39   59.22  
 Gint_interface  cal_gint_vlocal                    6.79   2        3.39   59.22  
 Gint_Tools      cal_psir_ylm                       0.14   200      0.00   1.25   
 Gint_k          transfer_pvpR                      0.37   2        0.18   3.22   
 OverlapNew      calculate_SR                       0.03   1        0.03   0.25   
 OverlapNew      contributeHk                       0.05   202      0.00   0.45   
 EkineticNew     contributeHR                       0.03   2        0.02   0.28   
 EkineticNew     calculate_HR                       0.03   1        0.03   0.28   
 NonlocalNew     contributeHR                       0.47   2        0.24   4.13   
 NonlocalNew     calculate_HR                       0.46   1        0.46   4.03   
 OperatorLCAO    contributeHk                       0.08   202      0.00   0.72   
 HSolverLCAO     hamiltSolvePsiK                    1.20   202      0.01   10.48  
 DiagoElpa       elpa_solve                         0.70   202      0.00   6.07   
 elecstate       cal_dm                             0.02   1        0.02   0.18   
 psiMulPsiMpi    pdgemm                             0.02   202      0.00   0.18   
 DensityMatrix   cal_DMR                            0.16   1        0.16   1.37   
 Charge_Mixing   get_drho                           0.00   1        0.00   0.00   
 ModuleIO        write_rhog                         0.01   1        0.01   0.06   
 ESolver_KS_LCAO after_scf                          0.01   1        0.01   0.08   
 Charge          atomic_rho                         0.00   1        0.00   0.01   
 ESolver_KS_LCAO after_all_runners                  0.09   1        0.09   0.75   
 ModuleIO        nscf_band                          0.09   2        0.04   0.75   
----------------------------------------------------------------------------------


 START  Time  : Wed Dec 24 18:26:20 2025
 FINISH Time  : Wed Dec 24 18:26:31 2025
 TOTAL  Time  : 11
 SEE INFORMATION IN : OUT.Band/
[WARNING] yaksa: 2 leaked handle pool objects
[WARNING] yaksa: 2 leaked handle pool objects
[WARNING] yaksa: 2 leaked handle pool objects
[WARNING] yaksa: 2 leaked handle pool objects
[WARNING] yaksa: 2 leaked handle pool objects
[WARNING] yaksa: 2 leaked handle pool objects
[WARNING] yaksa: 2 leaked handle pool objects
[WARNING] yaksa: 2 leaked handle pool objects
[WARNING] yaksa: 2 leaked handle pool objects
[WARNING] yaksa: 2 leaked handle pool objects
[WARNING] yaksa: 2 leaked handle pool objects
[WARNING] yaksa: 2 leaked handle pool objects
[WARNING] yaksa: 2 leaked handle pool objects
[WARNING] yaksa: 2 leaked handle pool objects
[WARNING] yaksa: 2 leaked handle pool objects
[WARNING] yaksa: 2 leaked handle pool objects
